<?xml version="1.0" encoding="UTF-8"?>
<testsuites name="SignUp with packages" time="228.411" tests="5" failures="1" errors="0">
   <testsuite name="SignUp with packages" tests="5" failures="1" errors="0" time="228.411" skipped="0" timestamp="2022-03-11 11:03:59" hostname="AdRoot_PC2 - GorsPC" id="Test Suites/Suits/SignUp with packages">
      <properties>
         <property name="deviceName" value=""/>
         <property name="devicePlatform" value=""/>
         <property name="logFolder" value="C:\\Users\\AdRoot_PC2\\git\\KatalonAutomation\\Reports\\20220311_110347\\Suits\\SignUp with packages\\20220311_110348"/>
         <property name="logFiles" value="C:\\Users\\AdRoot_PC2\\git\\KatalonAutomation\\Reports\\20220311_110347\\Suits\\SignUp with packages\\20220311_110348\\execution0.log"/>
         <property name="attachments" value="C:\\Users\\AdRoot_PC2\\git\\KatalonAutomation\\Reports\\20220311_110347\\Suits\\SignUp with packages\\20220311_110348\\1646982423210.png"/>
         <property name="hostName" value="AdRoot_PC2 - GorsPC"/>
         <property name="os" value="Windows 10 64bit"/>
         <property name="katalonVersion" value="8.2.5.208"/>
         <property name="browser" value="Chrome 99.0.4844.51"/>
         <property name="hostAddress" value="192.168.0.106"/>
         <property name="sessionId" value="85e7c8e3d0931a4765c51aabfcfcc75c"/>
         <property name="seleniumVersion" value="3.141.59"/>
         <property name="proxyInformation" value="ProxyInformation { proxyOption=NO_PROXY, proxyServerType=HTTP, username=, password=********, proxyServerAddress=, proxyServerPort=0, executionList=&quot;&quot;, isApplyToDesiredCapabilities=true }"/>
         <property name="platform" value="Windows 10"/>
      </properties>
      <testcase name="Test Cases/SignUp/Sign-up with email/Sig-up email-free-from landing" time="50.26" classname="Test Cases/SignUp/Sign-up with email/Sig-up email-free-from landing" status="PASSED">
         <system-out><![CDATA[2022-03-11 11:03:59 - [TEST_CASE][PASSED] - Test Cases/SignUp/Sign-up with email/Sig-up email-free-from landing: Test Cases/SignUp/Sign-up with email/Sig-up email-free-from landing

2022-03-11 11:04:00 - [TEST_STEP][PASSED] - openBrowser(""): Browser is opened with url: ''

2022-03-11 11:04:00 - [MESSAGE][INFO] - Starting 'Chrome' driver

2022-03-11 11:04:00 - [MESSAGE][INFO] - Action delay is set to 0 milliseconds

2022-03-11 11:04:03 - [MESSAGE][PASSED] - Browser is opened with url: ''

2022-03-11 11:04:03 - [TEST_STEP][PASSED] - setViewPortSize(1700, 900): Viewport is set to new size with width = 1700 and height = 900

2022-03-11 11:04:03 - [MESSAGE][PASSED] - Viewport is set to new size with width = 1700 and height = 900

2022-03-11 11:04:03 - [TEST_STEP][PASSED] - navigateToUrl("http://adroot.io/"): Navigate to 'http://adroot.io/' successfully

2022-03-11 11:04:09 - [MESSAGE][PASSED] - Navigate to 'http://adroot.io/' successfully

2022-03-11 11:04:09 - [TEST_STEP][PASSED] - click(findTestObject("Object Repository/Choose packages/Page_AdRoot Ad Manager - One Place To Manag_7de57e/button_AGREE")): Object: 'Object Repository/Choose packages/Page_AdRoot Ad Manager - One Place To Manag_7de57e/button_AGREE' is clicked on

2022-03-11 11:04:13 - [MESSAGE][PASSED] - Object: 'Object Repository/Choose packages/Page_AdRoot Ad Manager - One Place To Manag_7de57e/button_AGREE' is clicked on

2022-03-11 11:04:13 - [TEST_STEP][PASSED] - click(findTestObject("Object Repository/Choose packages/Page_AdRoot Ad Manager - One Place To Manag_7de57e/a_Pricing")): Object: 'Object Repository/Choose packages/Page_AdRoot Ad Manager - One Place To Manag_7de57e/a_Pricing' is clicked on

2022-03-11 11:04:14 - [MESSAGE][PASSED] - Object: 'Object Repository/Choose packages/Page_AdRoot Ad Manager - One Place To Manag_7de57e/a_Pricing' is clicked on

2022-03-11 11:04:14 - [TEST_STEP][PASSED] - click(findTestObject("Object Repository/Choose packages/Page_Pricing - AdRoot Ad Manager/a_Sign Up")): Object: 'Object Repository/Choose packages/Page_Pricing - AdRoot Ad Manager/a_Sign Up' is clicked on

2022-03-11 11:04:19 - [MESSAGE][PASSED] - Object: 'Object Repository/Choose packages/Page_Pricing - AdRoot Ad Manager/a_Sign Up' is clicked on

2022-03-11 11:04:19 - [TEST_STEP][PASSED] - setText(findTestObject("Object Repository/SignUp/Page_AdRoot  Sign up/input_First name_first_name"), "Ruzan"): Text 'Ruzan' is set on object 'Object Repository/SignUp/Page_AdRoot  Sign up/input_First name_first_name'

2022-03-11 11:04:20 - [MESSAGE][PASSED] - Text 'Ruzan' is set on object 'Object Repository/SignUp/Page_AdRoot  Sign up/input_First name_first_name'

2022-03-11 11:04:20 - [TEST_STEP][PASSED] - setText(findTestObject("Object Repository/SignUp/Page_AdRoot  Sign up/input_Last name_last_name"), "Test"): Text 'Test' is set on object 'Object Repository/SignUp/Page_AdRoot  Sign up/input_Last name_last_name'

2022-03-11 11:04:20 - [MESSAGE][PASSED] - Text 'Test' is set on object 'Object Repository/SignUp/Page_AdRoot  Sign up/input_Last name_last_name'

2022-03-11 11:04:20 - [TEST_STEP][PASSED] - setText(findTestObject("Object Repository/SignUp/Page_AdRoot  Sign up/input_E-mail_email"), "runayan@gmail.com"): Text 'runayan@gmail.com' is set on object 'Object Repository/SignUp/Page_AdRoot  Sign up/input_E-mail_email'

2022-03-11 11:04:21 - [MESSAGE][PASSED] - Text 'runayan@gmail.com' is set on object 'Object Repository/SignUp/Page_AdRoot  Sign up/input_E-mail_email'

2022-03-11 11:04:21 - [TEST_STEP][PASSED] - setEncryptedText(findTestObject("Object Repository/SignUp/Page_AdRoot  Sign up/input_Password_password"), "9juLMCYi8sYpY2Mrwe5diw=="): Text ****** has been set on object 'Object Repository/SignUp/Page_AdRoot  Sign up/input_Password_password'

2022-03-11 11:04:22 - [MESSAGE][PASSED] - Text ****** has been set on object 'Object Repository/SignUp/Page_AdRoot  Sign up/input_Password_password'

2022-03-11 11:04:22 - [TEST_STEP][PASSED] - setEncryptedText(findTestObject("Object Repository/SignUp/Page_AdRoot  Sign up/input_Confirm password_confirm"), "9juLMCYi8sYpY2Mrwe5diw=="): Text ****** has been set on object 'Object Repository/SignUp/Page_AdRoot  Sign up/input_Confirm password_confirm'

2022-03-11 11:04:23 - [MESSAGE][PASSED] - Text ****** has been set on object 'Object Repository/SignUp/Page_AdRoot  Sign up/input_Confirm password_confirm'

2022-03-11 11:04:23 - [TEST_STEP][PASSED] - click(findTestObject("Object Repository/SignUp/Page_AdRoot  Sign up/div_Confirm password_checkbox")): Object: 'Object Repository/SignUp/Page_AdRoot  Sign up/div_Confirm password_checkbox' is clicked on

2022-03-11 11:04:23 - [MESSAGE][PASSED] - Object: 'Object Repository/SignUp/Page_AdRoot  Sign up/div_Confirm password_checkbox' is clicked on

2022-03-11 11:04:23 - [TEST_STEP][PASSED] - click(findTestObject("SignUp/SignUp with email/Page_AdRoot  Sign up/button_Sign up")): Object: 'Object Repository/SignUp/SignUp with email/Page_AdRoot  Sign up/button_Sign up' is clicked on

2022-03-11 11:04:24 - [MESSAGE][PASSED] - Object: 'Object Repository/SignUp/SignUp with email/Page_AdRoot  Sign up/button_Sign up' is clicked on

2022-03-11 11:04:24 - [TEST_STEP][PASSED] - Ms = verifyTextPresent("The E-mail address exists.", false): Text 'The E-mail address exists.' is present on page 

2022-03-11 11:04:24 - [MESSAGE][PASSED] - Text 'The E-mail address exists.' is present on page 

2022-03-11 11:04:24 - [TEST_STEP][PASSED] - if (Ms.equals("true")): Keys 'ENTER + ' sent to object: 'Object Repository/SignUp/SignUp with email/Page_AdRoot  Sign up/button_Sign up'

2022-03-11 11:04:24 - [TEST_STEP][PASSED] - RN = <not implemented yet for class: org.codehaus.groovy.ast.expr.EmptyExpression>: null

2022-03-11 11:04:24 - [TEST_STEP][PASSED] - RN = Math.random() * 500: null

2022-03-11 11:04:24 - [TEST_STEP][PASSED] - setText(findTestObject("Object Repository/SignUp/Page_AdRoot  Sign up/input_E-mail_email"), "runayan" + RN + "@gmail.com"): Text 'runayan157@gmail.com' is set on object 'Object Repository/SignUp/Page_AdRoot  Sign up/input_E-mail_email'

2022-03-11 11:04:25 - [MESSAGE][PASSED] - Text 'runayan157@gmail.com' is set on object 'Object Repository/SignUp/Page_AdRoot  Sign up/input_E-mail_email'

2022-03-11 11:04:25 - [TEST_STEP][PASSED] - sendKeys(findTestObject("SignUp/SignUp with email/Page_AdRoot  Sign up/button_Sign up"), Keys.chord(ENTER)): Keys 'ENTER + ' sent to object: 'Object Repository/SignUp/SignUp with email/Page_AdRoot  Sign up/button_Sign up'

2022-03-11 11:04:25 - [MESSAGE][PASSED] - Keys 'ENTER + ' sent to object: 'Object Repository/SignUp/SignUp with email/Page_AdRoot  Sign up/button_Sign up'

2022-03-11 11:04:25 - [TEST_STEP][PASSED] - click(findTestObject("Object Repository/Choose packages/basic package/Page_AdRoot  Dashboard/a_Campaigns")): Object: 'Object Repository/Choose packages/basic package/Page_AdRoot  Dashboard/a_Campaigns' is clicked on

2022-03-11 11:04:28 - [MESSAGE][PASSED] - Object: 'Object Repository/Choose packages/basic package/Page_AdRoot  Dashboard/a_Campaigns' is clicked on

2022-03-11 11:04:28 - [TEST_STEP][PASSED] - click(findTestObject("Object Repository/Choose packages/basic package/Page_AdRoot  Campaigns/div_Create")): Object: 'Object Repository/Choose packages/basic package/Page_AdRoot  Campaigns/div_Create' is clicked on

2022-03-11 11:04:30 - [MESSAGE][PASSED] - Object: 'Object Repository/Choose packages/basic package/Page_AdRoot  Campaigns/div_Create' is clicked on

2022-03-11 11:04:30 - [TEST_STEP][PASSED] - click(findTestObject("Object Repository/Choose packages/basic package/Page_AdRoot  Create Campaign Steps/span_Campaign name")): Object: 'Object Repository/Choose packages/basic package/Page_AdRoot  Create Campaign Steps/span_Campaign name' is clicked on

2022-03-11 11:04:33 - [MESSAGE][PASSED] - Object: 'Object Repository/Choose packages/basic package/Page_AdRoot  Create Campaign Steps/span_Campaign name' is clicked on

2022-03-11 11:04:33 - [TEST_STEP][PASSED] - click(findTestObject("Object Repository/Choose packages/Page_AdRoot  Campaigns/div_Account")): Object: 'Object Repository/Choose packages/Page_AdRoot  Campaigns/div_Account' is clicked on

2022-03-11 11:04:35 - [MESSAGE][PASSED] - Object: 'Object Repository/Choose packages/Page_AdRoot  Campaigns/div_Account' is clicked on

2022-03-11 11:04:35 - [TEST_STEP][PASSED] - click(findTestObject("Object Repository/Choose packages/Page_AdRoot  Campaigns/div_My Account")): Object: 'Object Repository/Choose packages/Page_AdRoot  Campaigns/div_My Account' is clicked on

2022-03-11 11:04:37 - [MESSAGE][PASSED] - Object: 'Object Repository/Choose packages/Page_AdRoot  Campaigns/div_My Account' is clicked on

2022-03-11 11:04:37 - [TEST_STEP][PASSED] - click(findTestObject("Object Repository/Choose packages/Page_AdRoot  Campaigns/div_Account settings")): Object: 'Object Repository/Choose packages/Page_AdRoot  Campaigns/div_Account settings' is clicked on

2022-03-11 11:04:39 - [MESSAGE][PASSED] - Object: 'Object Repository/Choose packages/Page_AdRoot  Campaigns/div_Account settings' is clicked on

2022-03-11 11:04:39 - [TEST_STEP][PASSED] - click(findTestObject("Object Repository/Choose packages/Page_AdRoot  Campaigns/button_Delete my Account")): Object: 'Object Repository/Choose packages/Page_AdRoot  Campaigns/button_Delete my Account' is clicked on

2022-03-11 11:04:41 - [MESSAGE][PASSED] - Object: 'Object Repository/Choose packages/Page_AdRoot  Campaigns/button_Delete my Account' is clicked on

2022-03-11 11:04:41 - [TEST_STEP][PASSED] - click(findTestObject("Object Repository/Choose packages/Page_AdRoot  Dashboard/div_Fill in your password_input-content")): Object: 'Object Repository/Choose packages/Page_AdRoot  Dashboard/div_Fill in your password_input-content' is clicked on

2022-03-11 11:04:43 - [MESSAGE][PASSED] - Object: 'Object Repository/Choose packages/Page_AdRoot  Dashboard/div_Fill in your password_input-content' is clicked on

2022-03-11 11:04:43 - [TEST_STEP][PASSED] - setEncryptedText(findTestObject("Object Repository/Choose packages/Page_AdRoot  Dashboard/input_Fill in your password_custom-input"), "9juLMCYi8sYpY2Mrwe5diw=="): Text ****** has been set on object 'Object Repository/Choose packages/Page_AdRoot  Dashboard/input_Fill in your password_custom-input'

2022-03-11 11:04:45 - [MESSAGE][PASSED] - Text ****** has been set on object 'Object Repository/Choose packages/Page_AdRoot  Dashboard/input_Fill in your password_custom-input'

2022-03-11 11:04:45 - [TEST_STEP][PASSED] - click(findTestObject("Object Repository/Choose packages/Page_AdRoot  Campaigns/button_Deleting Account")): Object: 'Object Repository/Choose packages/Page_AdRoot  Campaigns/button_Deleting Account' is clicked on

2022-03-11 11:04:47 - [MESSAGE][PASSED] - Object: 'Object Repository/Choose packages/Page_AdRoot  Campaigns/button_Deleting Account' is clicked on

2022-03-11 11:04:47 - [TEST_STEP][PASSED] - verifyElementPresent(findTestObject("Object Repository/Choose packages/Page_AdRoot  Login/h2_Login into your account"), 0): Object 'Object Repository/Choose packages/Page_AdRoot  Login/h2_Login into your account' is present

2022-03-11 11:04:47 - [MESSAGE][WARNING] - Timeout '0' is invalid. Using default page load timeout: '30'

2022-03-11 11:04:49 - [MESSAGE][PASSED] - Object 'Object Repository/Choose packages/Page_AdRoot  Login/h2_Login into your account' is present

2022-03-11 11:04:49 - [TEST_STEP][PASSED] - closeBrowser(): Browser is closed

2022-03-11 11:04:50 - [MESSAGE][PASSED] - Browser is closed]]></system-out>
         <system-err><![CDATA[]]></system-err>
      </testcase>
      <testcase name="Test Cases/SignUp/Sign-up with email/SignUp with email and basic" time="58.678" classname="Test Cases/SignUp/Sign-up with email/SignUp with email and basic" status="PASSED">
         <system-out><![CDATA[2022-03-11 11:04:50 - [TEST_CASE][PASSED] - Test Cases/SignUp/Sign-up with email/SignUp with email and basic: Test Cases/SignUp/Sign-up with email/SignUp with email and basic

2022-03-11 11:04:50 - [TEST_STEP][PASSED] - openBrowser(""): Browser is opened with url: ''

2022-03-11 11:04:50 - [MESSAGE][INFO] - Starting 'Chrome' driver

2022-03-11 11:04:50 - [MESSAGE][INFO] - Action delay is set to 0 milliseconds

2022-03-11 11:04:51 - [MESSAGE][PASSED] - Browser is opened with url: ''

2022-03-11 11:04:51 - [TEST_STEP][PASSED] - setViewPortSize(1600, 900): Viewport is set to new size with width = 1600 and height = 900

2022-03-11 11:04:51 - [MESSAGE][PASSED] - Viewport is set to new size with width = 1600 and height = 900

2022-03-11 11:04:51 - [TEST_STEP][PASSED] - navigateToUrl("https://app.adroot.io/auth/signin"): Navigate to 'https://app.adroot.io/auth/signin' successfully

2022-03-11 11:05:01 - [MESSAGE][PASSED] - Navigate to 'https://app.adroot.io/auth/signin' successfully

2022-03-11 11:05:01 - [TEST_STEP][PASSED] - click(findTestObject("Object Repository/SignUp/Page_AdRoot  Login/a_Sign up now")): Object: 'Object Repository/SignUp/Page_AdRoot  Login/a_Sign up now' is clicked on

2022-03-11 11:05:01 - [MESSAGE][PASSED] - Object: 'Object Repository/SignUp/Page_AdRoot  Login/a_Sign up now' is clicked on

2022-03-11 11:05:01 - [TEST_STEP][PASSED] - setText(findTestObject("Object Repository/SignUp/Page_AdRoot  Sign up/input_First name_first_name"), "Ruzan"): Text 'Ruzan' is set on object 'Object Repository/SignUp/Page_AdRoot  Sign up/input_First name_first_name'

2022-03-11 11:05:03 - [MESSAGE][PASSED] - Text 'Ruzan' is set on object 'Object Repository/SignUp/Page_AdRoot  Sign up/input_First name_first_name'

2022-03-11 11:05:03 - [TEST_STEP][PASSED] - setText(findTestObject("Object Repository/SignUp/Page_AdRoot  Sign up/input_Last name_last_name"), "Test"): Text 'Test' is set on object 'Object Repository/SignUp/Page_AdRoot  Sign up/input_Last name_last_name'

2022-03-11 11:05:03 - [MESSAGE][PASSED] - Text 'Test' is set on object 'Object Repository/SignUp/Page_AdRoot  Sign up/input_Last name_last_name'

2022-03-11 11:05:03 - [TEST_STEP][PASSED] - setText(findTestObject("Object Repository/SignUp/Page_AdRoot  Sign up/input_E-mail_email"), "runayan@gmail.com"): Text 'runayan@gmail.com' is set on object 'Object Repository/SignUp/Page_AdRoot  Sign up/input_E-mail_email'

2022-03-11 11:05:04 - [MESSAGE][PASSED] - Text 'runayan@gmail.com' is set on object 'Object Repository/SignUp/Page_AdRoot  Sign up/input_E-mail_email'

2022-03-11 11:05:04 - [TEST_STEP][PASSED] - setEncryptedText(findTestObject("Object Repository/SignUp/Page_AdRoot  Sign up/input_Password_password"), "9juLMCYi8sYpY2Mrwe5diw=="): Text ****** has been set on object 'Object Repository/SignUp/Page_AdRoot  Sign up/input_Password_password'

2022-03-11 11:05:05 - [MESSAGE][PASSED] - Text ****** has been set on object 'Object Repository/SignUp/Page_AdRoot  Sign up/input_Password_password'

2022-03-11 11:05:05 - [TEST_STEP][PASSED] - setEncryptedText(findTestObject("Object Repository/SignUp/Page_AdRoot  Sign up/input_Confirm password_confirm"), "9juLMCYi8sYpY2Mrwe5diw=="): Text ****** has been set on object 'Object Repository/SignUp/Page_AdRoot  Sign up/input_Confirm password_confirm'

2022-03-11 11:05:05 - [MESSAGE][PASSED] - Text ****** has been set on object 'Object Repository/SignUp/Page_AdRoot  Sign up/input_Confirm password_confirm'

2022-03-11 11:05:05 - [TEST_STEP][PASSED] - click(findTestObject("Object Repository/SignUp/Page_AdRoot  Sign up/div_Confirm password_checkbox")): Object: 'Object Repository/SignUp/Page_AdRoot  Sign up/div_Confirm password_checkbox' is clicked on

2022-03-11 11:05:06 - [MESSAGE][PASSED] - Object: 'Object Repository/SignUp/Page_AdRoot  Sign up/div_Confirm password_checkbox' is clicked on

2022-03-11 11:05:06 - [TEST_STEP][PASSED] - click(findTestObject("SignUp/SignUp with email/Page_AdRoot  Sign up/button_Sign up")): Object: 'Object Repository/SignUp/SignUp with email/Page_AdRoot  Sign up/button_Sign up' is clicked on

2022-03-11 11:05:06 - [MESSAGE][PASSED] - Object: 'Object Repository/SignUp/SignUp with email/Page_AdRoot  Sign up/button_Sign up' is clicked on

2022-03-11 11:05:06 - [TEST_STEP][PASSED] - Ms = verifyTextPresent("The E-mail address exists.", false): Text 'The E-mail address exists.' is present on page 

2022-03-11 11:05:07 - [MESSAGE][PASSED] - Text 'The E-mail address exists.' is present on page 

2022-03-11 11:05:07 - [TEST_STEP][PASSED] - if (Ms.equals("true")): Keys 'ENTER + ' sent to object: 'Object Repository/SignUp/SignUp with email/Page_AdRoot  Sign up/button_Sign up'

2022-03-11 11:05:07 - [TEST_STEP][PASSED] - RN = <not implemented yet for class: org.codehaus.groovy.ast.expr.EmptyExpression>: null

2022-03-11 11:05:07 - [TEST_STEP][PASSED] - RN = Math.random() * 500: null

2022-03-11 11:05:07 - [TEST_STEP][PASSED] - setText(findTestObject("Object Repository/SignUp/Page_AdRoot  Sign up/input_E-mail_email"), "runayan" + RN + "@gmail.com"): Text 'runayan63@gmail.com' is set on object 'Object Repository/SignUp/Page_AdRoot  Sign up/input_E-mail_email'

2022-03-11 11:05:07 - [MESSAGE][PASSED] - Text 'runayan63@gmail.com' is set on object 'Object Repository/SignUp/Page_AdRoot  Sign up/input_E-mail_email'

2022-03-11 11:05:07 - [TEST_STEP][PASSED] - sendKeys(findTestObject("SignUp/SignUp with email/Page_AdRoot  Sign up/button_Sign up"), Keys.chord(ENTER)): Keys 'ENTER + ' sent to object: 'Object Repository/SignUp/SignUp with email/Page_AdRoot  Sign up/button_Sign up'

2022-03-11 11:05:08 - [MESSAGE][PASSED] - Keys 'ENTER + ' sent to object: 'Object Repository/SignUp/SignUp with email/Page_AdRoot  Sign up/button_Sign up'

2022-03-11 11:05:08 - [TEST_STEP][PASSED] - click(findTestObject("Object Repository/Choose packages/basic package/Page_AdRoot  Sign up/button_Sign up_1")): Object: 'Object Repository/Choose packages/basic package/Page_AdRoot  Sign up/button_Sign up_1' is clicked on

2022-03-11 11:05:08 - [MESSAGE][PASSED] - Object: 'Object Repository/Choose packages/basic package/Page_AdRoot  Sign up/button_Sign up_1' is clicked on

2022-03-11 11:05:08 - [TEST_STEP][PASSED] - waitForElementPresent(findTestObject("Choose packages/basic package/Page_AdRoot Technologies LLC/input__cardNumber"), 0): Object 'Object Repository/Choose packages/basic package/Page_AdRoot Technologies LLC/input__cardNumber' is present

2022-03-11 11:05:08 - [MESSAGE][WARNING] - Timeout '0' is invalid. Using default page load timeout: '30'

2022-03-11 11:05:24 - [MESSAGE][PASSED] - Object 'Object Repository/Choose packages/basic package/Page_AdRoot Technologies LLC/input__cardNumber' is present

2022-03-11 11:05:24 - [TEST_STEP][PASSED] - setText(findTestObject("Object Repository/Choose packages/basic package/Page_AdRoot Technologies LLC/input__cardNumber"), "5406 6100 0080 8837"): Text '5406 6100 0080 8837' is set on object 'Object Repository/Choose packages/basic package/Page_AdRoot Technologies LLC/input__cardNumber'

2022-03-11 11:05:24 - [MESSAGE][PASSED] - Text '5406 6100 0080 8837' is set on object 'Object Repository/Choose packages/basic package/Page_AdRoot Technologies LLC/input__cardNumber'

2022-03-11 11:05:24 - [TEST_STEP][PASSED] - setText(findTestObject("Object Repository/Choose packages/basic package/Page_AdRoot Technologies LLC/input__cardExpiry"), "12 / 23"): Text '12 / 23' is set on object 'Object Repository/Choose packages/basic package/Page_AdRoot Technologies LLC/input__cardExpiry'

2022-03-11 11:05:26 - [MESSAGE][PASSED] - Text '12 / 23' is set on object 'Object Repository/Choose packages/basic package/Page_AdRoot Technologies LLC/input__cardExpiry'

2022-03-11 11:05:26 - [TEST_STEP][PASSED] - setText(findTestObject("Object Repository/Choose packages/basic package/Page_AdRoot Technologies LLC/input__cardCvc"), "403"): Text '403' is set on object 'Object Repository/Choose packages/basic package/Page_AdRoot Technologies LLC/input__cardCvc'

2022-03-11 11:05:26 - [MESSAGE][PASSED] - Text '403' is set on object 'Object Repository/Choose packages/basic package/Page_AdRoot Technologies LLC/input__cardCvc'

2022-03-11 11:05:26 - [TEST_STEP][PASSED] - setText(findTestObject("Object Repository/Choose packages/basic package/Page_AdRoot Technologies LLC/input__billingName"), "Harutyun Aghayan"): Text 'Harutyun Aghayan' is set on object 'Object Repository/Choose packages/basic package/Page_AdRoot Technologies LLC/input__billingName'

2022-03-11 11:05:27 - [MESSAGE][PASSED] - Text 'Harutyun Aghayan' is set on object 'Object Repository/Choose packages/basic package/Page_AdRoot Technologies LLC/input__billingName'

2022-03-11 11:05:27 - [TEST_STEP][PASSED] - click(findTestObject("Object Repository/Choose packages/basic package/Page_AdRoot Technologies LLC/div__SubmitButton-IconContainer")): Object: 'Object Repository/Choose packages/basic package/Page_AdRoot Technologies LLC/div__SubmitButton-IconContainer' is clicked on

2022-03-11 11:05:28 - [MESSAGE][PASSED] - Object: 'Object Repository/Choose packages/basic package/Page_AdRoot Technologies LLC/div__SubmitButton-IconContainer' is clicked on

2022-03-11 11:05:28 - [TEST_STEP][PASSED] - click(findTestObject("Object Repository/Choose packages/basic package/Page_AdRoot  Dashboard/img_No any notification_non-draggable-image_8aff0b")): Object: 'Object Repository/Choose packages/basic package/Page_AdRoot  Dashboard/img_No any notification_non-draggable-image_8aff0b' is clicked on

2022-03-11 11:05:36 - [MESSAGE][PASSED] - Object: 'Object Repository/Choose packages/basic package/Page_AdRoot  Dashboard/img_No any notification_non-draggable-image_8aff0b' is clicked on

2022-03-11 11:05:36 - [TEST_STEP][PASSED] - click(findTestObject("Object Repository/Choose packages/basic package/Page_AdRoot  Dashboard/div_My Account")): Object: 'Object Repository/Choose packages/basic package/Page_AdRoot  Dashboard/div_My Account' is clicked on

2022-03-11 11:05:37 - [MESSAGE][PASSED] - Object: 'Object Repository/Choose packages/basic package/Page_AdRoot  Dashboard/div_My Account' is clicked on

2022-03-11 11:05:37 - [TEST_STEP][PASSED] - click(findTestObject("Object Repository/Choose packages/basic package/Page_AdRoot  Dashboard/div_Payment")): Object: 'Object Repository/Choose packages/basic package/Page_AdRoot  Dashboard/div_Payment' is clicked on

2022-03-11 11:05:38 - [MESSAGE][PASSED] - Object: 'Object Repository/Choose packages/basic package/Page_AdRoot  Dashboard/div_Payment' is clicked on

2022-03-11 11:05:38 - [TEST_STEP][PASSED] - click(findTestObject("Object Repository/Choose packages/basic package/Page_AdRoot  Dashboard/div_8837")): Object: 'Object Repository/Choose packages/basic package/Page_AdRoot  Dashboard/div_8837' is clicked on

2022-03-11 11:05:40 - [MESSAGE][PASSED] - Object: 'Object Repository/Choose packages/basic package/Page_AdRoot  Dashboard/div_8837' is clicked on

2022-03-11 11:05:40 - [TEST_STEP][PASSED] - click(findTestObject("Object Repository/Choose packages/basic package/Page_AdRoot  Dashboard/div_View More_window-top-close")): Object: 'Object Repository/Choose packages/basic package/Page_AdRoot  Dashboard/div_View More_window-top-close' is clicked on

2022-03-11 11:05:40 - [MESSAGE][PASSED] - Object: 'Object Repository/Choose packages/basic package/Page_AdRoot  Dashboard/div_View More_window-top-close' is clicked on

2022-03-11 11:05:40 - [TEST_STEP][PASSED] - click(findTestObject("Object Repository/Choose packages/basic package/Page_AdRoot  Dashboard/a_Campaigns")): Object: 'Object Repository/Choose packages/basic package/Page_AdRoot  Dashboard/a_Campaigns' is clicked on

2022-03-11 11:05:41 - [MESSAGE][PASSED] - Object: 'Object Repository/Choose packages/basic package/Page_AdRoot  Dashboard/a_Campaigns' is clicked on

2022-03-11 11:05:41 - [TEST_STEP][PASSED] - click(findTestObject("Object Repository/Choose packages/basic package/Page_AdRoot  Campaigns/div_Create")): Object: 'Object Repository/Choose packages/basic package/Page_AdRoot  Campaigns/div_Create' is clicked on

2022-03-11 11:05:42 - [MESSAGE][PASSED] - Object: 'Object Repository/Choose packages/basic package/Page_AdRoot  Campaigns/div_Create' is clicked on

2022-03-11 11:05:42 - [TEST_STEP][PASSED] - click(findTestObject("Object Repository/Choose packages/basic package/Page_AdRoot  Create Campaign Steps/span_Campaign name")): Object: 'Object Repository/Choose packages/basic package/Page_AdRoot  Create Campaign Steps/span_Campaign name' is clicked on

2022-03-11 11:05:42 - [MESSAGE][PASSED] - Object: 'Object Repository/Choose packages/basic package/Page_AdRoot  Create Campaign Steps/span_Campaign name' is clicked on

2022-03-11 11:05:42 - [TEST_STEP][PASSED] - click(findTestObject("Object Repository/Choose packages/Page_AdRoot  Campaigns/div_Account")): Object: 'Object Repository/Choose packages/Page_AdRoot  Campaigns/div_Account' is clicked on

2022-03-11 11:05:43 - [MESSAGE][PASSED] - Object: 'Object Repository/Choose packages/Page_AdRoot  Campaigns/div_Account' is clicked on

2022-03-11 11:05:43 - [TEST_STEP][PASSED] - click(findTestObject("Object Repository/Choose packages/Page_AdRoot  Campaigns/div_My Account")): Object: 'Object Repository/Choose packages/Page_AdRoot  Campaigns/div_My Account' is clicked on

2022-03-11 11:05:43 - [MESSAGE][PASSED] - Object: 'Object Repository/Choose packages/Page_AdRoot  Campaigns/div_My Account' is clicked on

2022-03-11 11:05:43 - [TEST_STEP][PASSED] - click(findTestObject("Object Repository/Choose packages/Page_AdRoot  Campaigns/div_Account settings")): Object: 'Object Repository/Choose packages/Page_AdRoot  Campaigns/div_Account settings' is clicked on

2022-03-11 11:05:44 - [MESSAGE][PASSED] - Object: 'Object Repository/Choose packages/Page_AdRoot  Campaigns/div_Account settings' is clicked on

2022-03-11 11:05:44 - [TEST_STEP][PASSED] - click(findTestObject("Object Repository/Choose packages/Page_AdRoot  Campaigns/button_Delete my Account")): Object: 'Object Repository/Choose packages/Page_AdRoot  Campaigns/button_Delete my Account' is clicked on

2022-03-11 11:05:45 - [MESSAGE][PASSED] - Object: 'Object Repository/Choose packages/Page_AdRoot  Campaigns/button_Delete my Account' is clicked on

2022-03-11 11:05:45 - [TEST_STEP][PASSED] - click(findTestObject("Object Repository/Choose packages/Page_AdRoot  Dashboard/div_Fill in your password_input-content")): Object: 'Object Repository/Choose packages/Page_AdRoot  Dashboard/div_Fill in your password_input-content' is clicked on

2022-03-11 11:05:46 - [MESSAGE][PASSED] - Object: 'Object Repository/Choose packages/Page_AdRoot  Dashboard/div_Fill in your password_input-content' is clicked on

2022-03-11 11:05:46 - [TEST_STEP][PASSED] - setEncryptedText(findTestObject("Object Repository/Choose packages/Page_AdRoot  Dashboard/input_Fill in your password_custom-input"), "9juLMCYi8sYpY2Mrwe5diw=="): Text ****** has been set on object 'Object Repository/Choose packages/Page_AdRoot  Dashboard/input_Fill in your password_custom-input'

2022-03-11 11:05:46 - [MESSAGE][PASSED] - Text ****** has been set on object 'Object Repository/Choose packages/Page_AdRoot  Dashboard/input_Fill in your password_custom-input'

2022-03-11 11:05:46 - [TEST_STEP][PASSED] - click(findTestObject("Object Repository/Choose packages/Page_AdRoot  Campaigns/button_Deleting Account")): Object: 'Object Repository/Choose packages/Page_AdRoot  Campaigns/button_Deleting Account' is clicked on

2022-03-11 11:05:46 - [MESSAGE][PASSED] - Object: 'Object Repository/Choose packages/Page_AdRoot  Campaigns/button_Deleting Account' is clicked on

2022-03-11 11:05:46 - [TEST_STEP][PASSED] - verifyElementPresent(findTestObject("Object Repository/Choose packages/Page_AdRoot  Login/h2_Login into your account"), 0): Object 'Object Repository/Choose packages/Page_AdRoot  Login/h2_Login into your account' is present

2022-03-11 11:05:47 - [MESSAGE][WARNING] - Timeout '0' is invalid. Using default page load timeout: '30'

2022-03-11 11:05:48 - [MESSAGE][PASSED] - Object 'Object Repository/Choose packages/Page_AdRoot  Login/h2_Login into your account' is present

2022-03-11 11:05:48 - [TEST_STEP][PASSED] - closeBrowser(): Browser is closed

2022-03-11 11:05:48 - [MESSAGE][PASSED] - Browser is closed]]></system-out>
         <system-err><![CDATA[]]></system-err>
      </testcase>
      <testcase name="Test Cases/SignUp/Sign-up with email/SignUp with email and business" time="74.873" classname="Test Cases/SignUp/Sign-up with email/SignUp with email and business" status="FAILED">
         <failure type="FAILED" message="Test Cases/SignUp/Sign-up with email/SignUp with email and business FAILED.
Reason:
com.kms.katalon.core.exception.StepFailedException: Unable to set text '5406 6100 0080 8837' of object 'Object Repository/Choose packages/basic package/Page_AdRoot Technologies LLC/input__cardNumber'
	at com.kms.katalon.core.webui.keyword.internal.WebUIKeywordMain.stepFailed(WebUIKeywordMain.groovy:64)
	at com.kms.katalon.core.webui.keyword.internal.WebUIKeywordMain.runKeyword(WebUIKeywordMain.groovy:26)
	at com.kms.katalon.core.webui.keyword.builtin.SetTextKeyword.setText(SetTextKeyword.groovy:66)
	at com.kms.katalon.core.webui.keyword.builtin.SetTextKeyword.execute(SetTextKeyword.groovy:37)
	at com.kms.katalon.core.keyword.internal.KeywordExecutor.executeKeywordForPlatform(KeywordExecutor.groovy:74)
	at com.kms.katalon.core.webui.keyword.WebUiBuiltInKeywords.setText(WebUiBuiltInKeywords.groovy:980)
	at com.kms.katalon.core.webui.keyword.WebUiBuiltInKeywords$setText$3.call(Unknown Source)
	at SignUp with email and business.run(SignUp with email and business:62)
	at com.kms.katalon.core.main.ScriptEngine.run(ScriptEngine.java:194)
	at com.kms.katalon.core.main.ScriptEngine.runScriptAsRawText(ScriptEngine.java:119)
	at com.kms.katalon.core.main.TestCaseExecutor.runScript(TestCaseExecutor.java:442)
	at com.kms.katalon.core.main.TestCaseExecutor.doExecute(TestCaseExecutor.java:433)
	at com.kms.katalon.core.main.TestCaseExecutor.processExecutionPhase(TestCaseExecutor.java:412)
	at com.kms.katalon.core.main.TestCaseExecutor.accessMainPhase(TestCaseExecutor.java:404)
	at com.kms.katalon.core.main.TestCaseExecutor.execute(TestCaseExecutor.java:281)
	at com.kms.katalon.core.main.TestSuiteExecutor.accessTestCaseMainPhase(TestSuiteExecutor.java:202)
	at com.kms.katalon.core.main.TestSuiteExecutor.accessTestSuiteMainPhase(TestSuiteExecutor.java:164)
	at com.kms.katalon.core.main.TestSuiteExecutor.execute(TestSuiteExecutor.java:105)
	at com.kms.katalon.core.main.TestCaseMain.startTestSuite(TestCaseMain.java:185)
	at com.kms.katalon.core.main.TestCaseMain$startTestSuite$0.call(Unknown Source)
	at TempTestSuite1646982228319.run(TempTestSuite1646982228319.groovy:36)
Caused by: com.kms.katalon.core.webui.exception.WebElementNotFoundException: Web element with id: 'Object Repository/Choose packages/basic package/Page_AdRoot Technologies LLC/input__cardNumber' located by '//input[@id='cardNumber']' not found
	at com.kms.katalon.core.webui.common.WebUiCommonHelper.findWebElement(WebUiCommonHelper.java:1370)
	at com.kms.katalon.core.webui.keyword.internal.WebUIAbstractKeyword.findWebElement(WebUIAbstractKeyword.groovy:27)
	at com.kms.katalon.core.webui.keyword.internal.WebUIAbstractKeyword.findWebElement(WebUIAbstractKeyword.groovy:26)
	at com.kms.katalon.core.webui.keyword.builtin.SetTextKeyword$_setText_closure1.doCall(SetTextKeyword.groovy:51)
	at com.kms.katalon.core.webui.keyword.builtin.SetTextKeyword$_setText_closure1.call(SetTextKeyword.groovy)
	at com.kms.katalon.core.webui.keyword.internal.WebUIKeywordMain.runKeyword(WebUIKeywordMain.groovy:20)
	... 19 more
"/>
         <system-out><![CDATA[2022-03-11 11:05:48 - [TEST_CASE][FAILED] - Test Cases/SignUp/Sign-up with email/SignUp with email and business: Test Cases/SignUp/Sign-up with email/SignUp with email and business FAILED.
Reason:
com.kms.katalon.core.exception.StepFailedException: Unable to set text '5406 6100 0080 8837' of object 'Object Repository/Choose packages/basic package/Page_AdRoot Technologies LLC/input__cardNumber'
	at com.kms.katalon.core.webui.keyword.internal.WebUIKeywordMain.stepFailed(WebUIKeywordMain.groovy:64)
	at com.kms.katalon.core.webui.keyword.internal.WebUIKeywordMain.runKeyword(WebUIKeywordMain.groovy:26)
	at com.kms.katalon.core.webui.keyword.builtin.SetTextKeyword.setText(SetTextKeyword.groovy:66)
	at com.kms.katalon.core.webui.keyword.builtin.SetTextKeyword.execute(SetTextKeyword.groovy:37)
	at com.kms.katalon.core.keyword.internal.KeywordExecutor.executeKeywordForPlatform(KeywordExecutor.groovy:74)
	at com.kms.katalon.core.webui.keyword.WebUiBuiltInKeywords.setText(WebUiBuiltInKeywords.groovy:980)
	at com.kms.katalon.core.webui.keyword.WebUiBuiltInKeywords$setText$3.call(Unknown Source)
	at SignUp with email and business.run(SignUp with email and business:62)
	at com.kms.katalon.core.main.ScriptEngine.run(ScriptEngine.java:194)
	at com.kms.katalon.core.main.ScriptEngine.runScriptAsRawText(ScriptEngine.java:119)
	at com.kms.katalon.core.main.TestCaseExecutor.runScript(TestCaseExecutor.java:442)
	at com.kms.katalon.core.main.TestCaseExecutor.doExecute(TestCaseExecutor.java:433)
	at com.kms.katalon.core.main.TestCaseExecutor.processExecutionPhase(TestCaseExecutor.java:412)
	at com.kms.katalon.core.main.TestCaseExecutor.accessMainPhase(TestCaseExecutor.java:404)
	at com.kms.katalon.core.main.TestCaseExecutor.execute(TestCaseExecutor.java:281)
	at com.kms.katalon.core.main.TestSuiteExecutor.accessTestCaseMainPhase(TestSuiteExecutor.java:202)
	at com.kms.katalon.core.main.TestSuiteExecutor.accessTestSuiteMainPhase(TestSuiteExecutor.java:164)
	at com.kms.katalon.core.main.TestSuiteExecutor.execute(TestSuiteExecutor.java:105)
	at com.kms.katalon.core.main.TestCaseMain.startTestSuite(TestCaseMain.java:185)
	at com.kms.katalon.core.main.TestCaseMain$startTestSuite$0.call(Unknown Source)
	at TempTestSuite1646982228319.run(TempTestSuite1646982228319.groovy:36)
Caused by: com.kms.katalon.core.webui.exception.WebElementNotFoundException: Web element with id: 'Object Repository/Choose packages/basic package/Page_AdRoot Technologies LLC/input__cardNumber' located by '//input[@id='cardNumber']' not found
	at com.kms.katalon.core.webui.common.WebUiCommonHelper.findWebElement(WebUiCommonHelper.java:1370)
	at com.kms.katalon.core.webui.keyword.internal.WebUIAbstractKeyword.findWebElement(WebUIAbstractKeyword.groovy:27)
	at com.kms.katalon.core.webui.keyword.internal.WebUIAbstractKeyword.findWebElement(WebUIAbstractKeyword.groovy:26)
	at com.kms.katalon.core.webui.keyword.builtin.SetTextKeyword$_setText_closure1.doCall(SetTextKeyword.groovy:51)
	at com.kms.katalon.core.webui.keyword.builtin.SetTextKeyword$_setText_closure1.call(SetTextKeyword.groovy)
	at com.kms.katalon.core.webui.keyword.internal.WebUIKeywordMain.runKeyword(WebUIKeywordMain.groovy:20)
	... 19 more


2022-03-11 11:05:49 - [TEST_STEP][PASSED] - openBrowser(""): Browser is opened with url: ''

2022-03-11 11:05:49 - [MESSAGE][INFO] - Starting 'Chrome' driver

2022-03-11 11:05:49 - [MESSAGE][INFO] - Action delay is set to 0 milliseconds

2022-03-11 11:05:50 - [MESSAGE][PASSED] - Browser is opened with url: ''

2022-03-11 11:05:50 - [TEST_STEP][PASSED] - setViewPortSize(1600, 900): Viewport is set to new size with width = 1600 and height = 900

2022-03-11 11:05:50 - [MESSAGE][PASSED] - Viewport is set to new size with width = 1600 and height = 900

2022-03-11 11:05:50 - [TEST_STEP][PASSED] - navigateToUrl("https://app.adroot.io/auth/signin"): Navigate to 'https://app.adroot.io/auth/signin' successfully

2022-03-11 11:05:52 - [MESSAGE][PASSED] - Navigate to 'https://app.adroot.io/auth/signin' successfully

2022-03-11 11:05:52 - [TEST_STEP][PASSED] - click(findTestObject("Object Repository/SignUp/Page_AdRoot  Login/a_Sign up now")): Object: 'Object Repository/SignUp/Page_AdRoot  Login/a_Sign up now' is clicked on

2022-03-11 11:05:53 - [MESSAGE][PASSED] - Object: 'Object Repository/SignUp/Page_AdRoot  Login/a_Sign up now' is clicked on

2022-03-11 11:05:53 - [TEST_STEP][PASSED] - setText(findTestObject("Object Repository/SignUp/Page_AdRoot  Sign up/input_First name_first_name"), "Ruzan"): Text 'Ruzan' is set on object 'Object Repository/SignUp/Page_AdRoot  Sign up/input_First name_first_name'

2022-03-11 11:05:54 - [MESSAGE][PASSED] - Text 'Ruzan' is set on object 'Object Repository/SignUp/Page_AdRoot  Sign up/input_First name_first_name'

2022-03-11 11:05:54 - [TEST_STEP][PASSED] - setText(findTestObject("Object Repository/SignUp/Page_AdRoot  Sign up/input_Last name_last_name"), "Test"): Text 'Test' is set on object 'Object Repository/SignUp/Page_AdRoot  Sign up/input_Last name_last_name'

2022-03-11 11:05:55 - [MESSAGE][PASSED] - Text 'Test' is set on object 'Object Repository/SignUp/Page_AdRoot  Sign up/input_Last name_last_name'

2022-03-11 11:05:55 - [TEST_STEP][PASSED] - setText(findTestObject("Object Repository/SignUp/Page_AdRoot  Sign up/input_E-mail_email"), "runayan@gmail.com"): Text 'runayan@gmail.com' is set on object 'Object Repository/SignUp/Page_AdRoot  Sign up/input_E-mail_email'

2022-03-11 11:05:56 - [MESSAGE][PASSED] - Text 'runayan@gmail.com' is set on object 'Object Repository/SignUp/Page_AdRoot  Sign up/input_E-mail_email'

2022-03-11 11:05:56 - [TEST_STEP][PASSED] - setEncryptedText(findTestObject("Object Repository/SignUp/Page_AdRoot  Sign up/input_Password_password"), "9juLMCYi8sYpY2Mrwe5diw=="): Text ****** has been set on object 'Object Repository/SignUp/Page_AdRoot  Sign up/input_Password_password'

2022-03-11 11:05:56 - [MESSAGE][PASSED] - Text ****** has been set on object 'Object Repository/SignUp/Page_AdRoot  Sign up/input_Password_password'

2022-03-11 11:05:56 - [TEST_STEP][PASSED] - setEncryptedText(findTestObject("Object Repository/SignUp/Page_AdRoot  Sign up/input_Confirm password_confirm"), "9juLMCYi8sYpY2Mrwe5diw=="): Text ****** has been set on object 'Object Repository/SignUp/Page_AdRoot  Sign up/input_Confirm password_confirm'

2022-03-11 11:05:57 - [MESSAGE][PASSED] - Text ****** has been set on object 'Object Repository/SignUp/Page_AdRoot  Sign up/input_Confirm password_confirm'

2022-03-11 11:05:57 - [TEST_STEP][PASSED] - click(findTestObject("Object Repository/SignUp/Page_AdRoot  Sign up/div_Confirm password_checkbox")): Object: 'Object Repository/SignUp/Page_AdRoot  Sign up/div_Confirm password_checkbox' is clicked on

2022-03-11 11:05:58 - [MESSAGE][PASSED] - Object: 'Object Repository/SignUp/Page_AdRoot  Sign up/div_Confirm password_checkbox' is clicked on

2022-03-11 11:05:58 - [TEST_STEP][PASSED] - click(findTestObject("SignUp/SignUp with email/Page_AdRoot  Sign up/button_Sign up")): Object: 'Object Repository/SignUp/SignUp with email/Page_AdRoot  Sign up/button_Sign up' is clicked on

2022-03-11 11:05:58 - [MESSAGE][PASSED] - Object: 'Object Repository/SignUp/SignUp with email/Page_AdRoot  Sign up/button_Sign up' is clicked on

2022-03-11 11:05:58 - [TEST_STEP][PASSED] - Ms = verifyTextPresent("The E-mail address exists.", false): Text 'The E-mail address exists.' is present on page 

2022-03-11 11:05:58 - [MESSAGE][PASSED] - Text 'The E-mail address exists.' is present on page 

2022-03-11 11:05:58 - [TEST_STEP][PASSED] - if (Ms.equals("true")): Keys 'ENTER + ' sent to object: 'Object Repository/SignUp/SignUp with email/Page_AdRoot  Sign up/button_Sign up'

2022-03-11 11:05:58 - [TEST_STEP][PASSED] - RN = <not implemented yet for class: org.codehaus.groovy.ast.expr.EmptyExpression>: null

2022-03-11 11:05:58 - [TEST_STEP][PASSED] - RN = Math.random() * 500: null

2022-03-11 11:05:58 - [TEST_STEP][PASSED] - setText(findTestObject("Object Repository/SignUp/Page_AdRoot  Sign up/input_E-mail_email"), "runayan" + RN + "@gmail.com"): Text 'runayan59@gmail.com' is set on object 'Object Repository/SignUp/Page_AdRoot  Sign up/input_E-mail_email'

2022-03-11 11:05:59 - [MESSAGE][PASSED] - Text 'runayan59@gmail.com' is set on object 'Object Repository/SignUp/Page_AdRoot  Sign up/input_E-mail_email'

2022-03-11 11:05:59 - [TEST_STEP][PASSED] - sendKeys(findTestObject("SignUp/SignUp with email/Page_AdRoot  Sign up/button_Sign up"), Keys.chord(ENTER)): Keys 'ENTER + ' sent to object: 'Object Repository/SignUp/SignUp with email/Page_AdRoot  Sign up/button_Sign up'

2022-03-11 11:06:00 - [MESSAGE][PASSED] - Keys 'ENTER + ' sent to object: 'Object Repository/SignUp/SignUp with email/Page_AdRoot  Sign up/button_Sign up'

2022-03-11 11:06:00 - [TEST_STEP][PASSED] - click(findTestObject("Choose packages/business package/Page_AdRoot  Sign up/button_Sign up_1")): Object: 'Object Repository/Choose packages/business package/Page_AdRoot  Sign up/button_Sign up_1' is clicked on

2022-03-11 11:06:00 - [MESSAGE][PASSED] - Object: 'Object Repository/Choose packages/business package/Page_AdRoot  Sign up/button_Sign up_1' is clicked on

2022-03-11 11:06:00 - [TEST_STEP][PASSED] - waitForElementPresent(findTestObject("Choose packages/basic package/Page_AdRoot Technologies LLC/input__cardNumber"), 0): Object 'Object Repository/Choose packages/basic package/Page_AdRoot Technologies LLC/input__cardNumber' is not present after 0 second(s)

2022-03-11 11:06:00 - [MESSAGE][WARNING] - Timeout '0' is invalid. Using default page load timeout: '30'

2022-03-11 11:06:32 - [MESSAGE][INFO] - Unable to find the element located by 'By.xpath: //input[@id='cardNumber']'. Please recheck the objects properties to make sure the desired element is located. 

2022-03-11 11:06:32 - [MESSAGE][WARNING] - Object 'Object Repository/Choose packages/basic package/Page_AdRoot Technologies LLC/input__cardNumber' is not present after 0 second(s)

2022-03-11 11:06:32 - [TEST_STEP][FAILED] - setText(findTestObject("Object Repository/Choose packages/basic package/Page_AdRoot Technologies LLC/input__cardNumber"), "5406 6100 0080 8837"): Unable to set text '5406 6100 0080 8837' of object 'Object Repository/Choose packages/basic package/Page_AdRoot Technologies LLC/input__cardNumber' (Root cause: com.kms.katalon.core.exception.StepFailedException: Unable to set text '5406 6100 0080 8837' of object 'Object Repository/Choose packages/basic package/Page_AdRoot Technologies LLC/input__cardNumber'
	at com.kms.katalon.core.webui.keyword.internal.WebUIKeywordMain.stepFailed(WebUIKeywordMain.groovy:64)
	at com.kms.katalon.core.webui.keyword.internal.WebUIKeywordMain.runKeyword(WebUIKeywordMain.groovy:26)
	at com.kms.katalon.core.webui.keyword.builtin.SetTextKeyword.setText(SetTextKeyword.groovy:66)
	at com.kms.katalon.core.webui.keyword.builtin.SetTextKeyword.execute(SetTextKeyword.groovy:37)
	at com.kms.katalon.core.keyword.internal.KeywordExecutor.executeKeywordForPlatform(KeywordExecutor.groovy:74)
	at com.kms.katalon.core.webui.keyword.WebUiBuiltInKeywords.setText(WebUiBuiltInKeywords.groovy:980)
	at com.kms.katalon.core.webui.keyword.WebUiBuiltInKeywords$setText$3.call(Unknown Source)
	at SignUp with email and business.run(SignUp with email and business:62)
	at com.kms.katalon.core.main.ScriptEngine.run(ScriptEngine.java:194)
	at com.kms.katalon.core.main.ScriptEngine.runScriptAsRawText(ScriptEngine.java:119)
	at com.kms.katalon.core.main.TestCaseExecutor.runScript(TestCaseExecutor.java:442)
	at com.kms.katalon.core.main.TestCaseExecutor.doExecute(TestCaseExecutor.java:433)
	at com.kms.katalon.core.main.TestCaseExecutor.processExecutionPhase(TestCaseExecutor.java:412)
	at com.kms.katalon.core.main.TestCaseExecutor.accessMainPhase(TestCaseExecutor.java:404)
	at com.kms.katalon.core.main.TestCaseExecutor.execute(TestCaseExecutor.java:281)
	at com.kms.katalon.core.main.TestSuiteExecutor.accessTestCaseMainPhase(TestSuiteExecutor.java:202)
	at com.kms.katalon.core.main.TestSuiteExecutor.accessTestSuiteMainPhase(TestSuiteExecutor.java:164)
	at com.kms.katalon.core.main.TestSuiteExecutor.execute(TestSuiteExecutor.java:105)
	at com.kms.katalon.core.main.TestCaseMain.startTestSuite(TestCaseMain.java:185)
	at com.kms.katalon.core.main.TestCaseMain$startTestSuite$0.call(Unknown Source)
	at TempTestSuite1646982228319.run(TempTestSuite1646982228319.groovy:36)
Caused by: com.kms.katalon.core.webui.exception.WebElementNotFoundException: Web element with id: 'Object Repository/Choose packages/basic package/Page_AdRoot Technologies LLC/input__cardNumber' located by '//input[@id='cardNumber']' not found
	at com.kms.katalon.core.webui.common.WebUiCommonHelper.findWebElement(WebUiCommonHelper.java:1370)
	at com.kms.katalon.core.webui.keyword.internal.WebUIAbstractKeyword.findWebElement(WebUIAbstractKeyword.groovy:27)
	at com.kms.katalon.core.webui.keyword.internal.WebUIAbstractKeyword.findWebElement(WebUIAbstractKeyword.groovy:26)
	at com.kms.katalon.core.webui.keyword.builtin.SetTextKeyword$_setText_closure1.doCall(SetTextKeyword.groovy:51)
	at com.kms.katalon.core.webui.keyword.builtin.SetTextKeyword$_setText_closure1.call(SetTextKeyword.groovy)
	at com.kms.katalon.core.webui.keyword.internal.WebUIKeywordMain.runKeyword(WebUIKeywordMain.groovy:20)
	at com.kms.katalon.core.webui.keyword.builtin.SetTextKeyword.setText(SetTextKeyword.groovy:66)
	at com.kms.katalon.core.webui.keyword.builtin.SetTextKeyword.execute(SetTextKeyword.groovy:37)
	at com.kms.katalon.core.keyword.internal.KeywordExecutor.executeKeywordForPlatform(KeywordExecutor.groovy:74)
	at com.kms.katalon.core.webui.keyword.WebUiBuiltInKeywords.setText(WebUiBuiltInKeywords.groovy:980)
	at com.kms.katalon.core.webui.keyword.WebUiBuiltInKeywords$setText$3.call(Unknown Source)
	at Script1646927528528.run(Script1646927528528.groovy:62)
	... 13 more
)

2022-03-11 11:07:03 - [MESSAGE][INFO] - Unable to find the element located by 'By.xpath: //input[@id='cardNumber']'. Please recheck the objects properties to make sure the desired element is located. 

2022-03-11 11:07:03 - [MESSAGE][FAILED] - Unable to set text '5406 6100 0080 8837' of object 'Object Repository/Choose packages/basic package/Page_AdRoot Technologies LLC/input__cardNumber' (Root cause: com.kms.katalon.core.exception.StepFailedException: Unable to set text '5406 6100 0080 8837' of object 'Object Repository/Choose packages/basic package/Page_AdRoot Technologies LLC/input__cardNumber'
	at com.kms.katalon.core.webui.keyword.internal.WebUIKeywordMain.stepFailed(WebUIKeywordMain.groovy:64)
	at com.kms.katalon.core.webui.keyword.internal.WebUIKeywordMain.runKeyword(WebUIKeywordMain.groovy:26)
	at com.kms.katalon.core.webui.keyword.builtin.SetTextKeyword.setText(SetTextKeyword.groovy:66)
	at com.kms.katalon.core.webui.keyword.builtin.SetTextKeyword.execute(SetTextKeyword.groovy:37)
	at com.kms.katalon.core.keyword.internal.KeywordExecutor.executeKeywordForPlatform(KeywordExecutor.groovy:74)
	at com.kms.katalon.core.webui.keyword.WebUiBuiltInKeywords.setText(WebUiBuiltInKeywords.groovy:980)
	at com.kms.katalon.core.webui.keyword.WebUiBuiltInKeywords$setText$3.call(Unknown Source)
	at SignUp with email and business.run(SignUp with email and business:62)
	at com.kms.katalon.core.main.ScriptEngine.run(ScriptEngine.java:194)
	at com.kms.katalon.core.main.ScriptEngine.runScriptAsRawText(ScriptEngine.java:119)
	at com.kms.katalon.core.main.TestCaseExecutor.runScript(TestCaseExecutor.java:442)
	at com.kms.katalon.core.main.TestCaseExecutor.doExecute(TestCaseExecutor.java:433)
	at com.kms.katalon.core.main.TestCaseExecutor.processExecutionPhase(TestCaseExecutor.java:412)
	at com.kms.katalon.core.main.TestCaseExecutor.accessMainPhase(TestCaseExecutor.java:404)
	at com.kms.katalon.core.main.TestCaseExecutor.execute(TestCaseExecutor.java:281)
	at com.kms.katalon.core.main.TestSuiteExecutor.accessTestCaseMainPhase(TestSuiteExecutor.java:202)
	at com.kms.katalon.core.main.TestSuiteExecutor.accessTestSuiteMainPhase(TestSuiteExecutor.java:164)
	at com.kms.katalon.core.main.TestSuiteExecutor.execute(TestSuiteExecutor.java:105)
	at com.kms.katalon.core.main.TestCaseMain.startTestSuite(TestCaseMain.java:185)
	at com.kms.katalon.core.main.TestCaseMain$startTestSuite$0.call(Unknown Source)
	at TempTestSuite1646982228319.run(TempTestSuite1646982228319.groovy:36)
Caused by: com.kms.katalon.core.webui.exception.WebElementNotFoundException: Web element with id: 'Object Repository/Choose packages/basic package/Page_AdRoot Technologies LLC/input__cardNumber' located by '//input[@id='cardNumber']' not found
	at com.kms.katalon.core.webui.common.WebUiCommonHelper.findWebElement(WebUiCommonHelper.java:1370)
	at com.kms.katalon.core.webui.keyword.internal.WebUIAbstractKeyword.findWebElement(WebUIAbstractKeyword.groovy:27)
	at com.kms.katalon.core.webui.keyword.internal.WebUIAbstractKeyword.findWebElement(WebUIAbstractKeyword.groovy:26)
	at com.kms.katalon.core.webui.keyword.builtin.SetTextKeyword$_setText_closure1.doCall(SetTextKeyword.groovy:51)
	at com.kms.katalon.core.webui.keyword.builtin.SetTextKeyword$_setText_closure1.call(SetTextKeyword.groovy)
	at com.kms.katalon.core.webui.keyword.internal.WebUIKeywordMain.runKeyword(WebUIKeywordMain.groovy:20)
	at com.kms.katalon.core.webui.keyword.builtin.SetTextKeyword.setText(SetTextKeyword.groovy:66)
	at com.kms.katalon.core.webui.keyword.builtin.SetTextKeyword.execute(SetTextKeyword.groovy:37)
	at com.kms.katalon.core.keyword.internal.KeywordExecutor.executeKeywordForPlatform(KeywordExecutor.groovy:74)
	at com.kms.katalon.core.webui.keyword.WebUiBuiltInKeywords.setText(WebUiBuiltInKeywords.groovy:980)
	at com.kms.katalon.core.webui.keyword.WebUiBuiltInKeywords$setText$3.call(Unknown Source)
	at Script1646927528528.run(Script1646927528528.groovy:62)
	... 13 more
)
[[ATTACHMENT|C:\\Users\\AdRoot_PC2\\git\\KatalonAutomation\\Reports\\20220311_110347\\Suits\\SignUp with packages\\20220311_110348\\1646982423210.png]]]]></system-out>
         <system-err><![CDATA[2022-03-11 11:05:48 - [TEST_CASE][FAILED] - Test Cases/SignUp/Sign-up with email/SignUp with email and business: Test Cases/SignUp/Sign-up with email/SignUp with email and business FAILED.
Reason:
com.kms.katalon.core.exception.StepFailedException: Unable to set text '5406 6100 0080 8837' of object 'Object Repository/Choose packages/basic package/Page_AdRoot Technologies LLC/input__cardNumber'
	at com.kms.katalon.core.webui.keyword.internal.WebUIKeywordMain.stepFailed(WebUIKeywordMain.groovy:64)
	at com.kms.katalon.core.webui.keyword.internal.WebUIKeywordMain.runKeyword(WebUIKeywordMain.groovy:26)
	at com.kms.katalon.core.webui.keyword.builtin.SetTextKeyword.setText(SetTextKeyword.groovy:66)
	at com.kms.katalon.core.webui.keyword.builtin.SetTextKeyword.execute(SetTextKeyword.groovy:37)
	at com.kms.katalon.core.keyword.internal.KeywordExecutor.executeKeywordForPlatform(KeywordExecutor.groovy:74)
	at com.kms.katalon.core.webui.keyword.WebUiBuiltInKeywords.setText(WebUiBuiltInKeywords.groovy:980)
	at com.kms.katalon.core.webui.keyword.WebUiBuiltInKeywords$setText$3.call(Unknown Source)
	at SignUp with email and business.run(SignUp with email and business:62)
	at com.kms.katalon.core.main.ScriptEngine.run(ScriptEngine.java:194)
	at com.kms.katalon.core.main.ScriptEngine.runScriptAsRawText(ScriptEngine.java:119)
	at com.kms.katalon.core.main.TestCaseExecutor.runScript(TestCaseExecutor.java:442)
	at com.kms.katalon.core.main.TestCaseExecutor.doExecute(TestCaseExecutor.java:433)
	at com.kms.katalon.core.main.TestCaseExecutor.processExecutionPhase(TestCaseExecutor.java:412)
	at com.kms.katalon.core.main.TestCaseExecutor.accessMainPhase(TestCaseExecutor.java:404)
	at com.kms.katalon.core.main.TestCaseExecutor.execute(TestCaseExecutor.java:281)
	at com.kms.katalon.core.main.TestSuiteExecutor.accessTestCaseMainPhase(TestSuiteExecutor.java:202)
	at com.kms.katalon.core.main.TestSuiteExecutor.accessTestSuiteMainPhase(TestSuiteExecutor.java:164)
	at com.kms.katalon.core.main.TestSuiteExecutor.execute(TestSuiteExecutor.java:105)
	at com.kms.katalon.core.main.TestCaseMain.startTestSuite(TestCaseMain.java:185)
	at com.kms.katalon.core.main.TestCaseMain$startTestSuite$0.call(Unknown Source)
	at TempTestSuite1646982228319.run(TempTestSuite1646982228319.groovy:36)
Caused by: com.kms.katalon.core.webui.exception.WebElementNotFoundException: Web element with id: 'Object Repository/Choose packages/basic package/Page_AdRoot Technologies LLC/input__cardNumber' located by '//input[@id='cardNumber']' not found
	at com.kms.katalon.core.webui.common.WebUiCommonHelper.findWebElement(WebUiCommonHelper.java:1370)
	at com.kms.katalon.core.webui.keyword.internal.WebUIAbstractKeyword.findWebElement(WebUIAbstractKeyword.groovy:27)
	at com.kms.katalon.core.webui.keyword.internal.WebUIAbstractKeyword.findWebElement(WebUIAbstractKeyword.groovy:26)
	at com.kms.katalon.core.webui.keyword.builtin.SetTextKeyword$_setText_closure1.doCall(SetTextKeyword.groovy:51)
	at com.kms.katalon.core.webui.keyword.builtin.SetTextKeyword$_setText_closure1.call(SetTextKeyword.groovy)
	at com.kms.katalon.core.webui.keyword.internal.WebUIKeywordMain.runKeyword(WebUIKeywordMain.groovy:20)
	... 19 more]]></system-err>
      </testcase>
      <testcase name="Test Cases/SignUp/Sign-up with email/SignUp with email and free" time="22.78" classname="Test Cases/SignUp/Sign-up with email/SignUp with email and free" status="PASSED">
         <system-out><![CDATA[2022-03-11 11:07:03 - [TEST_CASE][PASSED] - Test Cases/SignUp/Sign-up with email/SignUp with email and free: Test Cases/SignUp/Sign-up with email/SignUp with email and free

2022-03-11 11:07:04 - [TEST_STEP][PASSED] - openBrowser(""): Browser is opened with url: ''

2022-03-11 11:07:04 - [MESSAGE][WARNING] - A browser is already opened. Closing browser and opening a new one

2022-03-11 11:07:04 - [MESSAGE][INFO] - Starting 'Chrome' driver

2022-03-11 11:07:04 - [MESSAGE][INFO] - Action delay is set to 0 milliseconds

2022-03-11 11:07:05 - [MESSAGE][PASSED] - Browser is opened with url: ''

2022-03-11 11:07:05 - [TEST_STEP][PASSED] - setViewPortSize(1600, 900): Viewport is set to new size with width = 1600 and height = 900

2022-03-11 11:07:06 - [MESSAGE][PASSED] - Viewport is set to new size with width = 1600 and height = 900

2022-03-11 11:07:06 - [TEST_STEP][PASSED] - navigateToUrl("https://app.adroot.io/auth/signin"): Navigate to 'https://app.adroot.io/auth/signin' successfully

2022-03-11 11:07:08 - [MESSAGE][PASSED] - Navigate to 'https://app.adroot.io/auth/signin' successfully

2022-03-11 11:07:08 - [TEST_STEP][PASSED] - click(findTestObject("Object Repository/SignUp/Page_AdRoot  Login/a_Sign up now")): Object: 'Object Repository/SignUp/Page_AdRoot  Login/a_Sign up now' is clicked on

2022-03-11 11:07:09 - [MESSAGE][PASSED] - Object: 'Object Repository/SignUp/Page_AdRoot  Login/a_Sign up now' is clicked on

2022-03-11 11:07:09 - [TEST_STEP][PASSED] - setText(findTestObject("Object Repository/SignUp/Page_AdRoot  Sign up/input_First name_first_name"), "Ruzan"): Text 'Ruzan' is set on object 'Object Repository/SignUp/Page_AdRoot  Sign up/input_First name_first_name'

2022-03-11 11:07:10 - [MESSAGE][PASSED] - Text 'Ruzan' is set on object 'Object Repository/SignUp/Page_AdRoot  Sign up/input_First name_first_name'

2022-03-11 11:07:10 - [TEST_STEP][PASSED] - setText(findTestObject("Object Repository/SignUp/Page_AdRoot  Sign up/input_Last name_last_name"), "Test"): Text 'Test' is set on object 'Object Repository/SignUp/Page_AdRoot  Sign up/input_Last name_last_name'

2022-03-11 11:07:11 - [MESSAGE][PASSED] - Text 'Test' is set on object 'Object Repository/SignUp/Page_AdRoot  Sign up/input_Last name_last_name'

2022-03-11 11:07:11 - [TEST_STEP][PASSED] - setText(findTestObject("Object Repository/SignUp/Page_AdRoot  Sign up/input_E-mail_email"), "runayan@gmail.com"): Text 'runayan@gmail.com' is set on object 'Object Repository/SignUp/Page_AdRoot  Sign up/input_E-mail_email'

2022-03-11 11:07:12 - [MESSAGE][PASSED] - Text 'runayan@gmail.com' is set on object 'Object Repository/SignUp/Page_AdRoot  Sign up/input_E-mail_email'

2022-03-11 11:07:12 - [TEST_STEP][PASSED] - setEncryptedText(findTestObject("Object Repository/SignUp/Page_AdRoot  Sign up/input_Password_password"), "9juLMCYi8sYpY2Mrwe5diw=="): Text ****** has been set on object 'Object Repository/SignUp/Page_AdRoot  Sign up/input_Password_password'

2022-03-11 11:07:12 - [MESSAGE][PASSED] - Text ****** has been set on object 'Object Repository/SignUp/Page_AdRoot  Sign up/input_Password_password'

2022-03-11 11:07:12 - [TEST_STEP][PASSED] - setEncryptedText(findTestObject("Object Repository/SignUp/Page_AdRoot  Sign up/input_Confirm password_confirm"), "9juLMCYi8sYpY2Mrwe5diw=="): Text ****** has been set on object 'Object Repository/SignUp/Page_AdRoot  Sign up/input_Confirm password_confirm'

2022-03-11 11:07:13 - [MESSAGE][PASSED] - Text ****** has been set on object 'Object Repository/SignUp/Page_AdRoot  Sign up/input_Confirm password_confirm'

2022-03-11 11:07:13 - [TEST_STEP][PASSED] - click(findTestObject("Object Repository/SignUp/Page_AdRoot  Sign up/div_Confirm password_checkbox")): Object: 'Object Repository/SignUp/Page_AdRoot  Sign up/div_Confirm password_checkbox' is clicked on

2022-03-11 11:07:14 - [MESSAGE][PASSED] - Object: 'Object Repository/SignUp/Page_AdRoot  Sign up/div_Confirm password_checkbox' is clicked on

2022-03-11 11:07:14 - [TEST_STEP][PASSED] - click(findTestObject("SignUp/SignUp with email/Page_AdRoot  Sign up/button_Sign up")): Object: 'Object Repository/SignUp/SignUp with email/Page_AdRoot  Sign up/button_Sign up' is clicked on

2022-03-11 11:07:14 - [MESSAGE][PASSED] - Object: 'Object Repository/SignUp/SignUp with email/Page_AdRoot  Sign up/button_Sign up' is clicked on

2022-03-11 11:07:14 - [TEST_STEP][PASSED] - Ms = verifyTextPresent("The E-mail address exists.", false): Text 'The E-mail address exists.' is present on page 

2022-03-11 11:07:14 - [MESSAGE][PASSED] - Text 'The E-mail address exists.' is present on page 

2022-03-11 11:07:14 - [TEST_STEP][PASSED] - if (Ms.equals("true")): Keys 'ENTER + ' sent to object: 'Object Repository/SignUp/SignUp with email/Page_AdRoot  Sign up/button_Sign up'

2022-03-11 11:07:14 - [TEST_STEP][PASSED] - RN = <not implemented yet for class: org.codehaus.groovy.ast.expr.EmptyExpression>: null

2022-03-11 11:07:14 - [TEST_STEP][PASSED] - RN = Math.random() * 500: null

2022-03-11 11:07:14 - [TEST_STEP][PASSED] - setText(findTestObject("Object Repository/SignUp/Page_AdRoot  Sign up/input_E-mail_email"), "runayan" + RN + "@gmail.com"): Text 'runayan411@gmail.com' is set on object 'Object Repository/SignUp/Page_AdRoot  Sign up/input_E-mail_email'

2022-03-11 11:07:15 - [MESSAGE][PASSED] - Text 'runayan411@gmail.com' is set on object 'Object Repository/SignUp/Page_AdRoot  Sign up/input_E-mail_email'

2022-03-11 11:07:15 - [TEST_STEP][PASSED] - sendKeys(findTestObject("SignUp/SignUp with email/Page_AdRoot  Sign up/button_Sign up"), Keys.chord(ENTER)): Keys 'ENTER + ' sent to object: 'Object Repository/SignUp/SignUp with email/Page_AdRoot  Sign up/button_Sign up'

2022-03-11 11:07:16 - [MESSAGE][PASSED] - Keys 'ENTER + ' sent to object: 'Object Repository/SignUp/SignUp with email/Page_AdRoot  Sign up/button_Sign up'

2022-03-11 11:07:16 - [TEST_STEP][PASSED] - click(findTestObject("Choose packages/free package/Page_AdRoot  Sign up/button_Sign up_1")): Object: 'Object Repository/Choose packages/free package/Page_AdRoot  Sign up/button_Sign up_1' is clicked on

2022-03-11 11:07:16 - [MESSAGE][PASSED] - Object: 'Object Repository/Choose packages/free package/Page_AdRoot  Sign up/button_Sign up_1' is clicked on

2022-03-11 11:07:16 - [TEST_STEP][PASSED] - click(findTestObject("Object Repository/Choose packages/basic package/Page_AdRoot  Dashboard/a_Campaigns")): Object: 'Object Repository/Choose packages/basic package/Page_AdRoot  Dashboard/a_Campaigns' is clicked on

2022-03-11 11:07:18 - [MESSAGE][PASSED] - Object: 'Object Repository/Choose packages/basic package/Page_AdRoot  Dashboard/a_Campaigns' is clicked on

2022-03-11 11:07:18 - [TEST_STEP][PASSED] - click(findTestObject("Object Repository/Choose packages/basic package/Page_AdRoot  Campaigns/div_Create")): Object: 'Object Repository/Choose packages/basic package/Page_AdRoot  Campaigns/div_Create' is clicked on

2022-03-11 11:07:19 - [MESSAGE][PASSED] - Object: 'Object Repository/Choose packages/basic package/Page_AdRoot  Campaigns/div_Create' is clicked on

2022-03-11 11:07:19 - [TEST_STEP][PASSED] - click(findTestObject("Object Repository/Choose packages/basic package/Page_AdRoot  Create Campaign Steps/span_Campaign name")): Object: 'Object Repository/Choose packages/basic package/Page_AdRoot  Create Campaign Steps/span_Campaign name' is clicked on

2022-03-11 11:07:21 - [MESSAGE][PASSED] - Object: 'Object Repository/Choose packages/basic package/Page_AdRoot  Create Campaign Steps/span_Campaign name' is clicked on

2022-03-11 11:07:21 - [TEST_STEP][PASSED] - click(findTestObject("Object Repository/Choose packages/Page_AdRoot  Campaigns/div_Account")): Object: 'Object Repository/Choose packages/Page_AdRoot  Campaigns/div_Account' is clicked on

2022-03-11 11:07:21 - [MESSAGE][PASSED] - Object: 'Object Repository/Choose packages/Page_AdRoot  Campaigns/div_Account' is clicked on

2022-03-11 11:07:21 - [TEST_STEP][PASSED] - click(findTestObject("Object Repository/Choose packages/Page_AdRoot  Campaigns/div_My Account")): Object: 'Object Repository/Choose packages/Page_AdRoot  Campaigns/div_My Account' is clicked on

2022-03-11 11:07:21 - [MESSAGE][PASSED] - Object: 'Object Repository/Choose packages/Page_AdRoot  Campaigns/div_My Account' is clicked on

2022-03-11 11:07:21 - [TEST_STEP][PASSED] - click(findTestObject("Object Repository/Choose packages/Page_AdRoot  Campaigns/div_Account settings")): Object: 'Object Repository/Choose packages/Page_AdRoot  Campaigns/div_Account settings' is clicked on

2022-03-11 11:07:22 - [MESSAGE][PASSED] - Object: 'Object Repository/Choose packages/Page_AdRoot  Campaigns/div_Account settings' is clicked on

2022-03-11 11:07:22 - [TEST_STEP][PASSED] - click(findTestObject("Object Repository/Choose packages/Page_AdRoot  Campaigns/button_Delete my Account")): Object: 'Object Repository/Choose packages/Page_AdRoot  Campaigns/button_Delete my Account' is clicked on

2022-03-11 11:07:23 - [MESSAGE][PASSED] - Object: 'Object Repository/Choose packages/Page_AdRoot  Campaigns/button_Delete my Account' is clicked on

2022-03-11 11:07:23 - [TEST_STEP][PASSED] - click(findTestObject("Object Repository/Choose packages/Page_AdRoot  Dashboard/div_Fill in your password_input-content")): Object: 'Object Repository/Choose packages/Page_AdRoot  Dashboard/div_Fill in your password_input-content' is clicked on

2022-03-11 11:07:24 - [MESSAGE][PASSED] - Object: 'Object Repository/Choose packages/Page_AdRoot  Dashboard/div_Fill in your password_input-content' is clicked on

2022-03-11 11:07:24 - [TEST_STEP][PASSED] - setEncryptedText(findTestObject("Object Repository/Choose packages/Page_AdRoot  Dashboard/input_Fill in your password_custom-input"), "9juLMCYi8sYpY2Mrwe5diw=="): Text ****** has been set on object 'Object Repository/Choose packages/Page_AdRoot  Dashboard/input_Fill in your password_custom-input'

2022-03-11 11:07:24 - [MESSAGE][PASSED] - Text ****** has been set on object 'Object Repository/Choose packages/Page_AdRoot  Dashboard/input_Fill in your password_custom-input'

2022-03-11 11:07:24 - [TEST_STEP][PASSED] - click(findTestObject("Object Repository/Choose packages/Page_AdRoot  Campaigns/button_Deleting Account")): Object: 'Object Repository/Choose packages/Page_AdRoot  Campaigns/button_Deleting Account' is clicked on

2022-03-11 11:07:24 - [MESSAGE][PASSED] - Object: 'Object Repository/Choose packages/Page_AdRoot  Campaigns/button_Deleting Account' is clicked on

2022-03-11 11:07:24 - [TEST_STEP][PASSED] - verifyElementPresent(findTestObject("Object Repository/Choose packages/Page_AdRoot  Login/h2_Login into your account"), 0): Object 'Object Repository/Choose packages/Page_AdRoot  Login/h2_Login into your account' is present

2022-03-11 11:07:25 - [MESSAGE][WARNING] - Timeout '0' is invalid. Using default page load timeout: '30'

2022-03-11 11:07:25 - [MESSAGE][PASSED] - Object 'Object Repository/Choose packages/Page_AdRoot  Login/h2_Login into your account' is present

2022-03-11 11:07:25 - [TEST_STEP][PASSED] - closeBrowser(): Browser is closed

2022-03-11 11:07:26 - [MESSAGE][PASSED] - Browser is closed]]></system-out>
         <system-err><![CDATA[]]></system-err>
      </testcase>
      <testcase name="Test Cases/SignUp/Sign-up with email/SignUp with email and skip" time="21.514" classname="Test Cases/SignUp/Sign-up with email/SignUp with email and skip" status="PASSED">
         <system-out><![CDATA[2022-03-11 11:07:26 - [TEST_CASE][PASSED] - Test Cases/SignUp/Sign-up with email/SignUp with email and skip: Test Cases/SignUp/Sign-up with email/SignUp with email and skip

2022-03-11 11:07:26 - [TEST_STEP][PASSED] - openBrowser(""): Browser is opened with url: ''

2022-03-11 11:07:26 - [MESSAGE][INFO] - Starting 'Chrome' driver

2022-03-11 11:07:26 - [MESSAGE][INFO] - Action delay is set to 0 milliseconds

2022-03-11 11:07:27 - [MESSAGE][PASSED] - Browser is opened with url: ''

2022-03-11 11:07:27 - [TEST_STEP][PASSED] - setViewPortSize(1600, 900): Viewport is set to new size with width = 1600 and height = 900

2022-03-11 11:07:28 - [MESSAGE][PASSED] - Viewport is set to new size with width = 1600 and height = 900

2022-03-11 11:07:28 - [TEST_STEP][PASSED] - navigateToUrl("https://app.adroot.io/auth/signin"): Navigate to 'https://app.adroot.io/auth/signin' successfully

2022-03-11 11:07:30 - [MESSAGE][PASSED] - Navigate to 'https://app.adroot.io/auth/signin' successfully

2022-03-11 11:07:30 - [TEST_STEP][PASSED] - click(findTestObject("Object Repository/SignUp/Page_AdRoot  Login/a_Sign up now")): Object: 'Object Repository/SignUp/Page_AdRoot  Login/a_Sign up now' is clicked on

2022-03-11 11:07:31 - [MESSAGE][PASSED] - Object: 'Object Repository/SignUp/Page_AdRoot  Login/a_Sign up now' is clicked on

2022-03-11 11:07:31 - [TEST_STEP][PASSED] - setText(findTestObject("Object Repository/SignUp/Page_AdRoot  Sign up/input_First name_first_name"), "Ruzan"): Text 'Ruzan' is set on object 'Object Repository/SignUp/Page_AdRoot  Sign up/input_First name_first_name'

2022-03-11 11:07:32 - [MESSAGE][PASSED] - Text 'Ruzan' is set on object 'Object Repository/SignUp/Page_AdRoot  Sign up/input_First name_first_name'

2022-03-11 11:07:32 - [TEST_STEP][PASSED] - setText(findTestObject("Object Repository/SignUp/Page_AdRoot  Sign up/input_Last name_last_name"), "Test"): Text 'Test' is set on object 'Object Repository/SignUp/Page_AdRoot  Sign up/input_Last name_last_name'

2022-03-11 11:07:32 - [MESSAGE][PASSED] - Text 'Test' is set on object 'Object Repository/SignUp/Page_AdRoot  Sign up/input_Last name_last_name'

2022-03-11 11:07:32 - [TEST_STEP][PASSED] - setText(findTestObject("Object Repository/SignUp/Page_AdRoot  Sign up/input_E-mail_email"), "runayan@gmail.com"): Text 'runayan@gmail.com' is set on object 'Object Repository/SignUp/Page_AdRoot  Sign up/input_E-mail_email'

2022-03-11 11:07:33 - [MESSAGE][PASSED] - Text 'runayan@gmail.com' is set on object 'Object Repository/SignUp/Page_AdRoot  Sign up/input_E-mail_email'

2022-03-11 11:07:33 - [TEST_STEP][PASSED] - setEncryptedText(findTestObject("Object Repository/SignUp/Page_AdRoot  Sign up/input_Password_password"), "9juLMCYi8sYpY2Mrwe5diw=="): Text ****** has been set on object 'Object Repository/SignUp/Page_AdRoot  Sign up/input_Password_password'

2022-03-11 11:07:34 - [MESSAGE][PASSED] - Text ****** has been set on object 'Object Repository/SignUp/Page_AdRoot  Sign up/input_Password_password'

2022-03-11 11:07:34 - [TEST_STEP][PASSED] - setEncryptedText(findTestObject("Object Repository/SignUp/Page_AdRoot  Sign up/input_Confirm password_confirm"), "9juLMCYi8sYpY2Mrwe5diw=="): Text ****** has been set on object 'Object Repository/SignUp/Page_AdRoot  Sign up/input_Confirm password_confirm'

2022-03-11 11:07:34 - [MESSAGE][PASSED] - Text ****** has been set on object 'Object Repository/SignUp/Page_AdRoot  Sign up/input_Confirm password_confirm'

2022-03-11 11:07:34 - [TEST_STEP][PASSED] - click(findTestObject("Object Repository/SignUp/Page_AdRoot  Sign up/div_Confirm password_checkbox")): Object: 'Object Repository/SignUp/Page_AdRoot  Sign up/div_Confirm password_checkbox' is clicked on

2022-03-11 11:07:35 - [MESSAGE][PASSED] - Object: 'Object Repository/SignUp/Page_AdRoot  Sign up/div_Confirm password_checkbox' is clicked on

2022-03-11 11:07:35 - [TEST_STEP][PASSED] - click(findTestObject("SignUp/SignUp with email/Page_AdRoot  Sign up/button_Sign up")): Object: 'Object Repository/SignUp/SignUp with email/Page_AdRoot  Sign up/button_Sign up' is clicked on

2022-03-11 11:07:35 - [MESSAGE][PASSED] - Object: 'Object Repository/SignUp/SignUp with email/Page_AdRoot  Sign up/button_Sign up' is clicked on

2022-03-11 11:07:35 - [TEST_STEP][PASSED] - Ms = verifyTextPresent("The E-mail address exists.", false): Text 'The E-mail address exists.' is present on page 

2022-03-11 11:07:36 - [MESSAGE][PASSED] - Text 'The E-mail address exists.' is present on page 

2022-03-11 11:07:36 - [TEST_STEP][PASSED] - if (Ms.equals("true")): Keys 'ENTER + ' sent to object: 'Object Repository/SignUp/SignUp with email/Page_AdRoot  Sign up/button_Sign up'

2022-03-11 11:07:36 - [TEST_STEP][PASSED] - RN = <not implemented yet for class: org.codehaus.groovy.ast.expr.EmptyExpression>: null

2022-03-11 11:07:36 - [TEST_STEP][PASSED] - RN = Math.random() * 500: null

2022-03-11 11:07:36 - [TEST_STEP][PASSED] - setText(findTestObject("Object Repository/SignUp/Page_AdRoot  Sign up/input_E-mail_email"), "runayan" + RN + "@gmail.com"): Text 'runayan291@gmail.com' is set on object 'Object Repository/SignUp/Page_AdRoot  Sign up/input_E-mail_email'

2022-03-11 11:07:36 - [MESSAGE][PASSED] - Text 'runayan291@gmail.com' is set on object 'Object Repository/SignUp/Page_AdRoot  Sign up/input_E-mail_email'

2022-03-11 11:07:36 - [TEST_STEP][PASSED] - sendKeys(findTestObject("SignUp/SignUp with email/Page_AdRoot  Sign up/button_Sign up"), Keys.chord(ENTER)): Keys 'ENTER + ' sent to object: 'Object Repository/SignUp/SignUp with email/Page_AdRoot  Sign up/button_Sign up'

2022-03-11 11:07:37 - [MESSAGE][PASSED] - Keys 'ENTER + ' sent to object: 'Object Repository/SignUp/SignUp with email/Page_AdRoot  Sign up/button_Sign up'

2022-03-11 11:07:37 - [TEST_STEP][PASSED] - click(findTestObject("Object Repository/Choose packages/Page_AdRoot  Sign up/button_Skip Payment")): Object: 'Object Repository/Choose packages/Page_AdRoot  Sign up/button_Skip Payment' is clicked on

2022-03-11 11:07:37 - [MESSAGE][PASSED] - Object: 'Object Repository/Choose packages/Page_AdRoot  Sign up/button_Skip Payment' is clicked on

2022-03-11 11:07:37 - [TEST_STEP][PASSED] - click(findTestObject("Object Repository/Choose packages/Page_AdRoot  Dashboard/a_Campaigns")): Object: 'Object Repository/Choose packages/Page_AdRoot  Dashboard/a_Campaigns' is clicked on

2022-03-11 11:07:40 - [MESSAGE][PASSED] - Object: 'Object Repository/Choose packages/Page_AdRoot  Dashboard/a_Campaigns' is clicked on

2022-03-11 11:07:40 - [TEST_STEP][PASSED] - click(findTestObject("Object Repository/Choose packages/Page_AdRoot  Campaigns/div_Create")): Object: 'Object Repository/Choose packages/Page_AdRoot  Campaigns/div_Create' is clicked on

2022-03-11 11:07:41 - [MESSAGE][PASSED] - Object: 'Object Repository/Choose packages/Page_AdRoot  Campaigns/div_Create' is clicked on

2022-03-11 11:07:41 - [TEST_STEP][PASSED] - verifyElementPresent(findTestObject("Object Repository/Choose packages/Page_AdRoot  Campaigns/div_You cant create campaign because on acc_55a7b4"), 0): Object 'Object Repository/Choose packages/Page_AdRoot  Campaigns/div_You cant create campaign because on acc_55a7b4' is present

2022-03-11 11:07:41 - [MESSAGE][WARNING] - Timeout '0' is invalid. Using default page load timeout: '30'

2022-03-11 11:07:41 - [MESSAGE][PASSED] - Object 'Object Repository/Choose packages/Page_AdRoot  Campaigns/div_You cant create campaign because on acc_55a7b4' is present

2022-03-11 11:07:41 - [TEST_STEP][PASSED] - click(findTestObject("Object Repository/Choose packages/Page_AdRoot  Campaigns/div_")): Object: 'Object Repository/Choose packages/Page_AdRoot  Campaigns/div_' is clicked on

2022-03-11 11:07:42 - [MESSAGE][PASSED] - Object: 'Object Repository/Choose packages/Page_AdRoot  Campaigns/div_' is clicked on

2022-03-11 11:07:42 - [TEST_STEP][PASSED] - click(findTestObject("Object Repository/Choose packages/Page_AdRoot  Campaigns/div_Account")): Object: 'Object Repository/Choose packages/Page_AdRoot  Campaigns/div_Account' is clicked on

2022-03-11 11:07:42 - [MESSAGE][PASSED] - Object: 'Object Repository/Choose packages/Page_AdRoot  Campaigns/div_Account' is clicked on

2022-03-11 11:07:42 - [TEST_STEP][PASSED] - click(findTestObject("Object Repository/Choose packages/Page_AdRoot  Campaigns/div_My Account")): Object: 'Object Repository/Choose packages/Page_AdRoot  Campaigns/div_My Account' is clicked on

2022-03-11 11:07:43 - [MESSAGE][PASSED] - Object: 'Object Repository/Choose packages/Page_AdRoot  Campaigns/div_My Account' is clicked on

2022-03-11 11:07:43 - [TEST_STEP][PASSED] - click(findTestObject("Object Repository/Choose packages/Page_AdRoot  Campaigns/div_Account settings")): Object: 'Object Repository/Choose packages/Page_AdRoot  Campaigns/div_Account settings' is clicked on

2022-03-11 11:07:44 - [MESSAGE][PASSED] - Object: 'Object Repository/Choose packages/Page_AdRoot  Campaigns/div_Account settings' is clicked on

2022-03-11 11:07:44 - [TEST_STEP][PASSED] - click(findTestObject("Object Repository/Choose packages/Page_AdRoot  Campaigns/button_Delete my Account")): Object: 'Object Repository/Choose packages/Page_AdRoot  Campaigns/button_Delete my Account' is clicked on

2022-03-11 11:07:44 - [MESSAGE][PASSED] - Object: 'Object Repository/Choose packages/Page_AdRoot  Campaigns/button_Delete my Account' is clicked on

2022-03-11 11:07:44 - [TEST_STEP][PASSED] - click(findTestObject("Object Repository/Choose packages/Page_AdRoot  Dashboard/div_Fill in your password_input-content")): Object: 'Object Repository/Choose packages/Page_AdRoot  Dashboard/div_Fill in your password_input-content' is clicked on

2022-03-11 11:07:45 - [MESSAGE][PASSED] - Object: 'Object Repository/Choose packages/Page_AdRoot  Dashboard/div_Fill in your password_input-content' is clicked on

2022-03-11 11:07:45 - [TEST_STEP][PASSED] - setEncryptedText(findTestObject("Object Repository/Choose packages/Page_AdRoot  Dashboard/input_Fill in your password_custom-input"), "9juLMCYi8sYpY2Mrwe5diw=="): Text ****** has been set on object 'Object Repository/Choose packages/Page_AdRoot  Dashboard/input_Fill in your password_custom-input'

2022-03-11 11:07:45 - [MESSAGE][PASSED] - Text ****** has been set on object 'Object Repository/Choose packages/Page_AdRoot  Dashboard/input_Fill in your password_custom-input'

2022-03-11 11:07:45 - [TEST_STEP][PASSED] - click(findTestObject("Object Repository/Choose packages/Page_AdRoot  Campaigns/button_Deleting Account")): Object: 'Object Repository/Choose packages/Page_AdRoot  Campaigns/button_Deleting Account' is clicked on

2022-03-11 11:07:46 - [MESSAGE][PASSED] - Object: 'Object Repository/Choose packages/Page_AdRoot  Campaigns/button_Deleting Account' is clicked on

2022-03-11 11:07:46 - [TEST_STEP][PASSED] - verifyElementPresent(findTestObject("Object Repository/Choose packages/Page_AdRoot  Login/h2_Login into your account"), 0): Object 'Object Repository/Choose packages/Page_AdRoot  Login/h2_Login into your account' is present

2022-03-11 11:07:46 - [MESSAGE][WARNING] - Timeout '0' is invalid. Using default page load timeout: '30'

2022-03-11 11:07:47 - [MESSAGE][PASSED] - Object 'Object Repository/Choose packages/Page_AdRoot  Login/h2_Login into your account' is present

2022-03-11 11:07:47 - [TEST_STEP][PASSED] - closeBrowser(): Browser is closed

2022-03-11 11:07:47 - [MESSAGE][PASSED] - Browser is closed]]></system-out>
         <system-err><![CDATA[]]></system-err>
      </testcase>
      <system-out><![CDATA[2022-03-11 11:03:59 - [TEST_SUITE][FAILED] - SignUp with packages: Test Cases/SignUp/Sign-up with email/SignUp with email and business FAILED.
Reason:
com.kms.katalon.core.exception.StepFailedException: Unable to set text '5406 6100 0080 8837' of object 'Object Repository/Choose packages/basic package/Page_AdRoot Technologies LLC/input__cardNumber'
	at com.kms.katalon.core.webui.keyword.internal.WebUIKeywordMain.stepFailed(WebUIKeywordMain.groovy:64)
	at com.kms.katalon.core.webui.keyword.internal.WebUIKeywordMain.runKeyword(WebUIKeywordMain.groovy:26)
	at com.kms.katalon.core.webui.keyword.builtin.SetTextKeyword.setText(SetTextKeyword.groovy:66)
	at com.kms.katalon.core.webui.keyword.builtin.SetTextKeyword.execute(SetTextKeyword.groovy:37)
	at com.kms.katalon.core.keyword.internal.KeywordExecutor.executeKeywordForPlatform(KeywordExecutor.groovy:74)
	at com.kms.katalon.core.webui.keyword.WebUiBuiltInKeywords.setText(WebUiBuiltInKeywords.groovy:980)
	at com.kms.katalon.core.webui.keyword.WebUiBuiltInKeywords$setText$3.call(Unknown Source)
	at SignUp with email and business.run(SignUp with email and business:62)
	at com.kms.katalon.core.main.ScriptEngine.run(ScriptEngine.java:194)
	at com.kms.katalon.core.main.ScriptEngine.runScriptAsRawText(ScriptEngine.java:119)
	at com.kms.katalon.core.main.TestCaseExecutor.runScript(TestCaseExecutor.java:442)
	at com.kms.katalon.core.main.TestCaseExecutor.doExecute(TestCaseExecutor.java:433)
	at com.kms.katalon.core.main.TestCaseExecutor.processExecutionPhase(TestCaseExecutor.java:412)
	at com.kms.katalon.core.main.TestCaseExecutor.accessMainPhase(TestCaseExecutor.java:404)
	at com.kms.katalon.core.main.TestCaseExecutor.execute(TestCaseExecutor.java:281)
	at com.kms.katalon.core.main.TestSuiteExecutor.accessTestCaseMainPhase(TestSuiteExecutor.java:202)
	at com.kms.katalon.core.main.TestSuiteExecutor.accessTestSuiteMainPhase(TestSuiteExecutor.java:164)
	at com.kms.katalon.core.main.TestSuiteExecutor.execute(TestSuiteExecutor.java:105)
	at com.kms.katalon.core.main.TestCaseMain.startTestSuite(TestCaseMain.java:185)
	at com.kms.katalon.core.main.TestCaseMain$startTestSuite$0.call(Unknown Source)
	at TempTestSuite1646982228319.run(TempTestSuite1646982228319.groovy:36)
Caused by: com.kms.katalon.core.webui.exception.WebElementNotFoundException: Web element with id: 'Object Repository/Choose packages/basic package/Page_AdRoot Technologies LLC/input__cardNumber' located by '//input[@id='cardNumber']' not found
	at com.kms.katalon.core.webui.common.WebUiCommonHelper.findWebElement(WebUiCommonHelper.java:1370)
	at com.kms.katalon.core.webui.keyword.internal.WebUIAbstractKeyword.findWebElement(WebUIAbstractKeyword.groovy:27)
	at com.kms.katalon.core.webui.keyword.internal.WebUIAbstractKeyword.findWebElement(WebUIAbstractKeyword.groovy:26)
	at com.kms.katalon.core.webui.keyword.builtin.SetTextKeyword$_setText_closure1.doCall(SetTextKeyword.groovy:51)
	at com.kms.katalon.core.webui.keyword.builtin.SetTextKeyword$_setText_closure1.call(SetTextKeyword.groovy)
	at com.kms.katalon.core.webui.keyword.internal.WebUIKeywordMain.runKeyword(WebUIKeywordMain.groovy:20)
	... 19 more]]></system-out>
      <system-err><![CDATA[2022-03-11 11:03:59 - [TEST_SUITE][FAILED] - SignUp with packages: Test Cases/SignUp/Sign-up with email/SignUp with email and business FAILED.
Reason:
com.kms.katalon.core.exception.StepFailedException: Unable to set text '5406 6100 0080 8837' of object 'Object Repository/Choose packages/basic package/Page_AdRoot Technologies LLC/input__cardNumber'
	at com.kms.katalon.core.webui.keyword.internal.WebUIKeywordMain.stepFailed(WebUIKeywordMain.groovy:64)
	at com.kms.katalon.core.webui.keyword.internal.WebUIKeywordMain.runKeyword(WebUIKeywordMain.groovy:26)
	at com.kms.katalon.core.webui.keyword.builtin.SetTextKeyword.setText(SetTextKeyword.groovy:66)
	at com.kms.katalon.core.webui.keyword.builtin.SetTextKeyword.execute(SetTextKeyword.groovy:37)
	at com.kms.katalon.core.keyword.internal.KeywordExecutor.executeKeywordForPlatform(KeywordExecutor.groovy:74)
	at com.kms.katalon.core.webui.keyword.WebUiBuiltInKeywords.setText(WebUiBuiltInKeywords.groovy:980)
	at com.kms.katalon.core.webui.keyword.WebUiBuiltInKeywords$setText$3.call(Unknown Source)
	at SignUp with email and business.run(SignUp with email and business:62)
	at com.kms.katalon.core.main.ScriptEngine.run(ScriptEngine.java:194)
	at com.kms.katalon.core.main.ScriptEngine.runScriptAsRawText(ScriptEngine.java:119)
	at com.kms.katalon.core.main.TestCaseExecutor.runScript(TestCaseExecutor.java:442)
	at com.kms.katalon.core.main.TestCaseExecutor.doExecute(TestCaseExecutor.java:433)
	at com.kms.katalon.core.main.TestCaseExecutor.processExecutionPhase(TestCaseExecutor.java:412)
	at com.kms.katalon.core.main.TestCaseExecutor.accessMainPhase(TestCaseExecutor.java:404)
	at com.kms.katalon.core.main.TestCaseExecutor.execute(TestCaseExecutor.java:281)
	at com.kms.katalon.core.main.TestSuiteExecutor.accessTestCaseMainPhase(TestSuiteExecutor.java:202)
	at com.kms.katalon.core.main.TestSuiteExecutor.accessTestSuiteMainPhase(TestSuiteExecutor.java:164)
	at com.kms.katalon.core.main.TestSuiteExecutor.execute(TestSuiteExecutor.java:105)
	at com.kms.katalon.core.main.TestCaseMain.startTestSuite(TestCaseMain.java:185)
	at com.kms.katalon.core.main.TestCaseMain$startTestSuite$0.call(Unknown Source)
	at TempTestSuite1646982228319.run(TempTestSuite1646982228319.groovy:36)
Caused by: com.kms.katalon.core.webui.exception.WebElementNotFoundException: Web element with id: 'Object Repository/Choose packages/basic package/Page_AdRoot Technologies LLC/input__cardNumber' located by '//input[@id='cardNumber']' not found
	at com.kms.katalon.core.webui.common.WebUiCommonHelper.findWebElement(WebUiCommonHelper.java:1370)
	at com.kms.katalon.core.webui.keyword.internal.WebUIAbstractKeyword.findWebElement(WebUIAbstractKeyword.groovy:27)
	at com.kms.katalon.core.webui.keyword.internal.WebUIAbstractKeyword.findWebElement(WebUIAbstractKeyword.groovy:26)
	at com.kms.katalon.core.webui.keyword.builtin.SetTextKeyword$_setText_closure1.doCall(SetTextKeyword.groovy:51)
	at com.kms.katalon.core.webui.keyword.builtin.SetTextKeyword$_setText_closure1.call(SetTextKeyword.groovy)
	at com.kms.katalon.core.webui.keyword.internal.WebUIKeywordMain.runKeyword(WebUIKeywordMain.groovy:20)
	... 19 more]]></system-err>
   </testsuite>
</testsuites>
