<?xml version="1.0" encoding="UTF-8"?>
<testsuites name="SignUp with packages" time="224.293" tests="5" failures="1" errors="0">
   <testsuite name="SignUp with packages" tests="5" failures="1" errors="0" time="224.293" skipped="0" timestamp="2022-03-29 11:44:27" hostname="AdRoot_PC2 - GorsPC" id="Test Suites/Suits/SignUp with packages">
      <properties>
         <property name="deviceName" value=""/>
         <property name="devicePlatform" value=""/>
         <property name="logFolder" value="C:\\Users\\AdRoot_PC2\\git\\KatalonAutomation\\Reports\\20220329_114421\\Suits\\SignUp with packages\\20220329_114421"/>
         <property name="logFiles" value="C:\\Users\\AdRoot_PC2\\git\\KatalonAutomation\\Reports\\20220329_114421\\Suits\\SignUp with packages\\20220329_114421\\execution0.log"/>
         <property name="attachments" value="C:\\Users\\AdRoot_PC2\\git\\KatalonAutomation\\Reports\\20220329_114421\\Suits\\SignUp with packages\\20220329_114421\\1648539924980.png"/>
         <property name="hostName" value="AdRoot_PC2 - GorsPC"/>
         <property name="os" value="Windows 10 64bit"/>
         <property name="katalonVersion" value="8.2.5.208"/>
         <property name="browser" value="Chrome 99.0.4844.84"/>
         <property name="hostAddress" value="192.168.0.106"/>
         <property name="sessionId" value="97c97d00656287d664c298c60fd4119b"/>
         <property name="seleniumVersion" value="3.141.59"/>
         <property name="proxyInformation" value="ProxyInformation { proxyOption=NO_PROXY, proxyServerType=HTTP, username=, password=********, proxyServerAddress=, proxyServerPort=0, executionList=&quot;&quot;, isApplyToDesiredCapabilities=true }"/>
         <property name="platform" value="Windows 10"/>
      </properties>
      <testcase name="Test Cases/SignUp/Sign-up with email/Sig-up email-free-from landing" time="58.373" classname="Test Cases/SignUp/Sign-up with email/Sig-up email-free-from landing" status="FAILED">
         <failure type="FAILED" message="Test Cases/SignUp/Sign-up with email/Sig-up email-free-from landing FAILED.
Reason:
com.kms.katalon.core.exception.StepFailedException: Unable to click on object 'Object Repository/Choose packages/basic package/Page_AdRoot  Dashboard/a_Campaigns'
	at com.kms.katalon.core.webui.keyword.internal.WebUIKeywordMain.stepFailed(WebUIKeywordMain.groovy:64)
	at com.kms.katalon.core.webui.keyword.internal.WebUIKeywordMain.runKeyword(WebUIKeywordMain.groovy:26)
	at com.kms.katalon.core.webui.keyword.builtin.ClickKeyword.click(ClickKeyword.groovy:74)
	at com.kms.katalon.core.webui.keyword.builtin.ClickKeyword.execute(ClickKeyword.groovy:40)
	at com.kms.katalon.core.keyword.internal.KeywordExecutor.executeKeywordForPlatform(KeywordExecutor.groovy:74)
	at com.kms.katalon.core.webui.keyword.WebUiBuiltInKeywords.click(WebUiBuiltInKeywords.groovy:620)
	at com.kms.katalon.core.webui.keyword.WebUiBuiltInKeywords$click$2.call(Unknown Source)
	at Sig-up email-free-from landing.run(Sig-up email-free-from landing:61)
	at com.kms.katalon.core.main.ScriptEngine.run(ScriptEngine.java:194)
	at com.kms.katalon.core.main.ScriptEngine.runScriptAsRawText(ScriptEngine.java:119)
	at com.kms.katalon.core.main.TestCaseExecutor.runScript(TestCaseExecutor.java:442)
	at com.kms.katalon.core.main.TestCaseExecutor.doExecute(TestCaseExecutor.java:433)
	at com.kms.katalon.core.main.TestCaseExecutor.processExecutionPhase(TestCaseExecutor.java:412)
	at com.kms.katalon.core.main.TestCaseExecutor.accessMainPhase(TestCaseExecutor.java:404)
	at com.kms.katalon.core.main.TestCaseExecutor.execute(TestCaseExecutor.java:281)
	at com.kms.katalon.core.main.TestSuiteExecutor.accessTestCaseMainPhase(TestSuiteExecutor.java:202)
	at com.kms.katalon.core.main.TestSuiteExecutor.accessTestSuiteMainPhase(TestSuiteExecutor.java:164)
	at com.kms.katalon.core.main.TestSuiteExecutor.execute(TestSuiteExecutor.java:105)
	at com.kms.katalon.core.main.TestCaseMain.startTestSuite(TestCaseMain.java:185)
	at com.kms.katalon.core.main.TestCaseMain$startTestSuite$0.call(Unknown Source)
	at TempTestSuite1648539861514.run(TempTestSuite1648539861514.groovy:36)
Caused by: org.openqa.selenium.ElementClickInterceptedException: element click intercepted: Element &lt;a href=&quot;/advertiser/social-media/campaigns&quot;>...&lt;/a> is not clickable at point (654, 29). Other element would receive the click: &lt;div class=&quot;popup popup-large-size &quot;>...&lt;/div>
  (Session info: chrome=99.0.4844.84)
Build info: version: '3.141.59', revision: 'e82be7d358', time: '2018-11-14T08:25:53'
System info: host: 'GORSPC', ip: '192.168.0.106', os.name: 'Windows 10', os.arch: 'amd64', os.version: '10.0', java.version: '1.8.0_282'
Driver info: com.kms.katalon.selenium.driver.CChromeDriver
Capabilities {acceptInsecureCerts: false, browserName: chrome, browserVersion: 99.0.4844.84, chrome: {chromedriverVersion: 99.0.4844.51 (d537ec02474b5..., userDataDir: C:\Users\AdRoot_PC2\AppData...}, goog:chromeOptions: {debuggerAddress: localhost:55980}, javascriptEnabled: true, networkConnectionEnabled: false, pageLoadStrategy: normal, platform: WINDOWS, platformName: WINDOWS, proxy: Proxy(), setWindowRect: true, strictFileInteractability: false, timeouts: {implicit: 0, pageLoad: 300000, script: 30000}, unhandledPromptBehavior: dismiss and notify, webauthn:extension:credBlob: true, webauthn:extension:largeBlob: true, webauthn:virtualAuthenticators: true}
Session ID: d91e2a28ebb68655b043e66b2462c327
	at org.openqa.selenium.remote.http.W3CHttpResponseCodec.createException(W3CHttpResponseCodec.java:187)
	at org.openqa.selenium.remote.http.W3CHttpResponseCodec.decode(W3CHttpResponseCodec.java:122)
	at org.openqa.selenium.remote.http.W3CHttpResponseCodec.decode(W3CHttpResponseCodec.java:49)
	at org.openqa.selenium.remote.HttpCommandExecutor.execute(HttpCommandExecutor.java:158)
	at org.openqa.selenium.remote.service.DriverCommandExecutor.execute(DriverCommandExecutor.java:83)
	at org.openqa.selenium.remote.RemoteWebDriver.execute(RemoteWebDriver.java:552)
	at com.kms.katalon.selenium.driver.CChromeDriver.execute(CChromeDriver.java:19)
	at org.openqa.selenium.remote.RemoteWebElement.execute(RemoteWebElement.java:285)
	at org.openqa.selenium.remote.RemoteWebElement.click(RemoteWebElement.java:84)
	at org.openqa.selenium.support.events.EventFiringWebDriver$EventFiringWebElement.lambda$new$0(EventFiringWebDriver.java:404)
	at com.sun.proxy.$Proxy11.click(Unknown Source)
	at org.openqa.selenium.support.events.EventFiringWebDriver$EventFiringWebElement.click(EventFiringWebDriver.java:417)
	at org.openqa.selenium.WebElement$click.call(Unknown Source)
	at com.kms.katalon.core.webui.keyword.builtin.ClickKeyword.clickUntilSuccessWithTimeout(ClickKeyword.groovy:81)
	at com.kms.katalon.core.webui.keyword.builtin.ClickKeyword.clickUntilSuccessWithTimeout(ClickKeyword.groovy)
	at com.kms.katalon.core.webui.keyword.builtin.ClickKeyword$_click_closure1.doCall(ClickKeyword.groovy:67)
	at com.kms.katalon.core.webui.keyword.builtin.ClickKeyword$_click_closure1.call(ClickKeyword.groovy)
	at com.kms.katalon.core.webui.keyword.internal.WebUIKeywordMain.runKeyword(WebUIKeywordMain.groovy:20)
	... 19 more
"/>
         <system-out><![CDATA[2022-03-29 11:44:28 - [TEST_CASE][FAILED] - Test Cases/SignUp/Sign-up with email/Sig-up email-free-from landing: Test Cases/SignUp/Sign-up with email/Sig-up email-free-from landing FAILED.
Reason:
com.kms.katalon.core.exception.StepFailedException: Unable to click on object 'Object Repository/Choose packages/basic package/Page_AdRoot  Dashboard/a_Campaigns'
	at com.kms.katalon.core.webui.keyword.internal.WebUIKeywordMain.stepFailed(WebUIKeywordMain.groovy:64)
	at com.kms.katalon.core.webui.keyword.internal.WebUIKeywordMain.runKeyword(WebUIKeywordMain.groovy:26)
	at com.kms.katalon.core.webui.keyword.builtin.ClickKeyword.click(ClickKeyword.groovy:74)
	at com.kms.katalon.core.webui.keyword.builtin.ClickKeyword.execute(ClickKeyword.groovy:40)
	at com.kms.katalon.core.keyword.internal.KeywordExecutor.executeKeywordForPlatform(KeywordExecutor.groovy:74)
	at com.kms.katalon.core.webui.keyword.WebUiBuiltInKeywords.click(WebUiBuiltInKeywords.groovy:620)
	at com.kms.katalon.core.webui.keyword.WebUiBuiltInKeywords$click$2.call(Unknown Source)
	at Sig-up email-free-from landing.run(Sig-up email-free-from landing:61)
	at com.kms.katalon.core.main.ScriptEngine.run(ScriptEngine.java:194)
	at com.kms.katalon.core.main.ScriptEngine.runScriptAsRawText(ScriptEngine.java:119)
	at com.kms.katalon.core.main.TestCaseExecutor.runScript(TestCaseExecutor.java:442)
	at com.kms.katalon.core.main.TestCaseExecutor.doExecute(TestCaseExecutor.java:433)
	at com.kms.katalon.core.main.TestCaseExecutor.processExecutionPhase(TestCaseExecutor.java:412)
	at com.kms.katalon.core.main.TestCaseExecutor.accessMainPhase(TestCaseExecutor.java:404)
	at com.kms.katalon.core.main.TestCaseExecutor.execute(TestCaseExecutor.java:281)
	at com.kms.katalon.core.main.TestSuiteExecutor.accessTestCaseMainPhase(TestSuiteExecutor.java:202)
	at com.kms.katalon.core.main.TestSuiteExecutor.accessTestSuiteMainPhase(TestSuiteExecutor.java:164)
	at com.kms.katalon.core.main.TestSuiteExecutor.execute(TestSuiteExecutor.java:105)
	at com.kms.katalon.core.main.TestCaseMain.startTestSuite(TestCaseMain.java:185)
	at com.kms.katalon.core.main.TestCaseMain$startTestSuite$0.call(Unknown Source)
	at TempTestSuite1648539861514.run(TempTestSuite1648539861514.groovy:36)
Caused by: org.openqa.selenium.ElementClickInterceptedException: element click intercepted: Element <a href="/advertiser/social-media/campaigns">...</a> is not clickable at point (654, 29). Other element would receive the click: <div class="popup popup-large-size ">...</div>
  (Session info: chrome=99.0.4844.84)
Build info: version: '3.141.59', revision: 'e82be7d358', time: '2018-11-14T08:25:53'
System info: host: 'GORSPC', ip: '192.168.0.106', os.name: 'Windows 10', os.arch: 'amd64', os.version: '10.0', java.version: '1.8.0_282'
Driver info: com.kms.katalon.selenium.driver.CChromeDriver
Capabilities {acceptInsecureCerts: false, browserName: chrome, browserVersion: 99.0.4844.84, chrome: {chromedriverVersion: 99.0.4844.51 (d537ec02474b5..., userDataDir: C:\Users\AdRoot_PC2\AppData...}, goog:chromeOptions: {debuggerAddress: localhost:55980}, javascriptEnabled: true, networkConnectionEnabled: false, pageLoadStrategy: normal, platform: WINDOWS, platformName: WINDOWS, proxy: Proxy(), setWindowRect: true, strictFileInteractability: false, timeouts: {implicit: 0, pageLoad: 300000, script: 30000}, unhandledPromptBehavior: dismiss and notify, webauthn:extension:credBlob: true, webauthn:extension:largeBlob: true, webauthn:virtualAuthenticators: true}
Session ID: d91e2a28ebb68655b043e66b2462c327
	at org.openqa.selenium.remote.http.W3CHttpResponseCodec.createException(W3CHttpResponseCodec.java:187)
	at org.openqa.selenium.remote.http.W3CHttpResponseCodec.decode(W3CHttpResponseCodec.java:122)
	at org.openqa.selenium.remote.http.W3CHttpResponseCodec.decode(W3CHttpResponseCodec.java:49)
	at org.openqa.selenium.remote.HttpCommandExecutor.execute(HttpCommandExecutor.java:158)
	at org.openqa.selenium.remote.service.DriverCommandExecutor.execute(DriverCommandExecutor.java:83)
	at org.openqa.selenium.remote.RemoteWebDriver.execute(RemoteWebDriver.java:552)
	at com.kms.katalon.selenium.driver.CChromeDriver.execute(CChromeDriver.java:19)
	at org.openqa.selenium.remote.RemoteWebElement.execute(RemoteWebElement.java:285)
	at org.openqa.selenium.remote.RemoteWebElement.click(RemoteWebElement.java:84)
	at org.openqa.selenium.support.events.EventFiringWebDriver$EventFiringWebElement.lambda$new$0(EventFiringWebDriver.java:404)
	at com.sun.proxy.$Proxy11.click(Unknown Source)
	at org.openqa.selenium.support.events.EventFiringWebDriver$EventFiringWebElement.click(EventFiringWebDriver.java:417)
	at org.openqa.selenium.WebElement$click.call(Unknown Source)
	at com.kms.katalon.core.webui.keyword.builtin.ClickKeyword.clickUntilSuccessWithTimeout(ClickKeyword.groovy:81)
	at com.kms.katalon.core.webui.keyword.builtin.ClickKeyword.clickUntilSuccessWithTimeout(ClickKeyword.groovy)
	at com.kms.katalon.core.webui.keyword.builtin.ClickKeyword$_click_closure1.doCall(ClickKeyword.groovy:67)
	at com.kms.katalon.core.webui.keyword.builtin.ClickKeyword$_click_closure1.call(ClickKeyword.groovy)
	at com.kms.katalon.core.webui.keyword.internal.WebUIKeywordMain.runKeyword(WebUIKeywordMain.groovy:20)
	... 19 more


2022-03-29 11:44:28 - [TEST_STEP][PASSED] - openBrowser(""): Browser is opened with url: ''

2022-03-29 11:44:29 - [MESSAGE][INFO] - Starting 'Chrome' driver

2022-03-29 11:44:29 - [MESSAGE][INFO] - Action delay is set to 0 milliseconds

2022-03-29 11:44:32 - [MESSAGE][PASSED] - Browser is opened with url: ''

2022-03-29 11:44:32 - [TEST_STEP][PASSED] - setViewPortSize(1700, 900): Viewport is set to new size with width = 1700 and height = 900

2022-03-29 11:44:32 - [MESSAGE][PASSED] - Viewport is set to new size with width = 1700 and height = 900

2022-03-29 11:44:32 - [TEST_STEP][PASSED] - navigateToUrl("http://adroot.io/"): Navigate to 'http://adroot.io/' successfully

2022-03-29 11:44:35 - [MESSAGE][PASSED] - Navigate to 'http://adroot.io/' successfully

2022-03-29 11:44:35 - [TEST_STEP][PASSED] - click(findTestObject("Object Repository/Choose packages/Page_AdRoot Ad Manager - One Place To Manag_7de57e/button_AGREE")): Object: 'Object Repository/Choose packages/Page_AdRoot Ad Manager - One Place To Manag_7de57e/button_AGREE' is clicked on

2022-03-29 11:44:36 - [MESSAGE][PASSED] - Object: 'Object Repository/Choose packages/Page_AdRoot Ad Manager - One Place To Manag_7de57e/button_AGREE' is clicked on

2022-03-29 11:44:36 - [TEST_STEP][PASSED] - click(findTestObject("Object Repository/Choose packages/Page_AdRoot Ad Manager - One Place To Manag_7de57e/a_Pricing")): Object: 'Object Repository/Choose packages/Page_AdRoot Ad Manager - One Place To Manag_7de57e/a_Pricing' is clicked on

2022-03-29 11:44:37 - [MESSAGE][PASSED] - Object: 'Object Repository/Choose packages/Page_AdRoot Ad Manager - One Place To Manag_7de57e/a_Pricing' is clicked on

2022-03-29 11:44:37 - [TEST_STEP][PASSED] - click(findTestObject("Object Repository/Choose packages/Page_Pricing - AdRoot Ad Manager/a_Sign Up")): Object: 'Object Repository/Choose packages/Page_Pricing - AdRoot Ad Manager/a_Sign Up' is clicked on

2022-03-29 11:44:42 - [MESSAGE][PASSED] - Object: 'Object Repository/Choose packages/Page_Pricing - AdRoot Ad Manager/a_Sign Up' is clicked on

2022-03-29 11:44:42 - [TEST_STEP][PASSED] - setText(findTestObject("Object Repository/SignUp/Page_AdRoot  Sign up/input_First name_first_name"), "Ruzan"): Text 'Ruzan' is set on object 'Object Repository/SignUp/Page_AdRoot  Sign up/input_First name_first_name'

2022-03-29 11:44:43 - [MESSAGE][PASSED] - Text 'Ruzan' is set on object 'Object Repository/SignUp/Page_AdRoot  Sign up/input_First name_first_name'

2022-03-29 11:44:43 - [TEST_STEP][PASSED] - setText(findTestObject("Object Repository/SignUp/Page_AdRoot  Sign up/input_Last name_last_name"), "Test"): Text 'Test' is set on object 'Object Repository/SignUp/Page_AdRoot  Sign up/input_Last name_last_name'

2022-03-29 11:44:44 - [MESSAGE][PASSED] - Text 'Test' is set on object 'Object Repository/SignUp/Page_AdRoot  Sign up/input_Last name_last_name'

2022-03-29 11:44:44 - [TEST_STEP][PASSED] - setText(findTestObject("Object Repository/SignUp/Page_AdRoot  Sign up/input_E-mail_email"), "runayan@gmail.com"): Text 'runayan@gmail.com' is set on object 'Object Repository/SignUp/Page_AdRoot  Sign up/input_E-mail_email'

2022-03-29 11:44:45 - [MESSAGE][PASSED] - Text 'runayan@gmail.com' is set on object 'Object Repository/SignUp/Page_AdRoot  Sign up/input_E-mail_email'

2022-03-29 11:44:45 - [TEST_STEP][PASSED] - setEncryptedText(findTestObject("Object Repository/SignUp/Page_AdRoot  Sign up/input_Password_password"), "9juLMCYi8sYpY2Mrwe5diw=="): Text ****** has been set on object 'Object Repository/SignUp/Page_AdRoot  Sign up/input_Password_password'

2022-03-29 11:44:46 - [MESSAGE][PASSED] - Text ****** has been set on object 'Object Repository/SignUp/Page_AdRoot  Sign up/input_Password_password'

2022-03-29 11:44:46 - [TEST_STEP][PASSED] - setEncryptedText(findTestObject("Object Repository/SignUp/Page_AdRoot  Sign up/input_Confirm password_confirm"), "9juLMCYi8sYpY2Mrwe5diw=="): Text ****** has been set on object 'Object Repository/SignUp/Page_AdRoot  Sign up/input_Confirm password_confirm'

2022-03-29 11:44:46 - [MESSAGE][PASSED] - Text ****** has been set on object 'Object Repository/SignUp/Page_AdRoot  Sign up/input_Confirm password_confirm'

2022-03-29 11:44:46 - [TEST_STEP][PASSED] - click(findTestObject("Object Repository/SignUp/Page_AdRoot  Sign up/div_Confirm password_checkbox")): Object: 'Object Repository/SignUp/Page_AdRoot  Sign up/div_Confirm password_checkbox' is clicked on

2022-03-29 11:44:47 - [MESSAGE][PASSED] - Object: 'Object Repository/SignUp/Page_AdRoot  Sign up/div_Confirm password_checkbox' is clicked on

2022-03-29 11:44:47 - [TEST_STEP][PASSED] - click(findTestObject("SignUp/SignUp with email/Page_AdRoot  Sign up/button_Sign up")): Object: 'Object Repository/SignUp/SignUp with email/Page_AdRoot  Sign up/button_Sign up' is clicked on

2022-03-29 11:44:47 - [MESSAGE][PASSED] - Object: 'Object Repository/SignUp/SignUp with email/Page_AdRoot  Sign up/button_Sign up' is clicked on

2022-03-29 11:44:47 - [TEST_STEP][PASSED] - Ms = verifyTextPresent("The E-mail address exists.", false): Text 'The E-mail address exists.' is present on page 

2022-03-29 11:44:48 - [MESSAGE][PASSED] - Text 'The E-mail address exists.' is present on page 

2022-03-29 11:44:48 - [TEST_STEP][PASSED] - if (Ms.equals("true")): Keys 'ENTER + ' sent to object: 'Object Repository/SignUp/SignUp with email/Page_AdRoot  Sign up/button_Sign up'

2022-03-29 11:44:48 - [TEST_STEP][PASSED] - RN = <not implemented yet for class: org.codehaus.groovy.ast.expr.EmptyExpression>: null

2022-03-29 11:44:48 - [TEST_STEP][PASSED] - RN = Math.random() * 500: null

2022-03-29 11:44:48 - [TEST_STEP][PASSED] - setText(findTestObject("Object Repository/SignUp/Page_AdRoot  Sign up/input_E-mail_email"), "runayan" + RN + "@gmail.com"): Text 'runayan63@gmail.com' is set on object 'Object Repository/SignUp/Page_AdRoot  Sign up/input_E-mail_email'

2022-03-29 11:44:48 - [MESSAGE][PASSED] - Text 'runayan63@gmail.com' is set on object 'Object Repository/SignUp/Page_AdRoot  Sign up/input_E-mail_email'

2022-03-29 11:44:48 - [TEST_STEP][PASSED] - sendKeys(findTestObject("SignUp/SignUp with email/Page_AdRoot  Sign up/button_Sign up"), Keys.chord(ENTER)): Keys 'ENTER + ' sent to object: 'Object Repository/SignUp/SignUp with email/Page_AdRoot  Sign up/button_Sign up'

2022-03-29 11:44:49 - [MESSAGE][PASSED] - Keys 'ENTER + ' sent to object: 'Object Repository/SignUp/SignUp with email/Page_AdRoot  Sign up/button_Sign up'

2022-03-29 11:44:49 - [TEST_STEP][FAILED] - click(findTestObject("Object Repository/Choose packages/basic package/Page_AdRoot  Dashboard/a_Campaigns")): Unable to click on object 'Object Repository/Choose packages/basic package/Page_AdRoot  Dashboard/a_Campaigns' (Root cause: com.kms.katalon.core.exception.StepFailedException: Unable to click on object 'Object Repository/Choose packages/basic package/Page_AdRoot  Dashboard/a_Campaigns'
	at com.kms.katalon.core.webui.keyword.internal.WebUIKeywordMain.stepFailed(WebUIKeywordMain.groovy:64)
	at com.kms.katalon.core.webui.keyword.internal.WebUIKeywordMain.runKeyword(WebUIKeywordMain.groovy:26)
	at com.kms.katalon.core.webui.keyword.builtin.ClickKeyword.click(ClickKeyword.groovy:74)
	at com.kms.katalon.core.webui.keyword.builtin.ClickKeyword.execute(ClickKeyword.groovy:40)
	at com.kms.katalon.core.keyword.internal.KeywordExecutor.executeKeywordForPlatform(KeywordExecutor.groovy:74)
	at com.kms.katalon.core.webui.keyword.WebUiBuiltInKeywords.click(WebUiBuiltInKeywords.groovy:620)
	at com.kms.katalon.core.webui.keyword.WebUiBuiltInKeywords$click$2.call(Unknown Source)
	at Sig-up email-free-from landing.run(Sig-up email-free-from landing:61)
	at com.kms.katalon.core.main.ScriptEngine.run(ScriptEngine.java:194)
	at com.kms.katalon.core.main.ScriptEngine.runScriptAsRawText(ScriptEngine.java:119)
	at com.kms.katalon.core.main.TestCaseExecutor.runScript(TestCaseExecutor.java:442)
	at com.kms.katalon.core.main.TestCaseExecutor.doExecute(TestCaseExecutor.java:433)
	at com.kms.katalon.core.main.TestCaseExecutor.processExecutionPhase(TestCaseExecutor.java:412)
	at com.kms.katalon.core.main.TestCaseExecutor.accessMainPhase(TestCaseExecutor.java:404)
	at com.kms.katalon.core.main.TestCaseExecutor.execute(TestCaseExecutor.java:281)
	at com.kms.katalon.core.main.TestSuiteExecutor.accessTestCaseMainPhase(TestSuiteExecutor.java:202)
	at com.kms.katalon.core.main.TestSuiteExecutor.accessTestSuiteMainPhase(TestSuiteExecutor.java:164)
	at com.kms.katalon.core.main.TestSuiteExecutor.execute(TestSuiteExecutor.java:105)
	at com.kms.katalon.core.main.TestCaseMain.startTestSuite(TestCaseMain.java:185)
	at com.kms.katalon.core.main.TestCaseMain$startTestSuite$0.call(Unknown Source)
	at TempTestSuite1648539861514.run(TempTestSuite1648539861514.groovy:36)
Caused by: org.openqa.selenium.ElementClickInterceptedException: element click intercepted: Element <a href="/advertiser/social-media/campaigns">...</a> is not clickable at point (654, 29). Other element would receive the click: <div class="popup popup-large-size ">...</div>
  (Session info: chrome=99.0.4844.84)
Build info: version: '3.141.59', revision: 'e82be7d358', time: '2018-11-14T08:25:53'
System info: host: 'GORSPC', ip: '192.168.0.106', os.name: 'Windows 10', os.arch: 'amd64', os.version: '10.0', java.version: '1.8.0_282'
Driver info: com.kms.katalon.selenium.driver.CChromeDriver
Capabilities {acceptInsecureCerts: false, browserName: chrome, browserVersion: 99.0.4844.84, chrome: {chromedriverVersion: 99.0.4844.51 (d537ec02474b5..., userDataDir: C:\Users\AdRoot_PC2\AppData...}, goog:chromeOptions: {debuggerAddress: localhost:55980}, javascriptEnabled: true, networkConnectionEnabled: false, pageLoadStrategy: normal, platform: WINDOWS, platformName: WINDOWS, proxy: Proxy(), setWindowRect: true, strictFileInteractability: false, timeouts: {implicit: 0, pageLoad: 300000, script: 30000}, unhandledPromptBehavior: dismiss and notify, webauthn:extension:credBlob: true, webauthn:extension:largeBlob: true, webauthn:virtualAuthenticators: true}
Session ID: d91e2a28ebb68655b043e66b2462c327
	at org.openqa.selenium.remote.http.W3CHttpResponseCodec.createException(W3CHttpResponseCodec.java:187)
	at org.openqa.selenium.remote.http.W3CHttpResponseCodec.decode(W3CHttpResponseCodec.java:122)
	at org.openqa.selenium.remote.http.W3CHttpResponseCodec.decode(W3CHttpResponseCodec.java:49)
	at org.openqa.selenium.remote.HttpCommandExecutor.execute(HttpCommandExecutor.java:158)
	at org.openqa.selenium.remote.service.DriverCommandExecutor.execute(DriverCommandExecutor.java:83)
	at org.openqa.selenium.remote.RemoteWebDriver.execute(RemoteWebDriver.java:552)
	at com.kms.katalon.selenium.driver.CChromeDriver.execute(CChromeDriver.java:19)
	at org.openqa.selenium.remote.RemoteWebElement.execute(RemoteWebElement.java:285)
	at org.openqa.selenium.remote.RemoteWebElement.click(RemoteWebElement.java:84)
	at org.openqa.selenium.support.events.EventFiringWebDriver$EventFiringWebElement.lambda$new$0(EventFiringWebDriver.java:404)
	at com.sun.proxy.$Proxy11.click(Unknown Source)
	at org.openqa.selenium.support.events.EventFiringWebDriver$EventFiringWebElement.click(EventFiringWebDriver.java:417)
	at org.openqa.selenium.WebElement$click.call(Unknown Source)
	at com.kms.katalon.core.webui.keyword.builtin.ClickKeyword.clickUntilSuccessWithTimeout(ClickKeyword.groovy:81)
	at com.kms.katalon.core.webui.keyword.builtin.ClickKeyword.clickUntilSuccessWithTimeout(ClickKeyword.groovy)
	at com.kms.katalon.core.webui.keyword.builtin.ClickKeyword$_click_closure1.doCall(ClickKeyword.groovy:67)
	at com.kms.katalon.core.webui.keyword.builtin.ClickKeyword$_click_closure1.call(ClickKeyword.groovy)
	at com.kms.katalon.core.webui.keyword.internal.WebUIKeywordMain.runKeyword(WebUIKeywordMain.groovy:20)
	at com.kms.katalon.core.webui.keyword.builtin.ClickKeyword.click(ClickKeyword.groovy:74)
	at com.kms.katalon.core.webui.keyword.builtin.ClickKeyword.execute(ClickKeyword.groovy:40)
	at com.kms.katalon.core.keyword.internal.KeywordExecutor.executeKeywordForPlatform(KeywordExecutor.groovy:74)
	at com.kms.katalon.core.webui.keyword.WebUiBuiltInKeywords.click(WebUiBuiltInKeywords.groovy:620)
	at com.kms.katalon.core.webui.keyword.WebUiBuiltInKeywords$click$2.call(Unknown Source)
	at Script1646928135231.run(Script1646928135231.groovy:61)
	... 13 more
)

2022-03-29 11:45:26 - [MESSAGE][FAILED] - Unable to click on object 'Object Repository/Choose packages/basic package/Page_AdRoot  Dashboard/a_Campaigns' (Root cause: com.kms.katalon.core.exception.StepFailedException: Unable to click on object 'Object Repository/Choose packages/basic package/Page_AdRoot  Dashboard/a_Campaigns'
	at com.kms.katalon.core.webui.keyword.internal.WebUIKeywordMain.stepFailed(WebUIKeywordMain.groovy:64)
	at com.kms.katalon.core.webui.keyword.internal.WebUIKeywordMain.runKeyword(WebUIKeywordMain.groovy:26)
	at com.kms.katalon.core.webui.keyword.builtin.ClickKeyword.click(ClickKeyword.groovy:74)
	at com.kms.katalon.core.webui.keyword.builtin.ClickKeyword.execute(ClickKeyword.groovy:40)
	at com.kms.katalon.core.keyword.internal.KeywordExecutor.executeKeywordForPlatform(KeywordExecutor.groovy:74)
	at com.kms.katalon.core.webui.keyword.WebUiBuiltInKeywords.click(WebUiBuiltInKeywords.groovy:620)
	at com.kms.katalon.core.webui.keyword.WebUiBuiltInKeywords$click$2.call(Unknown Source)
	at Sig-up email-free-from landing.run(Sig-up email-free-from landing:61)
	at com.kms.katalon.core.main.ScriptEngine.run(ScriptEngine.java:194)
	at com.kms.katalon.core.main.ScriptEngine.runScriptAsRawText(ScriptEngine.java:119)
	at com.kms.katalon.core.main.TestCaseExecutor.runScript(TestCaseExecutor.java:442)
	at com.kms.katalon.core.main.TestCaseExecutor.doExecute(TestCaseExecutor.java:433)
	at com.kms.katalon.core.main.TestCaseExecutor.processExecutionPhase(TestCaseExecutor.java:412)
	at com.kms.katalon.core.main.TestCaseExecutor.accessMainPhase(TestCaseExecutor.java:404)
	at com.kms.katalon.core.main.TestCaseExecutor.execute(TestCaseExecutor.java:281)
	at com.kms.katalon.core.main.TestSuiteExecutor.accessTestCaseMainPhase(TestSuiteExecutor.java:202)
	at com.kms.katalon.core.main.TestSuiteExecutor.accessTestSuiteMainPhase(TestSuiteExecutor.java:164)
	at com.kms.katalon.core.main.TestSuiteExecutor.execute(TestSuiteExecutor.java:105)
	at com.kms.katalon.core.main.TestCaseMain.startTestSuite(TestCaseMain.java:185)
	at com.kms.katalon.core.main.TestCaseMain$startTestSuite$0.call(Unknown Source)
	at TempTestSuite1648539861514.run(TempTestSuite1648539861514.groovy:36)
Caused by: org.openqa.selenium.ElementClickInterceptedException: element click intercepted: Element <a href="/advertiser/social-media/campaigns">...</a> is not clickable at point (654, 29). Other element would receive the click: <div class="popup popup-large-size ">...</div>
  (Session info: chrome=99.0.4844.84)
Build info: version: '3.141.59', revision: 'e82be7d358', time: '2018-11-14T08:25:53'
System info: host: 'GORSPC', ip: '192.168.0.106', os.name: 'Windows 10', os.arch: 'amd64', os.version: '10.0', java.version: '1.8.0_282'
Driver info: com.kms.katalon.selenium.driver.CChromeDriver
Capabilities {acceptInsecureCerts: false, browserName: chrome, browserVersion: 99.0.4844.84, chrome: {chromedriverVersion: 99.0.4844.51 (d537ec02474b5..., userDataDir: C:\Users\AdRoot_PC2\AppData...}, goog:chromeOptions: {debuggerAddress: localhost:55980}, javascriptEnabled: true, networkConnectionEnabled: false, pageLoadStrategy: normal, platform: WINDOWS, platformName: WINDOWS, proxy: Proxy(), setWindowRect: true, strictFileInteractability: false, timeouts: {implicit: 0, pageLoad: 300000, script: 30000}, unhandledPromptBehavior: dismiss and notify, webauthn:extension:credBlob: true, webauthn:extension:largeBlob: true, webauthn:virtualAuthenticators: true}
Session ID: d91e2a28ebb68655b043e66b2462c327
	at org.openqa.selenium.remote.http.W3CHttpResponseCodec.createException(W3CHttpResponseCodec.java:187)
	at org.openqa.selenium.remote.http.W3CHttpResponseCodec.decode(W3CHttpResponseCodec.java:122)
	at org.openqa.selenium.remote.http.W3CHttpResponseCodec.decode(W3CHttpResponseCodec.java:49)
	at org.openqa.selenium.remote.HttpCommandExecutor.execute(HttpCommandExecutor.java:158)
	at org.openqa.selenium.remote.service.DriverCommandExecutor.execute(DriverCommandExecutor.java:83)
	at org.openqa.selenium.remote.RemoteWebDriver.execute(RemoteWebDriver.java:552)
	at com.kms.katalon.selenium.driver.CChromeDriver.execute(CChromeDriver.java:19)
	at org.openqa.selenium.remote.RemoteWebElement.execute(RemoteWebElement.java:285)
	at org.openqa.selenium.remote.RemoteWebElement.click(RemoteWebElement.java:84)
	at org.openqa.selenium.support.events.EventFiringWebDriver$EventFiringWebElement.lambda$new$0(EventFiringWebDriver.java:404)
	at com.sun.proxy.$Proxy11.click(Unknown Source)
	at org.openqa.selenium.support.events.EventFiringWebDriver$EventFiringWebElement.click(EventFiringWebDriver.java:417)
	at org.openqa.selenium.WebElement$click.call(Unknown Source)
	at com.kms.katalon.core.webui.keyword.builtin.ClickKeyword.clickUntilSuccessWithTimeout(ClickKeyword.groovy:81)
	at com.kms.katalon.core.webui.keyword.builtin.ClickKeyword.clickUntilSuccessWithTimeout(ClickKeyword.groovy)
	at com.kms.katalon.core.webui.keyword.builtin.ClickKeyword$_click_closure1.doCall(ClickKeyword.groovy:67)
	at com.kms.katalon.core.webui.keyword.builtin.ClickKeyword$_click_closure1.call(ClickKeyword.groovy)
	at com.kms.katalon.core.webui.keyword.internal.WebUIKeywordMain.runKeyword(WebUIKeywordMain.groovy:20)
	at com.kms.katalon.core.webui.keyword.builtin.ClickKeyword.click(ClickKeyword.groovy:74)
	at com.kms.katalon.core.webui.keyword.builtin.ClickKeyword.execute(ClickKeyword.groovy:40)
	at com.kms.katalon.core.keyword.internal.KeywordExecutor.executeKeywordForPlatform(KeywordExecutor.groovy:74)
	at com.kms.katalon.core.webui.keyword.WebUiBuiltInKeywords.click(WebUiBuiltInKeywords.groovy:620)
	at com.kms.katalon.core.webui.keyword.WebUiBuiltInKeywords$click$2.call(Unknown Source)
	at Script1646928135231.run(Script1646928135231.groovy:61)
	... 13 more
)
[[ATTACHMENT|C:\\Users\\AdRoot_PC2\\git\\KatalonAutomation\\Reports\\20220329_114421\\Suits\\SignUp with packages\\20220329_114421\\1648539924980.png]]]]></system-out>
         <system-err><![CDATA[2022-03-29 11:44:28 - [TEST_CASE][FAILED] - Test Cases/SignUp/Sign-up with email/Sig-up email-free-from landing: Test Cases/SignUp/Sign-up with email/Sig-up email-free-from landing FAILED.
Reason:
com.kms.katalon.core.exception.StepFailedException: Unable to click on object 'Object Repository/Choose packages/basic package/Page_AdRoot  Dashboard/a_Campaigns'
	at com.kms.katalon.core.webui.keyword.internal.WebUIKeywordMain.stepFailed(WebUIKeywordMain.groovy:64)
	at com.kms.katalon.core.webui.keyword.internal.WebUIKeywordMain.runKeyword(WebUIKeywordMain.groovy:26)
	at com.kms.katalon.core.webui.keyword.builtin.ClickKeyword.click(ClickKeyword.groovy:74)
	at com.kms.katalon.core.webui.keyword.builtin.ClickKeyword.execute(ClickKeyword.groovy:40)
	at com.kms.katalon.core.keyword.internal.KeywordExecutor.executeKeywordForPlatform(KeywordExecutor.groovy:74)
	at com.kms.katalon.core.webui.keyword.WebUiBuiltInKeywords.click(WebUiBuiltInKeywords.groovy:620)
	at com.kms.katalon.core.webui.keyword.WebUiBuiltInKeywords$click$2.call(Unknown Source)
	at Sig-up email-free-from landing.run(Sig-up email-free-from landing:61)
	at com.kms.katalon.core.main.ScriptEngine.run(ScriptEngine.java:194)
	at com.kms.katalon.core.main.ScriptEngine.runScriptAsRawText(ScriptEngine.java:119)
	at com.kms.katalon.core.main.TestCaseExecutor.runScript(TestCaseExecutor.java:442)
	at com.kms.katalon.core.main.TestCaseExecutor.doExecute(TestCaseExecutor.java:433)
	at com.kms.katalon.core.main.TestCaseExecutor.processExecutionPhase(TestCaseExecutor.java:412)
	at com.kms.katalon.core.main.TestCaseExecutor.accessMainPhase(TestCaseExecutor.java:404)
	at com.kms.katalon.core.main.TestCaseExecutor.execute(TestCaseExecutor.java:281)
	at com.kms.katalon.core.main.TestSuiteExecutor.accessTestCaseMainPhase(TestSuiteExecutor.java:202)
	at com.kms.katalon.core.main.TestSuiteExecutor.accessTestSuiteMainPhase(TestSuiteExecutor.java:164)
	at com.kms.katalon.core.main.TestSuiteExecutor.execute(TestSuiteExecutor.java:105)
	at com.kms.katalon.core.main.TestCaseMain.startTestSuite(TestCaseMain.java:185)
	at com.kms.katalon.core.main.TestCaseMain$startTestSuite$0.call(Unknown Source)
	at TempTestSuite1648539861514.run(TempTestSuite1648539861514.groovy:36)
Caused by: org.openqa.selenium.ElementClickInterceptedException: element click intercepted: Element <a href="/advertiser/social-media/campaigns">...</a> is not clickable at point (654, 29). Other element would receive the click: <div class="popup popup-large-size ">...</div>
  (Session info: chrome=99.0.4844.84)
Build info: version: '3.141.59', revision: 'e82be7d358', time: '2018-11-14T08:25:53'
System info: host: 'GORSPC', ip: '192.168.0.106', os.name: 'Windows 10', os.arch: 'amd64', os.version: '10.0', java.version: '1.8.0_282'
Driver info: com.kms.katalon.selenium.driver.CChromeDriver
Capabilities {acceptInsecureCerts: false, browserName: chrome, browserVersion: 99.0.4844.84, chrome: {chromedriverVersion: 99.0.4844.51 (d537ec02474b5..., userDataDir: C:\Users\AdRoot_PC2\AppData...}, goog:chromeOptions: {debuggerAddress: localhost:55980}, javascriptEnabled: true, networkConnectionEnabled: false, pageLoadStrategy: normal, platform: WINDOWS, platformName: WINDOWS, proxy: Proxy(), setWindowRect: true, strictFileInteractability: false, timeouts: {implicit: 0, pageLoad: 300000, script: 30000}, unhandledPromptBehavior: dismiss and notify, webauthn:extension:credBlob: true, webauthn:extension:largeBlob: true, webauthn:virtualAuthenticators: true}
Session ID: d91e2a28ebb68655b043e66b2462c327
	at org.openqa.selenium.remote.http.W3CHttpResponseCodec.createException(W3CHttpResponseCodec.java:187)
	at org.openqa.selenium.remote.http.W3CHttpResponseCodec.decode(W3CHttpResponseCodec.java:122)
	at org.openqa.selenium.remote.http.W3CHttpResponseCodec.decode(W3CHttpResponseCodec.java:49)
	at org.openqa.selenium.remote.HttpCommandExecutor.execute(HttpCommandExecutor.java:158)
	at org.openqa.selenium.remote.service.DriverCommandExecutor.execute(DriverCommandExecutor.java:83)
	at org.openqa.selenium.remote.RemoteWebDriver.execute(RemoteWebDriver.java:552)
	at com.kms.katalon.selenium.driver.CChromeDriver.execute(CChromeDriver.java:19)
	at org.openqa.selenium.remote.RemoteWebElement.execute(RemoteWebElement.java:285)
	at org.openqa.selenium.remote.RemoteWebElement.click(RemoteWebElement.java:84)
	at org.openqa.selenium.support.events.EventFiringWebDriver$EventFiringWebElement.lambda$new$0(EventFiringWebDriver.java:404)
	at com.sun.proxy.$Proxy11.click(Unknown Source)
	at org.openqa.selenium.support.events.EventFiringWebDriver$EventFiringWebElement.click(EventFiringWebDriver.java:417)
	at org.openqa.selenium.WebElement$click.call(Unknown Source)
	at com.kms.katalon.core.webui.keyword.builtin.ClickKeyword.clickUntilSuccessWithTimeout(ClickKeyword.groovy:81)
	at com.kms.katalon.core.webui.keyword.builtin.ClickKeyword.clickUntilSuccessWithTimeout(ClickKeyword.groovy)
	at com.kms.katalon.core.webui.keyword.builtin.ClickKeyword$_click_closure1.doCall(ClickKeyword.groovy:67)
	at com.kms.katalon.core.webui.keyword.builtin.ClickKeyword$_click_closure1.call(ClickKeyword.groovy)
	at com.kms.katalon.core.webui.keyword.internal.WebUIKeywordMain.runKeyword(WebUIKeywordMain.groovy:20)
	... 19 more]]></system-err>
      </testcase>
      <testcase name="Test Cases/SignUp/Sign-up with email/SignUp with email and basic" time="46.871" classname="Test Cases/SignUp/Sign-up with email/SignUp with email and basic" status="PASSED">
         <system-out><![CDATA[2022-03-29 11:45:26 - [TEST_CASE][PASSED] - Test Cases/SignUp/Sign-up with email/SignUp with email and basic: Test Cases/SignUp/Sign-up with email/SignUp with email and basic

2022-03-29 11:45:27 - [TEST_STEP][PASSED] - openBrowser(""): Browser is opened with url: ''

2022-03-29 11:45:27 - [MESSAGE][WARNING] - A browser is already opened. Closing browser and opening a new one

2022-03-29 11:45:28 - [MESSAGE][INFO] - Starting 'Chrome' driver

2022-03-29 11:45:28 - [MESSAGE][INFO] - Action delay is set to 0 milliseconds

2022-03-29 11:45:29 - [MESSAGE][PASSED] - Browser is opened with url: ''

2022-03-29 11:45:29 - [TEST_STEP][PASSED] - setViewPortSize(1600, 900): Viewport is set to new size with width = 1600 and height = 900

2022-03-29 11:45:29 - [MESSAGE][PASSED] - Viewport is set to new size with width = 1600 and height = 900

2022-03-29 11:45:29 - [TEST_STEP][PASSED] - navigateToUrl("https://app.adroot.io/auth/signin"): Navigate to 'https://app.adroot.io/auth/signin' successfully

2022-03-29 11:45:32 - [MESSAGE][PASSED] - Navigate to 'https://app.adroot.io/auth/signin' successfully

2022-03-29 11:45:32 - [TEST_STEP][PASSED] - click(findTestObject("Object Repository/SignUp/Page_AdRoot  Login/a_Sign up now")): Object: 'Object Repository/SignUp/Page_AdRoot  Login/a_Sign up now' is clicked on

2022-03-29 11:45:33 - [MESSAGE][PASSED] - Object: 'Object Repository/SignUp/Page_AdRoot  Login/a_Sign up now' is clicked on

2022-03-29 11:45:33 - [TEST_STEP][PASSED] - setText(findTestObject("Object Repository/SignUp/Page_AdRoot  Sign up/input_First name_first_name"), "Ruzan"): Text 'Ruzan' is set on object 'Object Repository/SignUp/Page_AdRoot  Sign up/input_First name_first_name'

2022-03-29 11:45:34 - [MESSAGE][PASSED] - Text 'Ruzan' is set on object 'Object Repository/SignUp/Page_AdRoot  Sign up/input_First name_first_name'

2022-03-29 11:45:34 - [TEST_STEP][PASSED] - setText(findTestObject("Object Repository/SignUp/Page_AdRoot  Sign up/input_Last name_last_name"), "Test"): Text 'Test' is set on object 'Object Repository/SignUp/Page_AdRoot  Sign up/input_Last name_last_name'

2022-03-29 11:45:35 - [MESSAGE][PASSED] - Text 'Test' is set on object 'Object Repository/SignUp/Page_AdRoot  Sign up/input_Last name_last_name'

2022-03-29 11:45:35 - [TEST_STEP][PASSED] - setText(findTestObject("Object Repository/SignUp/Page_AdRoot  Sign up/input_E-mail_email"), "runayan@gmail.com"): Text 'runayan@gmail.com' is set on object 'Object Repository/SignUp/Page_AdRoot  Sign up/input_E-mail_email'

2022-03-29 11:45:36 - [MESSAGE][PASSED] - Text 'runayan@gmail.com' is set on object 'Object Repository/SignUp/Page_AdRoot  Sign up/input_E-mail_email'

2022-03-29 11:45:36 - [TEST_STEP][PASSED] - setEncryptedText(findTestObject("Object Repository/SignUp/Page_AdRoot  Sign up/input_Password_password"), "9juLMCYi8sYpY2Mrwe5diw=="): Text ****** has been set on object 'Object Repository/SignUp/Page_AdRoot  Sign up/input_Password_password'

2022-03-29 11:45:36 - [MESSAGE][PASSED] - Text ****** has been set on object 'Object Repository/SignUp/Page_AdRoot  Sign up/input_Password_password'

2022-03-29 11:45:36 - [TEST_STEP][PASSED] - setEncryptedText(findTestObject("Object Repository/SignUp/Page_AdRoot  Sign up/input_Confirm password_confirm"), "9juLMCYi8sYpY2Mrwe5diw=="): Text ****** has been set on object 'Object Repository/SignUp/Page_AdRoot  Sign up/input_Confirm password_confirm'

2022-03-29 11:45:37 - [MESSAGE][PASSED] - Text ****** has been set on object 'Object Repository/SignUp/Page_AdRoot  Sign up/input_Confirm password_confirm'

2022-03-29 11:45:37 - [TEST_STEP][PASSED] - click(findTestObject("Object Repository/SignUp/Page_AdRoot  Sign up/div_Confirm password_checkbox")): Object: 'Object Repository/SignUp/Page_AdRoot  Sign up/div_Confirm password_checkbox' is clicked on

2022-03-29 11:45:38 - [MESSAGE][PASSED] - Object: 'Object Repository/SignUp/Page_AdRoot  Sign up/div_Confirm password_checkbox' is clicked on

2022-03-29 11:45:38 - [TEST_STEP][PASSED] - click(findTestObject("SignUp/SignUp with email/Page_AdRoot  Sign up/button_Sign up")): Object: 'Object Repository/SignUp/SignUp with email/Page_AdRoot  Sign up/button_Sign up' is clicked on

2022-03-29 11:45:38 - [MESSAGE][PASSED] - Object: 'Object Repository/SignUp/SignUp with email/Page_AdRoot  Sign up/button_Sign up' is clicked on

2022-03-29 11:45:38 - [TEST_STEP][PASSED] - Ms = verifyTextPresent("The E-mail address exists.", false): Text 'The E-mail address exists.' is present on page 

2022-03-29 11:45:38 - [MESSAGE][PASSED] - Text 'The E-mail address exists.' is present on page 

2022-03-29 11:45:38 - [TEST_STEP][PASSED] - if (Ms.equals("true")): Keys 'ENTER + ' sent to object: 'Object Repository/SignUp/SignUp with email/Page_AdRoot  Sign up/button_Sign up'

2022-03-29 11:45:38 - [TEST_STEP][PASSED] - RN = <not implemented yet for class: org.codehaus.groovy.ast.expr.EmptyExpression>: null

2022-03-29 11:45:38 - [TEST_STEP][PASSED] - RN = Math.random() * 500: null

2022-03-29 11:45:38 - [TEST_STEP][PASSED] - setText(findTestObject("Object Repository/SignUp/Page_AdRoot  Sign up/input_E-mail_email"), "runayan" + RN + "@gmail.com"): Text 'runayan488@gmail.com' is set on object 'Object Repository/SignUp/Page_AdRoot  Sign up/input_E-mail_email'

2022-03-29 11:45:39 - [MESSAGE][PASSED] - Text 'runayan488@gmail.com' is set on object 'Object Repository/SignUp/Page_AdRoot  Sign up/input_E-mail_email'

2022-03-29 11:45:39 - [TEST_STEP][PASSED] - sendKeys(findTestObject("SignUp/SignUp with email/Page_AdRoot  Sign up/button_Sign up"), Keys.chord(ENTER)): Keys 'ENTER + ' sent to object: 'Object Repository/SignUp/SignUp with email/Page_AdRoot  Sign up/button_Sign up'

2022-03-29 11:45:40 - [MESSAGE][PASSED] - Keys 'ENTER + ' sent to object: 'Object Repository/SignUp/SignUp with email/Page_AdRoot  Sign up/button_Sign up'

2022-03-29 11:45:40 - [TEST_STEP][PASSED] - click(findTestObject("Object Repository/Choose packages/basic package/Page_AdRoot  Sign up/button_Sign up_1")): Object: 'Object Repository/Choose packages/basic package/Page_AdRoot  Sign up/button_Sign up_1' is clicked on

2022-03-29 11:45:40 - [MESSAGE][PASSED] - Object: 'Object Repository/Choose packages/basic package/Page_AdRoot  Sign up/button_Sign up_1' is clicked on

2022-03-29 11:45:40 - [TEST_STEP][PASSED] - waitForElementPresent(findTestObject("Choose packages/basic package/Page_AdRoot Technologies LLC/input__cardNumber"), 0): Object 'Object Repository/Choose packages/basic package/Page_AdRoot Technologies LLC/input__cardNumber' is present

2022-03-29 11:45:40 - [MESSAGE][WARNING] - Timeout '0' is invalid. Using default page load timeout: '30'

2022-03-29 11:45:46 - [MESSAGE][PASSED] - Object 'Object Repository/Choose packages/basic package/Page_AdRoot Technologies LLC/input__cardNumber' is present

2022-03-29 11:45:46 - [TEST_STEP][PASSED] - setText(findTestObject("Object Repository/Choose packages/basic package/Page_AdRoot Technologies LLC/input__cardNumber"), "5406 6100 0080 8837"): Text '5406 6100 0080 8837' is set on object 'Object Repository/Choose packages/basic package/Page_AdRoot Technologies LLC/input__cardNumber'

2022-03-29 11:45:48 - [MESSAGE][PASSED] - Text '5406 6100 0080 8837' is set on object 'Object Repository/Choose packages/basic package/Page_AdRoot Technologies LLC/input__cardNumber'

2022-03-29 11:45:48 - [TEST_STEP][PASSED] - setText(findTestObject("Object Repository/Choose packages/basic package/Page_AdRoot Technologies LLC/input__cardExpiry"), "12 / 23"): Text '12 / 23' is set on object 'Object Repository/Choose packages/basic package/Page_AdRoot Technologies LLC/input__cardExpiry'

2022-03-29 11:45:49 - [MESSAGE][PASSED] - Text '12 / 23' is set on object 'Object Repository/Choose packages/basic package/Page_AdRoot Technologies LLC/input__cardExpiry'

2022-03-29 11:45:49 - [TEST_STEP][PASSED] - setText(findTestObject("Object Repository/Choose packages/basic package/Page_AdRoot Technologies LLC/input__cardCvc"), "403"): Text '403' is set on object 'Object Repository/Choose packages/basic package/Page_AdRoot Technologies LLC/input__cardCvc'

2022-03-29 11:45:50 - [MESSAGE][PASSED] - Text '403' is set on object 'Object Repository/Choose packages/basic package/Page_AdRoot Technologies LLC/input__cardCvc'

2022-03-29 11:45:50 - [TEST_STEP][PASSED] - setText(findTestObject("Object Repository/Choose packages/basic package/Page_AdRoot Technologies LLC/input__billingName"), "Harutyun Aghayan"): Text 'Harutyun Aghayan' is set on object 'Object Repository/Choose packages/basic package/Page_AdRoot Technologies LLC/input__billingName'

2022-03-29 11:45:51 - [MESSAGE][PASSED] - Text 'Harutyun Aghayan' is set on object 'Object Repository/Choose packages/basic package/Page_AdRoot Technologies LLC/input__billingName'

2022-03-29 11:45:51 - [TEST_STEP][PASSED] - click(findTestObject("Object Repository/Choose packages/basic package/Page_AdRoot Technologies LLC/div__SubmitButton-IconContainer")): Object: 'Object Repository/Choose packages/basic package/Page_AdRoot Technologies LLC/div__SubmitButton-IconContainer' is clicked on

2022-03-29 11:45:51 - [MESSAGE][PASSED] - Object: 'Object Repository/Choose packages/basic package/Page_AdRoot Technologies LLC/div__SubmitButton-IconContainer' is clicked on

2022-03-29 11:45:51 - [TEST_STEP][PASSED] - click(findTestObject("Object Repository/Choose packages/basic package/Page_AdRoot  Dashboard/img_No any notification_non-draggable-image_8aff0b")): Object: 'Object Repository/Choose packages/basic package/Page_AdRoot  Dashboard/img_No any notification_non-draggable-image_8aff0b' is clicked on

2022-03-29 11:45:59 - [MESSAGE][PASSED] - Object: 'Object Repository/Choose packages/basic package/Page_AdRoot  Dashboard/img_No any notification_non-draggable-image_8aff0b' is clicked on

2022-03-29 11:45:59 - [TEST_STEP][PASSED] - click(findTestObject("Object Repository/Choose packages/basic package/Page_AdRoot  Dashboard/div_My Account")): Object: 'Object Repository/Choose packages/basic package/Page_AdRoot  Dashboard/div_My Account' is clicked on

2022-03-29 11:46:00 - [MESSAGE][PASSED] - Object: 'Object Repository/Choose packages/basic package/Page_AdRoot  Dashboard/div_My Account' is clicked on

2022-03-29 11:46:00 - [TEST_STEP][PASSED] - click(findTestObject("Object Repository/Choose packages/basic package/Page_AdRoot  Dashboard/div_Payment")): Object: 'Object Repository/Choose packages/basic package/Page_AdRoot  Dashboard/div_Payment' is clicked on

2022-03-29 11:46:01 - [MESSAGE][PASSED] - Object: 'Object Repository/Choose packages/basic package/Page_AdRoot  Dashboard/div_Payment' is clicked on

2022-03-29 11:46:01 - [TEST_STEP][PASSED] - click(findTestObject("Object Repository/Choose packages/basic package/Page_AdRoot  Dashboard/div_8837")): Object: 'Object Repository/Choose packages/basic package/Page_AdRoot  Dashboard/div_8837' is clicked on

2022-03-29 11:46:03 - [MESSAGE][PASSED] - Object: 'Object Repository/Choose packages/basic package/Page_AdRoot  Dashboard/div_8837' is clicked on

2022-03-29 11:46:03 - [TEST_STEP][PASSED] - click(findTestObject("Object Repository/Choose packages/basic package/Page_AdRoot  Dashboard/div_View More_window-top-close")): Object: 'Object Repository/Choose packages/basic package/Page_AdRoot  Dashboard/div_View More_window-top-close' is clicked on

2022-03-29 11:46:04 - [MESSAGE][PASSED] - Object: 'Object Repository/Choose packages/basic package/Page_AdRoot  Dashboard/div_View More_window-top-close' is clicked on

2022-03-29 11:46:04 - [TEST_STEP][PASSED] - click(findTestObject("Object Repository/Choose packages/basic package/Page_AdRoot  Dashboard/a_Campaigns")): Object: 'Object Repository/Choose packages/basic package/Page_AdRoot  Dashboard/a_Campaigns' is clicked on

2022-03-29 11:46:04 - [MESSAGE][PASSED] - Object: 'Object Repository/Choose packages/basic package/Page_AdRoot  Dashboard/a_Campaigns' is clicked on

2022-03-29 11:46:04 - [TEST_STEP][PASSED] - click(findTestObject("Object Repository/Choose packages/basic package/Page_AdRoot  Campaigns/div_Create")): Object: 'Object Repository/Choose packages/basic package/Page_AdRoot  Campaigns/div_Create' is clicked on

2022-03-29 11:46:05 - [MESSAGE][PASSED] - Object: 'Object Repository/Choose packages/basic package/Page_AdRoot  Campaigns/div_Create' is clicked on

2022-03-29 11:46:05 - [TEST_STEP][PASSED] - click(findTestObject("Object Repository/Choose packages/basic package/Page_AdRoot  Create Campaign Steps/span_Campaign name")): Object: 'Object Repository/Choose packages/basic package/Page_AdRoot  Create Campaign Steps/span_Campaign name' is clicked on

2022-03-29 11:46:06 - [MESSAGE][PASSED] - Object: 'Object Repository/Choose packages/basic package/Page_AdRoot  Create Campaign Steps/span_Campaign name' is clicked on

2022-03-29 11:46:06 - [TEST_STEP][PASSED] - click(findTestObject("Object Repository/Choose packages/Page_AdRoot  Campaigns/div_Account")): Object: 'Object Repository/Choose packages/Page_AdRoot  Campaigns/div_Account' is clicked on

2022-03-29 11:46:07 - [MESSAGE][PASSED] - Object: 'Object Repository/Choose packages/Page_AdRoot  Campaigns/div_Account' is clicked on

2022-03-29 11:46:07 - [TEST_STEP][PASSED] - click(findTestObject("Object Repository/Choose packages/Page_AdRoot  Campaigns/div_My Account")): Object: 'Object Repository/Choose packages/Page_AdRoot  Campaigns/div_My Account' is clicked on

2022-03-29 11:46:07 - [MESSAGE][PASSED] - Object: 'Object Repository/Choose packages/Page_AdRoot  Campaigns/div_My Account' is clicked on

2022-03-29 11:46:07 - [TEST_STEP][PASSED] - click(findTestObject("Object Repository/Choose packages/Page_AdRoot  Campaigns/div_Account settings")): Object: 'Object Repository/Choose packages/Page_AdRoot  Campaigns/div_Account settings' is clicked on

2022-03-29 11:46:08 - [MESSAGE][PASSED] - Object: 'Object Repository/Choose packages/Page_AdRoot  Campaigns/div_Account settings' is clicked on

2022-03-29 11:46:08 - [TEST_STEP][PASSED] - click(findTestObject("Object Repository/Choose packages/Page_AdRoot  Campaigns/button_Delete my Account")): Object: 'Object Repository/Choose packages/Page_AdRoot  Campaigns/button_Delete my Account' is clicked on

2022-03-29 11:46:09 - [MESSAGE][PASSED] - Object: 'Object Repository/Choose packages/Page_AdRoot  Campaigns/button_Delete my Account' is clicked on

2022-03-29 11:46:09 - [TEST_STEP][PASSED] - click(findTestObject("Object Repository/Choose packages/Page_AdRoot  Dashboard/div_Fill in your password_input-content")): Object: 'Object Repository/Choose packages/Page_AdRoot  Dashboard/div_Fill in your password_input-content' is clicked on

2022-03-29 11:46:09 - [MESSAGE][PASSED] - Object: 'Object Repository/Choose packages/Page_AdRoot  Dashboard/div_Fill in your password_input-content' is clicked on

2022-03-29 11:46:09 - [TEST_STEP][PASSED] - setEncryptedText(findTestObject("Object Repository/Choose packages/Page_AdRoot  Dashboard/input_Fill in your password_custom-input"), "9juLMCYi8sYpY2Mrwe5diw=="): Text ****** has been set on object 'Object Repository/Choose packages/Page_AdRoot  Dashboard/input_Fill in your password_custom-input'

2022-03-29 11:46:10 - [MESSAGE][PASSED] - Text ****** has been set on object 'Object Repository/Choose packages/Page_AdRoot  Dashboard/input_Fill in your password_custom-input'

2022-03-29 11:46:10 - [TEST_STEP][PASSED] - click(findTestObject("Object Repository/Choose packages/Page_AdRoot  Campaigns/button_Deleting Account")): Object: 'Object Repository/Choose packages/Page_AdRoot  Campaigns/button_Deleting Account' is clicked on

2022-03-29 11:46:10 - [MESSAGE][PASSED] - Object: 'Object Repository/Choose packages/Page_AdRoot  Campaigns/button_Deleting Account' is clicked on

2022-03-29 11:46:10 - [TEST_STEP][PASSED] - verifyElementPresent(findTestObject("Object Repository/Choose packages/Page_AdRoot  Login/h2_Login into your account"), 0): Object 'Object Repository/Choose packages/Page_AdRoot  Login/h2_Login into your account' is present

2022-03-29 11:46:10 - [MESSAGE][WARNING] - Timeout '0' is invalid. Using default page load timeout: '30'

2022-03-29 11:46:12 - [MESSAGE][PASSED] - Object 'Object Repository/Choose packages/Page_AdRoot  Login/h2_Login into your account' is present

2022-03-29 11:46:12 - [TEST_STEP][PASSED] - closeBrowser(): Browser is closed

2022-03-29 11:46:13 - [MESSAGE][PASSED] - Browser is closed]]></system-out>
         <system-err><![CDATA[]]></system-err>
      </testcase>
      <testcase name="Test Cases/SignUp/Sign-up with email/SignUp with email and business" time="58.057" classname="Test Cases/SignUp/Sign-up with email/SignUp with email and business" status="PASSED">
         <system-out><![CDATA[2022-03-29 11:46:13 - [TEST_CASE][PASSED] - Test Cases/SignUp/Sign-up with email/SignUp with email and business: Test Cases/SignUp/Sign-up with email/SignUp with email and business

2022-03-29 11:46:13 - [TEST_STEP][PASSED] - openBrowser(""): Browser is opened with url: ''

2022-03-29 11:46:13 - [MESSAGE][INFO] - Starting 'Chrome' driver

2022-03-29 11:46:13 - [MESSAGE][INFO] - Action delay is set to 0 milliseconds

2022-03-29 11:46:15 - [MESSAGE][PASSED] - Browser is opened with url: ''

2022-03-29 11:46:15 - [TEST_STEP][PASSED] - setViewPortSize(1600, 900): Viewport is set to new size with width = 1600 and height = 900

2022-03-29 11:46:15 - [MESSAGE][PASSED] - Viewport is set to new size with width = 1600 and height = 900

2022-03-29 11:46:15 - [TEST_STEP][PASSED] - navigateToUrl("https://app.adroot.io/auth/signin"): Navigate to 'https://app.adroot.io/auth/signin' successfully

2022-03-29 11:46:17 - [MESSAGE][PASSED] - Navigate to 'https://app.adroot.io/auth/signin' successfully

2022-03-29 11:46:17 - [TEST_STEP][PASSED] - click(findTestObject("Object Repository/SignUp/Page_AdRoot  Login/a_Sign up now")): Object: 'Object Repository/SignUp/Page_AdRoot  Login/a_Sign up now' is clicked on

2022-03-29 11:46:18 - [MESSAGE][PASSED] - Object: 'Object Repository/SignUp/Page_AdRoot  Login/a_Sign up now' is clicked on

2022-03-29 11:46:18 - [TEST_STEP][PASSED] - setText(findTestObject("Object Repository/SignUp/Page_AdRoot  Sign up/input_First name_first_name"), "Ruzan"): Text 'Ruzan' is set on object 'Object Repository/SignUp/Page_AdRoot  Sign up/input_First name_first_name'

2022-03-29 11:46:20 - [MESSAGE][PASSED] - Text 'Ruzan' is set on object 'Object Repository/SignUp/Page_AdRoot  Sign up/input_First name_first_name'

2022-03-29 11:46:20 - [TEST_STEP][PASSED] - setText(findTestObject("Object Repository/SignUp/Page_AdRoot  Sign up/input_Last name_last_name"), "Test"): Text 'Test' is set on object 'Object Repository/SignUp/Page_AdRoot  Sign up/input_Last name_last_name'

2022-03-29 11:46:20 - [MESSAGE][PASSED] - Text 'Test' is set on object 'Object Repository/SignUp/Page_AdRoot  Sign up/input_Last name_last_name'

2022-03-29 11:46:20 - [TEST_STEP][PASSED] - setText(findTestObject("Object Repository/SignUp/Page_AdRoot  Sign up/input_E-mail_email"), "runayan@gmail.com"): Text 'runayan@gmail.com' is set on object 'Object Repository/SignUp/Page_AdRoot  Sign up/input_E-mail_email'

2022-03-29 11:46:21 - [MESSAGE][PASSED] - Text 'runayan@gmail.com' is set on object 'Object Repository/SignUp/Page_AdRoot  Sign up/input_E-mail_email'

2022-03-29 11:46:21 - [TEST_STEP][PASSED] - setEncryptedText(findTestObject("Object Repository/SignUp/Page_AdRoot  Sign up/input_Password_password"), "9juLMCYi8sYpY2Mrwe5diw=="): Text ****** has been set on object 'Object Repository/SignUp/Page_AdRoot  Sign up/input_Password_password'

2022-03-29 11:46:22 - [MESSAGE][PASSED] - Text ****** has been set on object 'Object Repository/SignUp/Page_AdRoot  Sign up/input_Password_password'

2022-03-29 11:46:22 - [TEST_STEP][PASSED] - setEncryptedText(findTestObject("Object Repository/SignUp/Page_AdRoot  Sign up/input_Confirm password_confirm"), "9juLMCYi8sYpY2Mrwe5diw=="): Text ****** has been set on object 'Object Repository/SignUp/Page_AdRoot  Sign up/input_Confirm password_confirm'

2022-03-29 11:46:22 - [MESSAGE][PASSED] - Text ****** has been set on object 'Object Repository/SignUp/Page_AdRoot  Sign up/input_Confirm password_confirm'

2022-03-29 11:46:22 - [TEST_STEP][PASSED] - click(findTestObject("Object Repository/SignUp/Page_AdRoot  Sign up/div_Confirm password_checkbox")): Object: 'Object Repository/SignUp/Page_AdRoot  Sign up/div_Confirm password_checkbox' is clicked on

2022-03-29 11:46:23 - [MESSAGE][PASSED] - Object: 'Object Repository/SignUp/Page_AdRoot  Sign up/div_Confirm password_checkbox' is clicked on

2022-03-29 11:46:23 - [TEST_STEP][PASSED] - click(findTestObject("SignUp/SignUp with email/Page_AdRoot  Sign up/button_Sign up")): Object: 'Object Repository/SignUp/SignUp with email/Page_AdRoot  Sign up/button_Sign up' is clicked on

2022-03-29 11:46:23 - [MESSAGE][PASSED] - Object: 'Object Repository/SignUp/SignUp with email/Page_AdRoot  Sign up/button_Sign up' is clicked on

2022-03-29 11:46:23 - [TEST_STEP][PASSED] - Ms = verifyTextPresent("The E-mail address exists.", false): Text 'The E-mail address exists.' is present on page 

2022-03-29 11:46:24 - [MESSAGE][PASSED] - Text 'The E-mail address exists.' is present on page 

2022-03-29 11:46:24 - [TEST_STEP][PASSED] - if (Ms.equals("true")): Keys 'ENTER + ' sent to object: 'Object Repository/SignUp/SignUp with email/Page_AdRoot  Sign up/button_Sign up'

2022-03-29 11:46:24 - [TEST_STEP][PASSED] - RN = <not implemented yet for class: org.codehaus.groovy.ast.expr.EmptyExpression>: null

2022-03-29 11:46:24 - [TEST_STEP][PASSED] - RN = Math.random() * 500: null

2022-03-29 11:46:24 - [TEST_STEP][PASSED] - setText(findTestObject("Object Repository/SignUp/Page_AdRoot  Sign up/input_E-mail_email"), "runayan" + RN + "@gmail.com"): Text 'runayan277@gmail.com' is set on object 'Object Repository/SignUp/Page_AdRoot  Sign up/input_E-mail_email'

2022-03-29 11:46:24 - [MESSAGE][PASSED] - Text 'runayan277@gmail.com' is set on object 'Object Repository/SignUp/Page_AdRoot  Sign up/input_E-mail_email'

2022-03-29 11:46:24 - [TEST_STEP][PASSED] - sendKeys(findTestObject("SignUp/SignUp with email/Page_AdRoot  Sign up/button_Sign up"), Keys.chord(ENTER)): Keys 'ENTER + ' sent to object: 'Object Repository/SignUp/SignUp with email/Page_AdRoot  Sign up/button_Sign up'

2022-03-29 11:46:25 - [MESSAGE][PASSED] - Keys 'ENTER + ' sent to object: 'Object Repository/SignUp/SignUp with email/Page_AdRoot  Sign up/button_Sign up'

2022-03-29 11:46:25 - [TEST_STEP][PASSED] - click(findTestObject("Choose packages/business package/Page_AdRoot  Sign up/button_Sign up_1")): Object: 'Object Repository/Choose packages/business package/Page_AdRoot  Sign up/button_Sign up_1' is clicked on

2022-03-29 11:46:25 - [MESSAGE][PASSED] - Object: 'Object Repository/Choose packages/business package/Page_AdRoot  Sign up/button_Sign up_1' is clicked on

2022-03-29 11:46:25 - [TEST_STEP][PASSED] - waitForElementPresent(findTestObject("Choose packages/basic package/Page_AdRoot Technologies LLC/input__cardNumber"), 0): Object 'Object Repository/Choose packages/basic package/Page_AdRoot Technologies LLC/input__cardNumber' is present

2022-03-29 11:46:25 - [MESSAGE][WARNING] - Timeout '0' is invalid. Using default page load timeout: '30'

2022-03-29 11:46:30 - [MESSAGE][PASSED] - Object 'Object Repository/Choose packages/basic package/Page_AdRoot Technologies LLC/input__cardNumber' is present

2022-03-29 11:46:30 - [TEST_STEP][PASSED] - setText(findTestObject("Object Repository/Choose packages/basic package/Page_AdRoot Technologies LLC/input__cardNumber"), "5406 6100 0080 8837"): Text '5406 6100 0080 8837' is set on object 'Object Repository/Choose packages/basic package/Page_AdRoot Technologies LLC/input__cardNumber'

2022-03-29 11:46:32 - [MESSAGE][PASSED] - Text '5406 6100 0080 8837' is set on object 'Object Repository/Choose packages/basic package/Page_AdRoot Technologies LLC/input__cardNumber'

2022-03-29 11:46:32 - [TEST_STEP][PASSED] - setText(findTestObject("Object Repository/Choose packages/basic package/Page_AdRoot Technologies LLC/input__cardExpiry"), "12 / 23"): Text '12 / 23' is set on object 'Object Repository/Choose packages/basic package/Page_AdRoot Technologies LLC/input__cardExpiry'

2022-03-29 11:46:33 - [MESSAGE][PASSED] - Text '12 / 23' is set on object 'Object Repository/Choose packages/basic package/Page_AdRoot Technologies LLC/input__cardExpiry'

2022-03-29 11:46:33 - [TEST_STEP][PASSED] - setText(findTestObject("Object Repository/Choose packages/basic package/Page_AdRoot Technologies LLC/input__cardCvc"), "403"): Text '403' is set on object 'Object Repository/Choose packages/basic package/Page_AdRoot Technologies LLC/input__cardCvc'

2022-03-29 11:46:33 - [MESSAGE][PASSED] - Text '403' is set on object 'Object Repository/Choose packages/basic package/Page_AdRoot Technologies LLC/input__cardCvc'

2022-03-29 11:46:33 - [TEST_STEP][PASSED] - setText(findTestObject("Object Repository/Choose packages/basic package/Page_AdRoot Technologies LLC/input__billingName"), "Harutyun Aghayan"): Text 'Harutyun Aghayan' is set on object 'Object Repository/Choose packages/basic package/Page_AdRoot Technologies LLC/input__billingName'

2022-03-29 11:46:34 - [MESSAGE][PASSED] - Text 'Harutyun Aghayan' is set on object 'Object Repository/Choose packages/basic package/Page_AdRoot Technologies LLC/input__billingName'

2022-03-29 11:46:34 - [TEST_STEP][PASSED] - click(findTestObject("Object Repository/Choose packages/basic package/Page_AdRoot Technologies LLC/div__SubmitButton-IconContainer")): Object: 'Object Repository/Choose packages/basic package/Page_AdRoot Technologies LLC/div__SubmitButton-IconContainer' is clicked on

2022-03-29 11:46:35 - [MESSAGE][PASSED] - Object: 'Object Repository/Choose packages/basic package/Page_AdRoot Technologies LLC/div__SubmitButton-IconContainer' is clicked on

2022-03-29 11:46:35 - [TEST_STEP][PASSED] - click(findTestObject("Object Repository/Choose packages/basic package/Page_AdRoot  Dashboard/img_No any notification_non-draggable-image_8aff0b")): Object: 'Object Repository/Choose packages/basic package/Page_AdRoot  Dashboard/img_No any notification_non-draggable-image_8aff0b' is clicked on

2022-03-29 11:46:43 - [MESSAGE][PASSED] - Object: 'Object Repository/Choose packages/basic package/Page_AdRoot  Dashboard/img_No any notification_non-draggable-image_8aff0b' is clicked on

2022-03-29 11:46:43 - [TEST_STEP][PASSED] - click(findTestObject("Object Repository/Choose packages/basic package/Page_AdRoot  Dashboard/div_My Account")): Object: 'Object Repository/Choose packages/basic package/Page_AdRoot  Dashboard/div_My Account' is clicked on

2022-03-29 11:46:43 - [MESSAGE][PASSED] - Object: 'Object Repository/Choose packages/basic package/Page_AdRoot  Dashboard/div_My Account' is clicked on

2022-03-29 11:46:43 - [TEST_STEP][PASSED] - click(findTestObject("Object Repository/Choose packages/basic package/Page_AdRoot  Dashboard/div_Payment")): Object: 'Object Repository/Choose packages/basic package/Page_AdRoot  Dashboard/div_Payment' is clicked on

2022-03-29 11:46:44 - [MESSAGE][PASSED] - Object: 'Object Repository/Choose packages/basic package/Page_AdRoot  Dashboard/div_Payment' is clicked on

2022-03-29 11:46:44 - [TEST_STEP][PASSED] - click(findTestObject("Object Repository/Choose packages/basic package/Page_AdRoot  Dashboard/div_8837")): Object: 'Object Repository/Choose packages/basic package/Page_AdRoot  Dashboard/div_8837' is clicked on

2022-03-29 11:46:46 - [MESSAGE][PASSED] - Object: 'Object Repository/Choose packages/basic package/Page_AdRoot  Dashboard/div_8837' is clicked on

2022-03-29 11:46:46 - [TEST_STEP][PASSED] - click(findTestObject("Object Repository/Choose packages/basic package/Page_AdRoot  Dashboard/div_View More_window-top-close")): Object: 'Object Repository/Choose packages/basic package/Page_AdRoot  Dashboard/div_View More_window-top-close' is clicked on

2022-03-29 11:46:48 - [MESSAGE][PASSED] - Object: 'Object Repository/Choose packages/basic package/Page_AdRoot  Dashboard/div_View More_window-top-close' is clicked on

2022-03-29 11:46:48 - [TEST_STEP][PASSED] - click(findTestObject("Object Repository/Choose packages/basic package/Page_AdRoot  Dashboard/a_Campaigns")): Object: 'Object Repository/Choose packages/basic package/Page_AdRoot  Dashboard/a_Campaigns' is clicked on

2022-03-29 11:46:50 - [MESSAGE][PASSED] - Object: 'Object Repository/Choose packages/basic package/Page_AdRoot  Dashboard/a_Campaigns' is clicked on

2022-03-29 11:46:50 - [TEST_STEP][PASSED] - click(findTestObject("Object Repository/Choose packages/basic package/Page_AdRoot  Campaigns/div_Create")): Object: 'Object Repository/Choose packages/basic package/Page_AdRoot  Campaigns/div_Create' is clicked on

2022-03-29 11:46:52 - [MESSAGE][PASSED] - Object: 'Object Repository/Choose packages/basic package/Page_AdRoot  Campaigns/div_Create' is clicked on

2022-03-29 11:46:52 - [TEST_STEP][PASSED] - click(findTestObject("Object Repository/Choose packages/basic package/Page_AdRoot  Create Campaign Steps/span_Campaign name")): Object: 'Object Repository/Choose packages/basic package/Page_AdRoot  Create Campaign Steps/span_Campaign name' is clicked on

2022-03-29 11:46:54 - [MESSAGE][PASSED] - Object: 'Object Repository/Choose packages/basic package/Page_AdRoot  Create Campaign Steps/span_Campaign name' is clicked on

2022-03-29 11:46:54 - [TEST_STEP][PASSED] - click(findTestObject("Object Repository/Choose packages/Page_AdRoot  Campaigns/div_Account")): Object: 'Object Repository/Choose packages/Page_AdRoot  Campaigns/div_Account' is clicked on

2022-03-29 11:46:56 - [MESSAGE][PASSED] - Object: 'Object Repository/Choose packages/Page_AdRoot  Campaigns/div_Account' is clicked on

2022-03-29 11:46:56 - [TEST_STEP][PASSED] - click(findTestObject("Object Repository/Choose packages/Page_AdRoot  Campaigns/div_My Account")): Object: 'Object Repository/Choose packages/Page_AdRoot  Campaigns/div_My Account' is clicked on

2022-03-29 11:46:58 - [MESSAGE][PASSED] - Object: 'Object Repository/Choose packages/Page_AdRoot  Campaigns/div_My Account' is clicked on

2022-03-29 11:46:58 - [TEST_STEP][PASSED] - click(findTestObject("Object Repository/Choose packages/Page_AdRoot  Campaigns/div_Account settings")): Object: 'Object Repository/Choose packages/Page_AdRoot  Campaigns/div_Account settings' is clicked on

2022-03-29 11:47:00 - [MESSAGE][PASSED] - Object: 'Object Repository/Choose packages/Page_AdRoot  Campaigns/div_Account settings' is clicked on

2022-03-29 11:47:00 - [TEST_STEP][PASSED] - click(findTestObject("Object Repository/Choose packages/Page_AdRoot  Campaigns/button_Delete my Account")): Object: 'Object Repository/Choose packages/Page_AdRoot  Campaigns/button_Delete my Account' is clicked on

2022-03-29 11:47:02 - [MESSAGE][PASSED] - Object: 'Object Repository/Choose packages/Page_AdRoot  Campaigns/button_Delete my Account' is clicked on

2022-03-29 11:47:02 - [TEST_STEP][PASSED] - click(findTestObject("Object Repository/Choose packages/Page_AdRoot  Dashboard/div_Fill in your password_input-content")): Object: 'Object Repository/Choose packages/Page_AdRoot  Dashboard/div_Fill in your password_input-content' is clicked on

2022-03-29 11:47:04 - [MESSAGE][PASSED] - Object: 'Object Repository/Choose packages/Page_AdRoot  Dashboard/div_Fill in your password_input-content' is clicked on

2022-03-29 11:47:04 - [TEST_STEP][PASSED] - setEncryptedText(findTestObject("Object Repository/Choose packages/Page_AdRoot  Dashboard/input_Fill in your password_custom-input"), "9juLMCYi8sYpY2Mrwe5diw=="): Text ****** has been set on object 'Object Repository/Choose packages/Page_AdRoot  Dashboard/input_Fill in your password_custom-input'

2022-03-29 11:47:06 - [MESSAGE][PASSED] - Text ****** has been set on object 'Object Repository/Choose packages/Page_AdRoot  Dashboard/input_Fill in your password_custom-input'

2022-03-29 11:47:06 - [TEST_STEP][PASSED] - click(findTestObject("Object Repository/Choose packages/Page_AdRoot  Campaigns/button_Deleting Account")): Object: 'Object Repository/Choose packages/Page_AdRoot  Campaigns/button_Deleting Account' is clicked on

2022-03-29 11:47:08 - [MESSAGE][PASSED] - Object: 'Object Repository/Choose packages/Page_AdRoot  Campaigns/button_Deleting Account' is clicked on

2022-03-29 11:47:08 - [TEST_STEP][PASSED] - verifyElementPresent(findTestObject("Object Repository/Choose packages/Page_AdRoot  Login/h2_Login into your account"), 0): Object 'Object Repository/Choose packages/Page_AdRoot  Login/h2_Login into your account' is present

2022-03-29 11:47:08 - [MESSAGE][WARNING] - Timeout '0' is invalid. Using default page load timeout: '30'

2022-03-29 11:47:10 - [MESSAGE][PASSED] - Object 'Object Repository/Choose packages/Page_AdRoot  Login/h2_Login into your account' is present

2022-03-29 11:47:10 - [TEST_STEP][PASSED] - closeBrowser(): Browser is closed

2022-03-29 11:47:11 - [MESSAGE][PASSED] - Browser is closed]]></system-out>
         <system-err><![CDATA[]]></system-err>
      </testcase>
      <testcase name="Test Cases/SignUp/Sign-up with email/SignUp with email and free" time="36.088" classname="Test Cases/SignUp/Sign-up with email/SignUp with email and free" status="PASSED">
         <system-out><![CDATA[2022-03-29 11:47:11 - [TEST_CASE][PASSED] - Test Cases/SignUp/Sign-up with email/SignUp with email and free: Test Cases/SignUp/Sign-up with email/SignUp with email and free

2022-03-29 11:47:12 - [TEST_STEP][PASSED] - openBrowser(""): Browser is opened with url: ''

2022-03-29 11:47:12 - [MESSAGE][INFO] - Starting 'Chrome' driver

2022-03-29 11:47:12 - [MESSAGE][INFO] - Action delay is set to 0 milliseconds

2022-03-29 11:47:13 - [MESSAGE][PASSED] - Browser is opened with url: ''

2022-03-29 11:47:13 - [TEST_STEP][PASSED] - setViewPortSize(1600, 900): Viewport is set to new size with width = 1600 and height = 900

2022-03-29 11:47:13 - [MESSAGE][PASSED] - Viewport is set to new size with width = 1600 and height = 900

2022-03-29 11:47:13 - [TEST_STEP][PASSED] - navigateToUrl("https://app.adroot.io/auth/signin"): Navigate to 'https://app.adroot.io/auth/signin' successfully

2022-03-29 11:47:16 - [MESSAGE][PASSED] - Navigate to 'https://app.adroot.io/auth/signin' successfully

2022-03-29 11:47:16 - [TEST_STEP][PASSED] - click(findTestObject("Object Repository/SignUp/Page_AdRoot  Login/a_Sign up now")): Object: 'Object Repository/SignUp/Page_AdRoot  Login/a_Sign up now' is clicked on

2022-03-29 11:47:16 - [MESSAGE][PASSED] - Object: 'Object Repository/SignUp/Page_AdRoot  Login/a_Sign up now' is clicked on

2022-03-29 11:47:16 - [TEST_STEP][PASSED] - setText(findTestObject("Object Repository/SignUp/Page_AdRoot  Sign up/input_First name_first_name"), "Ruzan"): Text 'Ruzan' is set on object 'Object Repository/SignUp/Page_AdRoot  Sign up/input_First name_first_name'

2022-03-29 11:47:18 - [MESSAGE][PASSED] - Text 'Ruzan' is set on object 'Object Repository/SignUp/Page_AdRoot  Sign up/input_First name_first_name'

2022-03-29 11:47:18 - [TEST_STEP][PASSED] - setText(findTestObject("Object Repository/SignUp/Page_AdRoot  Sign up/input_Last name_last_name"), "Test"): Text 'Test' is set on object 'Object Repository/SignUp/Page_AdRoot  Sign up/input_Last name_last_name'

2022-03-29 11:47:19 - [MESSAGE][PASSED] - Text 'Test' is set on object 'Object Repository/SignUp/Page_AdRoot  Sign up/input_Last name_last_name'

2022-03-29 11:47:19 - [TEST_STEP][PASSED] - setText(findTestObject("Object Repository/SignUp/Page_AdRoot  Sign up/input_E-mail_email"), "runayan@gmail.com"): Text 'runayan@gmail.com' is set on object 'Object Repository/SignUp/Page_AdRoot  Sign up/input_E-mail_email'

2022-03-29 11:47:19 - [MESSAGE][PASSED] - Text 'runayan@gmail.com' is set on object 'Object Repository/SignUp/Page_AdRoot  Sign up/input_E-mail_email'

2022-03-29 11:47:19 - [TEST_STEP][PASSED] - setEncryptedText(findTestObject("Object Repository/SignUp/Page_AdRoot  Sign up/input_Password_password"), "9juLMCYi8sYpY2Mrwe5diw=="): Text ****** has been set on object 'Object Repository/SignUp/Page_AdRoot  Sign up/input_Password_password'

2022-03-29 11:47:20 - [MESSAGE][PASSED] - Text ****** has been set on object 'Object Repository/SignUp/Page_AdRoot  Sign up/input_Password_password'

2022-03-29 11:47:20 - [TEST_STEP][PASSED] - setEncryptedText(findTestObject("Object Repository/SignUp/Page_AdRoot  Sign up/input_Confirm password_confirm"), "9juLMCYi8sYpY2Mrwe5diw=="): Text ****** has been set on object 'Object Repository/SignUp/Page_AdRoot  Sign up/input_Confirm password_confirm'

2022-03-29 11:47:21 - [MESSAGE][PASSED] - Text ****** has been set on object 'Object Repository/SignUp/Page_AdRoot  Sign up/input_Confirm password_confirm'

2022-03-29 11:47:21 - [TEST_STEP][PASSED] - click(findTestObject("Object Repository/SignUp/Page_AdRoot  Sign up/div_Confirm password_checkbox")): Object: 'Object Repository/SignUp/Page_AdRoot  Sign up/div_Confirm password_checkbox' is clicked on

2022-03-29 11:47:21 - [MESSAGE][PASSED] - Object: 'Object Repository/SignUp/Page_AdRoot  Sign up/div_Confirm password_checkbox' is clicked on

2022-03-29 11:47:21 - [TEST_STEP][PASSED] - click(findTestObject("SignUp/SignUp with email/Page_AdRoot  Sign up/button_Sign up")): Object: 'Object Repository/SignUp/SignUp with email/Page_AdRoot  Sign up/button_Sign up' is clicked on

2022-03-29 11:47:21 - [MESSAGE][PASSED] - Object: 'Object Repository/SignUp/SignUp with email/Page_AdRoot  Sign up/button_Sign up' is clicked on

2022-03-29 11:47:21 - [TEST_STEP][PASSED] - Ms = verifyTextPresent("The E-mail address exists.", false): Text 'The E-mail address exists.' is present on page 

2022-03-29 11:47:22 - [MESSAGE][PASSED] - Text 'The E-mail address exists.' is present on page 

2022-03-29 11:47:22 - [TEST_STEP][PASSED] - if (Ms.equals("true")): Keys 'ENTER + ' sent to object: 'Object Repository/SignUp/SignUp with email/Page_AdRoot  Sign up/button_Sign up'

2022-03-29 11:47:22 - [TEST_STEP][PASSED] - RN = <not implemented yet for class: org.codehaus.groovy.ast.expr.EmptyExpression>: null

2022-03-29 11:47:22 - [TEST_STEP][PASSED] - RN = Math.random() * 500: null

2022-03-29 11:47:22 - [TEST_STEP][PASSED] - setText(findTestObject("Object Repository/SignUp/Page_AdRoot  Sign up/input_E-mail_email"), "runayan" + RN + "@gmail.com"): Text 'runayan42@gmail.com' is set on object 'Object Repository/SignUp/Page_AdRoot  Sign up/input_E-mail_email'

2022-03-29 11:47:23 - [MESSAGE][PASSED] - Text 'runayan42@gmail.com' is set on object 'Object Repository/SignUp/Page_AdRoot  Sign up/input_E-mail_email'

2022-03-29 11:47:23 - [TEST_STEP][PASSED] - sendKeys(findTestObject("SignUp/SignUp with email/Page_AdRoot  Sign up/button_Sign up"), Keys.chord(ENTER)): Keys 'ENTER + ' sent to object: 'Object Repository/SignUp/SignUp with email/Page_AdRoot  Sign up/button_Sign up'

2022-03-29 11:47:23 - [MESSAGE][PASSED] - Keys 'ENTER + ' sent to object: 'Object Repository/SignUp/SignUp with email/Page_AdRoot  Sign up/button_Sign up'

2022-03-29 11:47:23 - [TEST_STEP][PASSED] - click(findTestObject("Choose packages/free package/Page_AdRoot  Sign up/button_Sign up_1")): Object: 'Object Repository/Choose packages/free package/Page_AdRoot  Sign up/button_Sign up_1' is clicked on

2022-03-29 11:47:24 - [MESSAGE][PASSED] - Object: 'Object Repository/Choose packages/free package/Page_AdRoot  Sign up/button_Sign up_1' is clicked on

2022-03-29 11:47:24 - [TEST_STEP][PASSED] - click(findTestObject("Object Repository/Choose packages/basic package/Page_AdRoot  Dashboard/a_Campaigns")): Object: 'Object Repository/Choose packages/basic package/Page_AdRoot  Dashboard/a_Campaigns' is clicked on

2022-03-29 11:47:39 - [MESSAGE][PASSED] - Object: 'Object Repository/Choose packages/basic package/Page_AdRoot  Dashboard/a_Campaigns' is clicked on

2022-03-29 11:47:39 - [TEST_STEP][PASSED] - click(findTestObject("Object Repository/Choose packages/basic package/Page_AdRoot  Campaigns/div_Create")): Object: 'Object Repository/Choose packages/basic package/Page_AdRoot  Campaigns/div_Create' is clicked on

2022-03-29 11:47:40 - [MESSAGE][PASSED] - Object: 'Object Repository/Choose packages/basic package/Page_AdRoot  Campaigns/div_Create' is clicked on

2022-03-29 11:47:40 - [TEST_STEP][PASSED] - click(findTestObject("Object Repository/Choose packages/basic package/Page_AdRoot  Create Campaign Steps/span_Campaign name")): Object: 'Object Repository/Choose packages/basic package/Page_AdRoot  Create Campaign Steps/span_Campaign name' is clicked on

2022-03-29 11:47:42 - [MESSAGE][PASSED] - Object: 'Object Repository/Choose packages/basic package/Page_AdRoot  Create Campaign Steps/span_Campaign name' is clicked on

2022-03-29 11:47:42 - [TEST_STEP][PASSED] - click(findTestObject("Object Repository/Choose packages/Page_AdRoot  Campaigns/div_Account")): Object: 'Object Repository/Choose packages/Page_AdRoot  Campaigns/div_Account' is clicked on

2022-03-29 11:47:42 - [MESSAGE][PASSED] - Object: 'Object Repository/Choose packages/Page_AdRoot  Campaigns/div_Account' is clicked on

2022-03-29 11:47:42 - [TEST_STEP][PASSED] - click(findTestObject("Object Repository/Choose packages/Page_AdRoot  Campaigns/div_My Account")): Object: 'Object Repository/Choose packages/Page_AdRoot  Campaigns/div_My Account' is clicked on

2022-03-29 11:47:42 - [MESSAGE][PASSED] - Object: 'Object Repository/Choose packages/Page_AdRoot  Campaigns/div_My Account' is clicked on

2022-03-29 11:47:42 - [TEST_STEP][PASSED] - click(findTestObject("Object Repository/Choose packages/Page_AdRoot  Campaigns/div_Account settings")): Object: 'Object Repository/Choose packages/Page_AdRoot  Campaigns/div_Account settings' is clicked on

2022-03-29 11:47:43 - [MESSAGE][PASSED] - Object: 'Object Repository/Choose packages/Page_AdRoot  Campaigns/div_Account settings' is clicked on

2022-03-29 11:47:43 - [TEST_STEP][PASSED] - click(findTestObject("Object Repository/Choose packages/Page_AdRoot  Campaigns/button_Delete my Account")): Object: 'Object Repository/Choose packages/Page_AdRoot  Campaigns/button_Delete my Account' is clicked on

2022-03-29 11:47:44 - [MESSAGE][PASSED] - Object: 'Object Repository/Choose packages/Page_AdRoot  Campaigns/button_Delete my Account' is clicked on

2022-03-29 11:47:44 - [TEST_STEP][PASSED] - click(findTestObject("Object Repository/Choose packages/Page_AdRoot  Dashboard/div_Fill in your password_input-content")): Object: 'Object Repository/Choose packages/Page_AdRoot  Dashboard/div_Fill in your password_input-content' is clicked on

2022-03-29 11:47:45 - [MESSAGE][PASSED] - Object: 'Object Repository/Choose packages/Page_AdRoot  Dashboard/div_Fill in your password_input-content' is clicked on

2022-03-29 11:47:45 - [TEST_STEP][PASSED] - setEncryptedText(findTestObject("Object Repository/Choose packages/Page_AdRoot  Dashboard/input_Fill in your password_custom-input"), "9juLMCYi8sYpY2Mrwe5diw=="): Text ****** has been set on object 'Object Repository/Choose packages/Page_AdRoot  Dashboard/input_Fill in your password_custom-input'

2022-03-29 11:47:45 - [MESSAGE][PASSED] - Text ****** has been set on object 'Object Repository/Choose packages/Page_AdRoot  Dashboard/input_Fill in your password_custom-input'

2022-03-29 11:47:45 - [TEST_STEP][PASSED] - click(findTestObject("Object Repository/Choose packages/Page_AdRoot  Campaigns/button_Deleting Account")): Object: 'Object Repository/Choose packages/Page_AdRoot  Campaigns/button_Deleting Account' is clicked on

2022-03-29 11:47:45 - [MESSAGE][PASSED] - Object: 'Object Repository/Choose packages/Page_AdRoot  Campaigns/button_Deleting Account' is clicked on

2022-03-29 11:47:45 - [TEST_STEP][PASSED] - verifyElementPresent(findTestObject("Object Repository/Choose packages/Page_AdRoot  Login/h2_Login into your account"), 0): Object 'Object Repository/Choose packages/Page_AdRoot  Login/h2_Login into your account' is present

2022-03-29 11:47:45 - [MESSAGE][WARNING] - Timeout '0' is invalid. Using default page load timeout: '30'

2022-03-29 11:47:46 - [MESSAGE][PASSED] - Object 'Object Repository/Choose packages/Page_AdRoot  Login/h2_Login into your account' is present

2022-03-29 11:47:46 - [TEST_STEP][PASSED] - closeBrowser(): Browser is closed

2022-03-29 11:47:47 - [MESSAGE][PASSED] - Browser is closed]]></system-out>
         <system-err><![CDATA[]]></system-err>
      </testcase>
      <testcase name="Test Cases/SignUp/Sign-up with email/SignUp with email and skip" time="24.556" classname="Test Cases/SignUp/Sign-up with email/SignUp with email and skip" status="PASSED">
         <system-out><![CDATA[2022-03-29 11:47:47 - [TEST_CASE][PASSED] - Test Cases/SignUp/Sign-up with email/SignUp with email and skip: Test Cases/SignUp/Sign-up with email/SignUp with email and skip

2022-03-29 11:47:47 - [TEST_STEP][PASSED] - openBrowser(""): Browser is opened with url: ''

2022-03-29 11:47:47 - [MESSAGE][INFO] - Starting 'Chrome' driver

2022-03-29 11:47:47 - [MESSAGE][INFO] - Action delay is set to 0 milliseconds

2022-03-29 11:47:49 - [MESSAGE][PASSED] - Browser is opened with url: ''

2022-03-29 11:47:49 - [TEST_STEP][PASSED] - setViewPortSize(1600, 900): Viewport is set to new size with width = 1600 and height = 900

2022-03-29 11:47:49 - [MESSAGE][PASSED] - Viewport is set to new size with width = 1600 and height = 900

2022-03-29 11:47:49 - [TEST_STEP][PASSED] - navigateToUrl("https://app.adroot.io/auth/signin"): Navigate to 'https://app.adroot.io/auth/signin' successfully

2022-03-29 11:47:52 - [MESSAGE][PASSED] - Navigate to 'https://app.adroot.io/auth/signin' successfully

2022-03-29 11:47:52 - [TEST_STEP][PASSED] - click(findTestObject("Object Repository/SignUp/Page_AdRoot  Login/a_Sign up now")): Object: 'Object Repository/SignUp/Page_AdRoot  Login/a_Sign up now' is clicked on

2022-03-29 11:47:52 - [MESSAGE][PASSED] - Object: 'Object Repository/SignUp/Page_AdRoot  Login/a_Sign up now' is clicked on

2022-03-29 11:47:52 - [TEST_STEP][PASSED] - setText(findTestObject("Object Repository/SignUp/Page_AdRoot  Sign up/input_First name_first_name"), "Ruzan"): Text 'Ruzan' is set on object 'Object Repository/SignUp/Page_AdRoot  Sign up/input_First name_first_name'

2022-03-29 11:47:54 - [MESSAGE][PASSED] - Text 'Ruzan' is set on object 'Object Repository/SignUp/Page_AdRoot  Sign up/input_First name_first_name'

2022-03-29 11:47:54 - [TEST_STEP][PASSED] - setText(findTestObject("Object Repository/SignUp/Page_AdRoot  Sign up/input_Last name_last_name"), "Test"): Text 'Test' is set on object 'Object Repository/SignUp/Page_AdRoot  Sign up/input_Last name_last_name'

2022-03-29 11:47:54 - [MESSAGE][PASSED] - Text 'Test' is set on object 'Object Repository/SignUp/Page_AdRoot  Sign up/input_Last name_last_name'

2022-03-29 11:47:54 - [TEST_STEP][PASSED] - setText(findTestObject("Object Repository/SignUp/Page_AdRoot  Sign up/input_E-mail_email"), "runayan@gmail.com"): Text 'runayan@gmail.com' is set on object 'Object Repository/SignUp/Page_AdRoot  Sign up/input_E-mail_email'

2022-03-29 11:47:55 - [MESSAGE][PASSED] - Text 'runayan@gmail.com' is set on object 'Object Repository/SignUp/Page_AdRoot  Sign up/input_E-mail_email'

2022-03-29 11:47:55 - [TEST_STEP][PASSED] - setEncryptedText(findTestObject("Object Repository/SignUp/Page_AdRoot  Sign up/input_Password_password"), "9juLMCYi8sYpY2Mrwe5diw=="): Text ****** has been set on object 'Object Repository/SignUp/Page_AdRoot  Sign up/input_Password_password'

2022-03-29 11:47:56 - [MESSAGE][PASSED] - Text ****** has been set on object 'Object Repository/SignUp/Page_AdRoot  Sign up/input_Password_password'

2022-03-29 11:47:56 - [TEST_STEP][PASSED] - setEncryptedText(findTestObject("Object Repository/SignUp/Page_AdRoot  Sign up/input_Confirm password_confirm"), "9juLMCYi8sYpY2Mrwe5diw=="): Text ****** has been set on object 'Object Repository/SignUp/Page_AdRoot  Sign up/input_Confirm password_confirm'

2022-03-29 11:47:57 - [MESSAGE][PASSED] - Text ****** has been set on object 'Object Repository/SignUp/Page_AdRoot  Sign up/input_Confirm password_confirm'

2022-03-29 11:47:57 - [TEST_STEP][PASSED] - click(findTestObject("Object Repository/SignUp/Page_AdRoot  Sign up/div_Confirm password_checkbox")): Object: 'Object Repository/SignUp/Page_AdRoot  Sign up/div_Confirm password_checkbox' is clicked on

2022-03-29 11:47:57 - [MESSAGE][PASSED] - Object: 'Object Repository/SignUp/Page_AdRoot  Sign up/div_Confirm password_checkbox' is clicked on

2022-03-29 11:47:57 - [TEST_STEP][PASSED] - click(findTestObject("SignUp/SignUp with email/Page_AdRoot  Sign up/button_Sign up")): Object: 'Object Repository/SignUp/SignUp with email/Page_AdRoot  Sign up/button_Sign up' is clicked on

2022-03-29 11:47:57 - [MESSAGE][PASSED] - Object: 'Object Repository/SignUp/SignUp with email/Page_AdRoot  Sign up/button_Sign up' is clicked on

2022-03-29 11:47:57 - [TEST_STEP][PASSED] - Ms = verifyTextPresent("The E-mail address exists.", false): Text 'The E-mail address exists.' is present on page 

2022-03-29 11:47:58 - [MESSAGE][PASSED] - Text 'The E-mail address exists.' is present on page 

2022-03-29 11:47:58 - [TEST_STEP][PASSED] - if (Ms.equals("true")): Keys 'ENTER + ' sent to object: 'Object Repository/SignUp/SignUp with email/Page_AdRoot  Sign up/button_Sign up'

2022-03-29 11:47:58 - [TEST_STEP][PASSED] - RN = <not implemented yet for class: org.codehaus.groovy.ast.expr.EmptyExpression>: null

2022-03-29 11:47:58 - [TEST_STEP][PASSED] - RN = Math.random() * 500: null

2022-03-29 11:47:58 - [TEST_STEP][PASSED] - setText(findTestObject("Object Repository/SignUp/Page_AdRoot  Sign up/input_E-mail_email"), "runayan" + RN + "@gmail.com"): Text 'runayan492@gmail.com' is set on object 'Object Repository/SignUp/Page_AdRoot  Sign up/input_E-mail_email'

2022-03-29 11:47:59 - [MESSAGE][PASSED] - Text 'runayan492@gmail.com' is set on object 'Object Repository/SignUp/Page_AdRoot  Sign up/input_E-mail_email'

2022-03-29 11:47:59 - [TEST_STEP][PASSED] - sendKeys(findTestObject("SignUp/SignUp with email/Page_AdRoot  Sign up/button_Sign up"), Keys.chord(ENTER)): Keys 'ENTER + ' sent to object: 'Object Repository/SignUp/SignUp with email/Page_AdRoot  Sign up/button_Sign up'

2022-03-29 11:47:59 - [MESSAGE][PASSED] - Keys 'ENTER + ' sent to object: 'Object Repository/SignUp/SignUp with email/Page_AdRoot  Sign up/button_Sign up'

2022-03-29 11:47:59 - [TEST_STEP][PASSED] - click(findTestObject("Object Repository/Choose packages/Page_AdRoot  Sign up/button_Skip Payment")): Object: 'Object Repository/Choose packages/Page_AdRoot  Sign up/button_Skip Payment' is clicked on

2022-03-29 11:48:00 - [MESSAGE][PASSED] - Object: 'Object Repository/Choose packages/Page_AdRoot  Sign up/button_Skip Payment' is clicked on

2022-03-29 11:48:00 - [TEST_STEP][PASSED] - click(findTestObject("Object Repository/Choose packages/Page_AdRoot  Dashboard/a_Campaigns")): Object: 'Object Repository/Choose packages/Page_AdRoot  Dashboard/a_Campaigns' is clicked on

2022-03-29 11:48:04 - [MESSAGE][PASSED] - Object: 'Object Repository/Choose packages/Page_AdRoot  Dashboard/a_Campaigns' is clicked on

2022-03-29 11:48:04 - [TEST_STEP][PASSED] - click(findTestObject("Object Repository/Choose packages/Page_AdRoot  Campaigns/div_Create")): Object: 'Object Repository/Choose packages/Page_AdRoot  Campaigns/div_Create' is clicked on

2022-03-29 11:48:05 - [MESSAGE][PASSED] - Object: 'Object Repository/Choose packages/Page_AdRoot  Campaigns/div_Create' is clicked on

2022-03-29 11:48:05 - [TEST_STEP][PASSED] - verifyElementPresent(findTestObject("Object Repository/Choose packages/Page_AdRoot  Campaigns/div_You cant create campaign because on acc_55a7b4"), 0): Object 'Object Repository/Choose packages/Page_AdRoot  Campaigns/div_You cant create campaign because on acc_55a7b4' is present

2022-03-29 11:48:05 - [MESSAGE][WARNING] - Timeout '0' is invalid. Using default page load timeout: '30'

2022-03-29 11:48:05 - [MESSAGE][PASSED] - Object 'Object Repository/Choose packages/Page_AdRoot  Campaigns/div_You cant create campaign because on acc_55a7b4' is present

2022-03-29 11:48:05 - [TEST_STEP][PASSED] - click(findTestObject("Object Repository/Choose packages/Page_AdRoot  Campaigns/div_")): Object: 'Object Repository/Choose packages/Page_AdRoot  Campaigns/div_' is clicked on

2022-03-29 11:48:06 - [MESSAGE][PASSED] - Object: 'Object Repository/Choose packages/Page_AdRoot  Campaigns/div_' is clicked on

2022-03-29 11:48:06 - [TEST_STEP][PASSED] - click(findTestObject("Object Repository/Choose packages/Page_AdRoot  Campaigns/div_Account")): Object: 'Object Repository/Choose packages/Page_AdRoot  Campaigns/div_Account' is clicked on

2022-03-29 11:48:07 - [MESSAGE][PASSED] - Object: 'Object Repository/Choose packages/Page_AdRoot  Campaigns/div_Account' is clicked on

2022-03-29 11:48:07 - [TEST_STEP][PASSED] - click(findTestObject("Object Repository/Choose packages/Page_AdRoot  Campaigns/div_My Account")): Object: 'Object Repository/Choose packages/Page_AdRoot  Campaigns/div_My Account' is clicked on

2022-03-29 11:48:07 - [MESSAGE][PASSED] - Object: 'Object Repository/Choose packages/Page_AdRoot  Campaigns/div_My Account' is clicked on

2022-03-29 11:48:07 - [TEST_STEP][PASSED] - click(findTestObject("Object Repository/Choose packages/Page_AdRoot  Campaigns/div_Account settings")): Object: 'Object Repository/Choose packages/Page_AdRoot  Campaigns/div_Account settings' is clicked on

2022-03-29 11:48:08 - [MESSAGE][PASSED] - Object: 'Object Repository/Choose packages/Page_AdRoot  Campaigns/div_Account settings' is clicked on

2022-03-29 11:48:08 - [TEST_STEP][PASSED] - click(findTestObject("Object Repository/Choose packages/Page_AdRoot  Campaigns/button_Delete my Account")): Object: 'Object Repository/Choose packages/Page_AdRoot  Campaigns/button_Delete my Account' is clicked on

2022-03-29 11:48:09 - [MESSAGE][PASSED] - Object: 'Object Repository/Choose packages/Page_AdRoot  Campaigns/button_Delete my Account' is clicked on

2022-03-29 11:48:09 - [TEST_STEP][PASSED] - click(findTestObject("Object Repository/Choose packages/Page_AdRoot  Dashboard/div_Fill in your password_input-content")): Object: 'Object Repository/Choose packages/Page_AdRoot  Dashboard/div_Fill in your password_input-content' is clicked on

2022-03-29 11:48:09 - [MESSAGE][PASSED] - Object: 'Object Repository/Choose packages/Page_AdRoot  Dashboard/div_Fill in your password_input-content' is clicked on

2022-03-29 11:48:09 - [TEST_STEP][PASSED] - setEncryptedText(findTestObject("Object Repository/Choose packages/Page_AdRoot  Dashboard/input_Fill in your password_custom-input"), "9juLMCYi8sYpY2Mrwe5diw=="): Text ****** has been set on object 'Object Repository/Choose packages/Page_AdRoot  Dashboard/input_Fill in your password_custom-input'

2022-03-29 11:48:09 - [MESSAGE][PASSED] - Text ****** has been set on object 'Object Repository/Choose packages/Page_AdRoot  Dashboard/input_Fill in your password_custom-input'

2022-03-29 11:48:09 - [TEST_STEP][PASSED] - click(findTestObject("Object Repository/Choose packages/Page_AdRoot  Campaigns/button_Deleting Account")): Object: 'Object Repository/Choose packages/Page_AdRoot  Campaigns/button_Deleting Account' is clicked on

2022-03-29 11:48:10 - [MESSAGE][PASSED] - Object: 'Object Repository/Choose packages/Page_AdRoot  Campaigns/button_Deleting Account' is clicked on

2022-03-29 11:48:10 - [TEST_STEP][PASSED] - verifyElementPresent(findTestObject("Object Repository/Choose packages/Page_AdRoot  Login/h2_Login into your account"), 0): Object 'Object Repository/Choose packages/Page_AdRoot  Login/h2_Login into your account' is present

2022-03-29 11:48:10 - [MESSAGE][WARNING] - Timeout '0' is invalid. Using default page load timeout: '30'

2022-03-29 11:48:11 - [MESSAGE][PASSED] - Object 'Object Repository/Choose packages/Page_AdRoot  Login/h2_Login into your account' is present

2022-03-29 11:48:11 - [TEST_STEP][PASSED] - closeBrowser(): Browser is closed

2022-03-29 11:48:12 - [MESSAGE][PASSED] - Browser is closed]]></system-out>
         <system-err><![CDATA[]]></system-err>
      </testcase>
      <system-out><![CDATA[2022-03-29 11:44:27 - [TEST_SUITE][FAILED] - SignUp with packages: Test Cases/SignUp/Sign-up with email/Sig-up email-free-from landing FAILED.
Reason:
com.kms.katalon.core.exception.StepFailedException: Unable to click on object 'Object Repository/Choose packages/basic package/Page_AdRoot  Dashboard/a_Campaigns'
	at com.kms.katalon.core.webui.keyword.internal.WebUIKeywordMain.stepFailed(WebUIKeywordMain.groovy:64)
	at com.kms.katalon.core.webui.keyword.internal.WebUIKeywordMain.runKeyword(WebUIKeywordMain.groovy:26)
	at com.kms.katalon.core.webui.keyword.builtin.ClickKeyword.click(ClickKeyword.groovy:74)
	at com.kms.katalon.core.webui.keyword.builtin.ClickKeyword.execute(ClickKeyword.groovy:40)
	at com.kms.katalon.core.keyword.internal.KeywordExecutor.executeKeywordForPlatform(KeywordExecutor.groovy:74)
	at com.kms.katalon.core.webui.keyword.WebUiBuiltInKeywords.click(WebUiBuiltInKeywords.groovy:620)
	at com.kms.katalon.core.webui.keyword.WebUiBuiltInKeywords$click$2.call(Unknown Source)
	at Sig-up email-free-from landing.run(Sig-up email-free-from landing:61)
	at com.kms.katalon.core.main.ScriptEngine.run(ScriptEngine.java:194)
	at com.kms.katalon.core.main.ScriptEngine.runScriptAsRawText(ScriptEngine.java:119)
	at com.kms.katalon.core.main.TestCaseExecutor.runScript(TestCaseExecutor.java:442)
	at com.kms.katalon.core.main.TestCaseExecutor.doExecute(TestCaseExecutor.java:433)
	at com.kms.katalon.core.main.TestCaseExecutor.processExecutionPhase(TestCaseExecutor.java:412)
	at com.kms.katalon.core.main.TestCaseExecutor.accessMainPhase(TestCaseExecutor.java:404)
	at com.kms.katalon.core.main.TestCaseExecutor.execute(TestCaseExecutor.java:281)
	at com.kms.katalon.core.main.TestSuiteExecutor.accessTestCaseMainPhase(TestSuiteExecutor.java:202)
	at com.kms.katalon.core.main.TestSuiteExecutor.accessTestSuiteMainPhase(TestSuiteExecutor.java:164)
	at com.kms.katalon.core.main.TestSuiteExecutor.execute(TestSuiteExecutor.java:105)
	at com.kms.katalon.core.main.TestCaseMain.startTestSuite(TestCaseMain.java:185)
	at com.kms.katalon.core.main.TestCaseMain$startTestSuite$0.call(Unknown Source)
	at TempTestSuite1648539861514.run(TempTestSuite1648539861514.groovy:36)
Caused by: org.openqa.selenium.ElementClickInterceptedException: element click intercepted: Element <a href="/advertiser/social-media/campaigns">...</a> is not clickable at point (654, 29). Other element would receive the click: <div class="popup popup-large-size ">...</div>
  (Session info: chrome=99.0.4844.84)
Build info: version: '3.141.59', revision: 'e82be7d358', time: '2018-11-14T08:25:53'
System info: host: 'GORSPC', ip: '192.168.0.106', os.name: 'Windows 10', os.arch: 'amd64', os.version: '10.0', java.version: '1.8.0_282'
Driver info: com.kms.katalon.selenium.driver.CChromeDriver
Capabilities {acceptInsecureCerts: false, browserName: chrome, browserVersion: 99.0.4844.84, chrome: {chromedriverVersion: 99.0.4844.51 (d537ec02474b5..., userDataDir: C:\Users\AdRoot_PC2\AppData...}, goog:chromeOptions: {debuggerAddress: localhost:55980}, javascriptEnabled: true, networkConnectionEnabled: false, pageLoadStrategy: normal, platform: WINDOWS, platformName: WINDOWS, proxy: Proxy(), setWindowRect: true, strictFileInteractability: false, timeouts: {implicit: 0, pageLoad: 300000, script: 30000}, unhandledPromptBehavior: dismiss and notify, webauthn:extension:credBlob: true, webauthn:extension:largeBlob: true, webauthn:virtualAuthenticators: true}
Session ID: d91e2a28ebb68655b043e66b2462c327
	at org.openqa.selenium.remote.http.W3CHttpResponseCodec.createException(W3CHttpResponseCodec.java:187)
	at org.openqa.selenium.remote.http.W3CHttpResponseCodec.decode(W3CHttpResponseCodec.java:122)
	at org.openqa.selenium.remote.http.W3CHttpResponseCodec.decode(W3CHttpResponseCodec.java:49)
	at org.openqa.selenium.remote.HttpCommandExecutor.execute(HttpCommandExecutor.java:158)
	at org.openqa.selenium.remote.service.DriverCommandExecutor.execute(DriverCommandExecutor.java:83)
	at org.openqa.selenium.remote.RemoteWebDriver.execute(RemoteWebDriver.java:552)
	at com.kms.katalon.selenium.driver.CChromeDriver.execute(CChromeDriver.java:19)
	at org.openqa.selenium.remote.RemoteWebElement.execute(RemoteWebElement.java:285)
	at org.openqa.selenium.remote.RemoteWebElement.click(RemoteWebElement.java:84)
	at org.openqa.selenium.support.events.EventFiringWebDriver$EventFiringWebElement.lambda$new$0(EventFiringWebDriver.java:404)
	at com.sun.proxy.$Proxy11.click(Unknown Source)
	at org.openqa.selenium.support.events.EventFiringWebDriver$EventFiringWebElement.click(EventFiringWebDriver.java:417)
	at org.openqa.selenium.WebElement$click.call(Unknown Source)
	at com.kms.katalon.core.webui.keyword.builtin.ClickKeyword.clickUntilSuccessWithTimeout(ClickKeyword.groovy:81)
	at com.kms.katalon.core.webui.keyword.builtin.ClickKeyword.clickUntilSuccessWithTimeout(ClickKeyword.groovy)
	at com.kms.katalon.core.webui.keyword.builtin.ClickKeyword$_click_closure1.doCall(ClickKeyword.groovy:67)
	at com.kms.katalon.core.webui.keyword.builtin.ClickKeyword$_click_closure1.call(ClickKeyword.groovy)
	at com.kms.katalon.core.webui.keyword.internal.WebUIKeywordMain.runKeyword(WebUIKeywordMain.groovy:20)
	... 19 more]]></system-out>
      <system-err><![CDATA[2022-03-29 11:44:27 - [TEST_SUITE][FAILED] - SignUp with packages: Test Cases/SignUp/Sign-up with email/Sig-up email-free-from landing FAILED.
Reason:
com.kms.katalon.core.exception.StepFailedException: Unable to click on object 'Object Repository/Choose packages/basic package/Page_AdRoot  Dashboard/a_Campaigns'
	at com.kms.katalon.core.webui.keyword.internal.WebUIKeywordMain.stepFailed(WebUIKeywordMain.groovy:64)
	at com.kms.katalon.core.webui.keyword.internal.WebUIKeywordMain.runKeyword(WebUIKeywordMain.groovy:26)
	at com.kms.katalon.core.webui.keyword.builtin.ClickKeyword.click(ClickKeyword.groovy:74)
	at com.kms.katalon.core.webui.keyword.builtin.ClickKeyword.execute(ClickKeyword.groovy:40)
	at com.kms.katalon.core.keyword.internal.KeywordExecutor.executeKeywordForPlatform(KeywordExecutor.groovy:74)
	at com.kms.katalon.core.webui.keyword.WebUiBuiltInKeywords.click(WebUiBuiltInKeywords.groovy:620)
	at com.kms.katalon.core.webui.keyword.WebUiBuiltInKeywords$click$2.call(Unknown Source)
	at Sig-up email-free-from landing.run(Sig-up email-free-from landing:61)
	at com.kms.katalon.core.main.ScriptEngine.run(ScriptEngine.java:194)
	at com.kms.katalon.core.main.ScriptEngine.runScriptAsRawText(ScriptEngine.java:119)
	at com.kms.katalon.core.main.TestCaseExecutor.runScript(TestCaseExecutor.java:442)
	at com.kms.katalon.core.main.TestCaseExecutor.doExecute(TestCaseExecutor.java:433)
	at com.kms.katalon.core.main.TestCaseExecutor.processExecutionPhase(TestCaseExecutor.java:412)
	at com.kms.katalon.core.main.TestCaseExecutor.accessMainPhase(TestCaseExecutor.java:404)
	at com.kms.katalon.core.main.TestCaseExecutor.execute(TestCaseExecutor.java:281)
	at com.kms.katalon.core.main.TestSuiteExecutor.accessTestCaseMainPhase(TestSuiteExecutor.java:202)
	at com.kms.katalon.core.main.TestSuiteExecutor.accessTestSuiteMainPhase(TestSuiteExecutor.java:164)
	at com.kms.katalon.core.main.TestSuiteExecutor.execute(TestSuiteExecutor.java:105)
	at com.kms.katalon.core.main.TestCaseMain.startTestSuite(TestCaseMain.java:185)
	at com.kms.katalon.core.main.TestCaseMain$startTestSuite$0.call(Unknown Source)
	at TempTestSuite1648539861514.run(TempTestSuite1648539861514.groovy:36)
Caused by: org.openqa.selenium.ElementClickInterceptedException: element click intercepted: Element <a href="/advertiser/social-media/campaigns">...</a> is not clickable at point (654, 29). Other element would receive the click: <div class="popup popup-large-size ">...</div>
  (Session info: chrome=99.0.4844.84)
Build info: version: '3.141.59', revision: 'e82be7d358', time: '2018-11-14T08:25:53'
System info: host: 'GORSPC', ip: '192.168.0.106', os.name: 'Windows 10', os.arch: 'amd64', os.version: '10.0', java.version: '1.8.0_282'
Driver info: com.kms.katalon.selenium.driver.CChromeDriver
Capabilities {acceptInsecureCerts: false, browserName: chrome, browserVersion: 99.0.4844.84, chrome: {chromedriverVersion: 99.0.4844.51 (d537ec02474b5..., userDataDir: C:\Users\AdRoot_PC2\AppData...}, goog:chromeOptions: {debuggerAddress: localhost:55980}, javascriptEnabled: true, networkConnectionEnabled: false, pageLoadStrategy: normal, platform: WINDOWS, platformName: WINDOWS, proxy: Proxy(), setWindowRect: true, strictFileInteractability: false, timeouts: {implicit: 0, pageLoad: 300000, script: 30000}, unhandledPromptBehavior: dismiss and notify, webauthn:extension:credBlob: true, webauthn:extension:largeBlob: true, webauthn:virtualAuthenticators: true}
Session ID: d91e2a28ebb68655b043e66b2462c327
	at org.openqa.selenium.remote.http.W3CHttpResponseCodec.createException(W3CHttpResponseCodec.java:187)
	at org.openqa.selenium.remote.http.W3CHttpResponseCodec.decode(W3CHttpResponseCodec.java:122)
	at org.openqa.selenium.remote.http.W3CHttpResponseCodec.decode(W3CHttpResponseCodec.java:49)
	at org.openqa.selenium.remote.HttpCommandExecutor.execute(HttpCommandExecutor.java:158)
	at org.openqa.selenium.remote.service.DriverCommandExecutor.execute(DriverCommandExecutor.java:83)
	at org.openqa.selenium.remote.RemoteWebDriver.execute(RemoteWebDriver.java:552)
	at com.kms.katalon.selenium.driver.CChromeDriver.execute(CChromeDriver.java:19)
	at org.openqa.selenium.remote.RemoteWebElement.execute(RemoteWebElement.java:285)
	at org.openqa.selenium.remote.RemoteWebElement.click(RemoteWebElement.java:84)
	at org.openqa.selenium.support.events.EventFiringWebDriver$EventFiringWebElement.lambda$new$0(EventFiringWebDriver.java:404)
	at com.sun.proxy.$Proxy11.click(Unknown Source)
	at org.openqa.selenium.support.events.EventFiringWebDriver$EventFiringWebElement.click(EventFiringWebDriver.java:417)
	at org.openqa.selenium.WebElement$click.call(Unknown Source)
	at com.kms.katalon.core.webui.keyword.builtin.ClickKeyword.clickUntilSuccessWithTimeout(ClickKeyword.groovy:81)
	at com.kms.katalon.core.webui.keyword.builtin.ClickKeyword.clickUntilSuccessWithTimeout(ClickKeyword.groovy)
	at com.kms.katalon.core.webui.keyword.builtin.ClickKeyword$_click_closure1.doCall(ClickKeyword.groovy:67)
	at com.kms.katalon.core.webui.keyword.builtin.ClickKeyword$_click_closure1.call(ClickKeyword.groovy)
	at com.kms.katalon.core.webui.keyword.internal.WebUIKeywordMain.runKeyword(WebUIKeywordMain.groovy:20)
	... 19 more]]></system-err>
   </testsuite>
</testsuites>
